#
# There is insufficient memory for the Java Runtime Environment to continue.
# Native memory allocation (malloc) failed to allocate 836144 bytes for Chunk::new
# Possible reasons:
#   The system is out of physical RAM or swap space
#   In 32 bit mode, the process size limit was hit
# Possible solutions:
#   Reduce memory load on the system
#   Increase physical memory or swap space
#   Check if swap backing store is full
#   Use 64 bit Java on a 64 bit OS
#   Decrease Java heap size (-Xmx/-Xms)
#   Decrease number of Java threads
#   Decrease Java thread stack sizes (-Xss)
#   Set larger code cache with -XX:ReservedCodeCacheSize=
# This output file may be truncated or incomplete.
#
#  Out of Memory Error (allocation.cpp:390), pid=14276, tid=1701837632
#
# JRE version: Java(TM) SE Runtime Environment (8.0_91-b14) (build 1.8.0_91-b14)
# Java VM: Java HotSpot(TM) Server VM (25.91-b14 mixed mode linux-x86 )
# Failed to write core dump. Core dumps have been disabled. To enable core dumping, try "ulimit -c unlimited" before starting Java again
#

---------------  T H R E A D  ---------------

Current thread (0x65ca5000):  JavaThread "C2 CompilerThread0" daemon [_thread_in_native, id=14289, stack(0x6567f000,0x65700000)]

Stack: [0x6567f000,0x65700000],  sp=0x656fd280,  free space=504k
Native frames: (J=compiled Java code, j=interpreted, Vv=VM code, C=native code)
V  [libjvm.so+0x8cff4f]  VMError::report_and_die()+0x16f
V  [libjvm.so+0x38d165]  report_vm_out_of_memory(char const*, int, unsigned int, VMErrorType, char const*)+0x55
V  [libjvm.so+0x1acd64]  Chunk::operator new(unsigned int, AllocFailStrategy::AllocFailEnum, unsigned int)+0xe4
V  [libjvm.so+0x1ad2ec]  Arena::grow(unsigned int, AllocFailStrategy::AllocFailEnum)+0x2c
V  [libjvm.so+0x7d25f4]  resource_allocate_bytes(unsigned int, AllocFailStrategy::AllocFailEnum)+0x64
V  [libjvm.so+0x4041ee]  PhaseIdealLoop::Dominators()+0x6e
V  [libjvm.so+0x676b8e]  PhaseIdealLoop::build_and_optimize(bool, bool)+0x41e
V  [libjvm.so+0x340add]  PhaseIdealLoop::PhaseIdealLoop(PhaseIterGVN&, bool, bool)+0x15d
V  [libjvm.so+0x33d2a3]  Compile::Optimize()+0x863
V  [libjvm.so+0x33e570]  Compile::Compile(ciEnv*, C2Compiler*, ciMethod*, int, bool, bool, bool)+0x1230
V  [libjvm.so+0x2948a4]  C2Compiler::compile_method(ciEnv*, ciMethod*, int)+0x1b4
V  [libjvm.so+0x348d31]  CompileBroker::invoke_compiler_on_method(CompileTask*)+0xda1
V  [libjvm.so+0x349b47]  CompileBroker::compiler_thread_loop()+0x567
V  [libjvm.so+0x879438]  compiler_thread_entry(JavaThread*, Thread*)+0x18
V  [libjvm.so+0x8839a9]  JavaThread::thread_main_inner()+0x109
V  [libjvm.so+0x883b2b]  JavaThread::run()+0x14b
V  [libjvm.so+0x755d19]  java_start(Thread*)+0x119
C  [libpthread.so.0+0x61aa]  start_thread+0xda
C  [libc.so.6+0xe9fde]  clone+0x5e


Current CompileTask:
C2:  26761 1937   !   4       java.net.URL::<init> (543 bytes)


---------------  P R O C E S S  ---------------

Java Threads: ( => current thread )
  0x5b237800 JavaThread "Thread-24" [_thread_blocked, id=14421, stack(0x5245e000,0x524af000)]
  0x5b22ec00 JavaThread "Thread-23" [_thread_blocked, id=14420, stack(0x524af000,0x52500000)]
  0x5b20fc00 JavaThread "Thread-22" [_thread_blocked, id=14415, stack(0x5260c000,0x5265d000)]
  0x5b20c800 JavaThread "Thread-21" [_thread_blocked, id=14410, stack(0x5265d000,0x526ae000)]
  0x5b206000 JavaThread "Thread-20" [_thread_blocked, id=14405, stack(0x526ae000,0x526ff000)]
  0x5b200c00 JavaThread "Thread-19" [_thread_blocked, id=14400, stack(0x5300d000,0x5305e000)]
  0x5aea0c00 JavaThread "Thread-18" [_thread_blocked, id=14395, stack(0x5305e000,0x530af000)]
  0x5ae9bc00 JavaThread "Thread-17" [_thread_blocked, id=14390, stack(0x530af000,0x53100000)]
  0x5ae95000 JavaThread "Thread-16" [_thread_blocked, id=14385, stack(0x5320e000,0x5325f000)]
  0x5ae90000 JavaThread "Thread-15" [_thread_blocked, id=14380, stack(0x54a9d000,0x54aee000)]
  0x5ae8b000 JavaThread "Thread-14" [_thread_blocked, id=14375, stack(0x553c7000,0x55418000)]
  0x5ae71000 JavaThread "Thread-13" [_thread_blocked, id=14370, stack(0x55418000,0x55469000)]
  0x5ae6e400 JavaThread "Thread-12" [_thread_blocked, id=14365, stack(0x558af000,0x55900000)]
  0x5ae6c400 JavaThread "Thread-11" [_thread_blocked, id=14360, stack(0x55a2f000,0x55a80000)]
  0x5ae83800 JavaThread "Thread-10" [_thread_blocked, id=14355, stack(0x55c25000,0x55c76000)]
  0x5ae7d400 JavaThread "Thread-9" [_thread_blocked, id=14350, stack(0x54aee000,0x54b3f000)]
  0x5ae7ac00 JavaThread "Thread-8" [_thread_blocked, id=14345, stack(0x54b3f000,0x54b90000)]
  0x5ae68400 JavaThread "Thread-7" [_thread_blocked, id=14340, stack(0x55d62000,0x55db3000)]
  0x5ae61000 JavaThread "Thread-6" [_thread_blocked, id=14335, stack(0x55db3000,0x55e04000)]
  0x5ae5e000 JavaThread "Thread-5" [_thread_blocked, id=14330, stack(0x55ead000,0x55efe000)]
  0x5ae57000 JavaThread "Thread-4" [_thread_blocked, id=14325, stack(0x55469000,0x554ba000)]
  0x5ae4f000 JavaThread "Java Sound Event Dispatcher" daemon [_thread_blocked, id=14323, stack(0x554ba000,0x5550b000)]
  0x5ae3f000 JavaThread "Audio Player" daemon [_thread_blocked, id=14311, stack(0x55ccf000,0x55d20000)]
  0x5ae20400 JavaThread "pool-2-thread-1" [_thread_in_Java, id=14302, stack(0x5a0b4000,0x5a105000)]
  0x5ae33800 JavaThread "Prism Font Disposer" daemon [_thread_blocked, id=14301, stack(0x5af5a000,0x5afab000)]
  0x61d63400 JavaThread "JavaFX-Launcher" [_thread_blocked, id=14299, stack(0x60aaa000,0x60afb000)]
  0x63640c00 JavaThread "JavaFX Application Thread" [_thread_in_native, id=14298, stack(0x62122000,0x62173000)]
  0x6363a800 JavaThread "Thread-1" daemon [_thread_blocked, id=14297, stack(0x62173000,0x621c4000)]
  0x6538fc00 JavaThread "QuantumRenderer-0" daemon [_thread_blocked, id=14294, stack(0x652af000,0x65300000)]
  0x65cabc00 JavaThread "Service Thread" daemon [_thread_blocked, id=14292, stack(0x6552c000,0x6557d000)]
  0x65ca8800 JavaThread "C1 CompilerThread2" daemon [_thread_blocked, id=14291, stack(0x6557d000,0x655fe000)]
  0x65ca7000 JavaThread "C2 CompilerThread1" daemon [_thread_blocked, id=14290, stack(0x655fe000,0x6567f000)]
=>0x65ca5000 JavaThread "C2 CompilerThread0" daemon [_thread_in_native, id=14289, stack(0x6567f000,0x65700000)]
  0x65ca3800 JavaThread "Signal Dispatcher" daemon [_thread_blocked, id=14288, stack(0x65b0d000,0x65b5e000)]
  0x65c88c00 JavaThread "Finalizer" daemon [_thread_blocked, id=14287, stack(0x65b5e000,0x65baf000)]
  0x65c86000 JavaThread "Reference Handler" daemon [_thread_blocked, id=14286, stack(0x65baf000,0x65c00000)]
  0xb6507400 JavaThread "main" [_thread_blocked, id=14280, stack(0xb66cc000,0xb671d000)]

Other Threads:
  0x65c81400 VMThread [stack: 0x65d2b000,0x65dac000] [id=14285]
  0x65cbec00 WatcherThread [stack: 0x654ab000,0x6552c000] [id=14293]

VM state:not at safepoint (normal execution)

VM Mutex/Monitor currently owned by a thread: None

Heap:
 PSYoungGen      total 94720K, used 27812K [0x92580000, 0x9e400000, 0xa7000000)
  eden space 93440K, 28% used [0x92580000,0x93f9ac88,0x980c0000)
  from space 1280K, 84% used [0x9e2c0000,0x9e3ce608,0x9e400000)
  to   space 5120K, 0% used [0x9da00000,0x9da00000,0x9df00000)
 ParOldGen       total 42496K, used 10397K [0x69000000, 0x6b980000, 0x92580000)
  object space 42496K, 24% used [0x69000000,0x69a274f0,0x6b980000)
 Metaspace       used 10112K, capacity 10514K, committed 10520K, reserved 10544K

Card table byte_map: [0x68e0f000,0x69000000] byte_map_base: 0x68ac7000

Marking Bits: (ParMarkBitMap*) 0xb716dbc0
 Begin Bits: [0x66800000, 0x67780000)
 End Bits:   [0x67780000, 0x68700000)

Polling page: 0xb7783000

CodeCache: size=245760Kb used=4288Kb max_used=4306Kb free=241471Kb
 bounds [0xa7500000, 0xa7940000, 0xb6500000]
 total_blobs=2340 nmethods=1793 adapters=460
 compilation: enabled

Compilation events (10 events):
Event: 26.373 Thread 0x65ca8800 1935       3       javax.sound.sampled.AudioInputStream::<init> (78 bytes)
Event: 26.374 Thread 0x65ca8800 nmethod 1935 0xa7840008 code [0xa7840120, 0xa7840380]
Event: 26.408 Thread 0x65ca7000 1936       4       java.nio.Buffer::limit (62 bytes)
Event: 26.409 Thread 0x65ca7000 nmethod 1936 0xa783fd88 code [0xa783fe80, 0xa783ff50]
Event: 26.520 Thread 0x65ca5000 1937   !   4       java.net.URL::<init> (543 bytes)
Event: 26.562 Thread 0x65ca7000 1938       4       java.util.LinkedHashMap$LinkedHashIterator::hasNext (13 bytes)
Event: 26.562 Thread 0x65ca7000 nmethod 1938 0xa7848288 code [0xa7848380, 0xa78483d0]
Event: 26.577 Thread 0x65ca7000 1939       4       java.util.jar.JarFile::getEntry (22 bytes)
Event: 26.605 Thread 0x65ca7000 nmethod 1939 0xa7932e48 code [0xa79330a0, 0xa7933e08]
Event: 26.629 Thread 0x65ca7000 1940   !   4       java.util.ServiceLoader$LazyIterator::hasNextService (167 bytes)

GC Heap History (10 events):
Event: 15.365 GC heap before
{Heap before GC invocations=12 (full 0):
 PSYoungGen      total 121856K, used 117020K [0x92580000, 0x9f1c0000, 0xa7000000)
  eden space 116224K, 100% used [0x92580000,0x99700000,0x99700000)
  from space 5632K, 14% used [0x9e700000,0x9e7c7180,0x9ec80000)
  to   space 5376K, 0% used [0x9ec80000,0x9ec80000,0x9f1c0000)
 ParOldGen       total 42496K, used 6594K [0x69000000, 0x6b980000, 0x92580000)
  object space 42496K, 15% used [0x69000000,0x69670970,0x6b980000)
 Metaspace       used 9936K, capacity 10371K, committed 10392K, reserved 10544K
Event: 15.367 GC heap after
Heap after GC invocations=12 (full 0):
 PSYoungGen      total 111872K, used 464K [0x92580000, 0x9ed00000, 0xa7000000)
  eden space 111360K, 0% used [0x92580000,0x92580000,0x99240000)
  from space 512K, 90% used [0x9ec80000,0x9ecf42f0,0x9ed00000)
  to   space 5376K, 0% used [0x9e280000,0x9e280000,0x9e7c0000)
 ParOldGen       total 42496K, used 6962K [0x69000000, 0x6b980000, 0x92580000)
  object space 42496K, 16% used [0x69000000,0x696cc8f0,0x6b980000)
 Metaspace       used 9936K, capacity 10371K, committed 10392K, reserved 10544K
}
Event: 16.142 GC heap before
{Heap before GC invocations=13 (full 0):
 PSYoungGen      total 111872K, used 111824K [0x92580000, 0x9ed00000, 0xa7000000)
  eden space 111360K, 100% used [0x92580000,0x99240000,0x99240000)
  from space 512K, 90% used [0x9ec80000,0x9ecf42f0,0x9ed00000)
  to   space 5376K, 0% used [0x9e280000,0x9e280000,0x9e7c0000)
 ParOldGen       total 42496K, used 6962K [0x69000000, 0x6b980000, 0x92580000)
  object space 42496K, 16% used [0x69000000,0x696cc8f0,0x6b980000)
 Metaspace       used 9954K, capacity 10386K, committed 10392K, reserved 10544K
Event: 16.144 GC heap after
Heap after GC invocations=13 (full 0):
 PSYoungGen      total 111872K, used 535K [0x92580000, 0x9ecc0000, 0xa7000000)
  eden space 106496K, 0% used [0x92580000,0x92580000,0x98d80000)
  from space 5376K, 9% used [0x9e280000,0x9e305ff8,0x9e7c0000)
  to   space 5120K, 0% used [0x9e7c0000,0x9e7c0000,0x9ecc0000)
 ParOldGen       total 42496K, used 6970K [0x69000000, 0x6b980000, 0x92580000)
  object space 42496K, 16% used [0x69000000,0x696ce8f0,0x6b980000)
 Metaspace       used 9954K, capacity 10386K, committed 10392K, reserved 10544K
}
Event: 24.424 GC heap before
{Heap before GC invocations=14 (full 0):
 PSYoungGen      total 111872K, used 107031K [0x92580000, 0x9ecc0000, 0xa7000000)
  eden space 106496K, 100% used [0x92580000,0x98d80000,0x98d80000)
  from space 5376K, 9% used [0x9e280000,0x9e305ff8,0x9e7c0000)
  to   space 5120K, 0% used [0x9e7c0000,0x9e7c0000,0x9ecc0000)
 ParOldGen       total 42496K, used 6970K [0x69000000, 0x6b980000, 0x92580000)
  object space 42496K, 16% used [0x69000000,0x696ce8f0,0x6b980000)
 Metaspace       used 10101K, capacity 10514K, committed 10520K, reserved 10544K
Event: 24.427 GC heap after
Heap after GC invocations=14 (full 0):
 PSYoungGen      total 105472K, used 3412K [0x92580000, 0x9eb40000, 0xa7000000)
  eden space 101888K, 0% used [0x92580000,0x92580000,0x98900000)
  from space 3584K, 95% used [0x9e7c0000,0x9eb15240,0x9eb40000)
  to   space 5632K, 0% used [0x9e040000,0x9e040000,0x9e5c0000)
 ParOldGen       total 42496K, used 7073K [0x69000000, 0x6b980000, 0x92580000)
  object space 42496K, 16% used [0x69000000,0x696e84d0,0x6b980000)
 Metaspace       used 10101K, capacity 10514K, committed 10520K, reserved 10544K
}
Event: 25.179 GC heap before
{Heap before GC invocations=15 (full 0):
 PSYoungGen      total 105472K, used 105300K [0x92580000, 0x9eb40000, 0xa7000000)
  eden space 101888K, 100% used [0x92580000,0x98900000,0x98900000)
  from space 3584K, 95% used [0x9e7c0000,0x9eb15240,0x9eb40000)
  to   space 5632K, 0% used [0x9e040000,0x9e040000,0x9e5c0000)
 ParOldGen       total 42496K, used 7073K [0x69000000, 0x6b980000, 0x92580000)
  object space 42496K, 16% used [0x69000000,0x696e84d0,0x6b980000)
 Metaspace       used 10107K, capacity 10514K, committed 10520K, reserved 10544K
Event: 25.182 GC heap after
Heap after GC invocations=15 (full 0):
 PSYoungGen      total 98048K, used 504K [0x92580000, 0x9e800000, 0xa7000000)
  eden space 97536K, 0% used [0x92580000,0x92580000,0x984c0000)
  from space 512K, 98% used [0x9e040000,0x9e0be3c0,0x9e0c0000)
  to   space 5376K, 0% used [0x9e2c0000,0x9e2c0000,0x9e800000)
 ParOldGen       total 42496K, used 10334K [0x69000000, 0x6b980000, 0x92580000)
  object space 42496K, 24% used [0x69000000,0x69a17930,0x6b980000)
 Metaspace       used 10107K, capacity 10514K, committed 10520K, reserved 10544K
}
Event: 26.153 GC heap before
{Heap before GC invocations=16 (full 0):
 PSYoungGen      total 98048K, used 98040K [0x92580000, 0x9e800000, 0xa7000000)
  eden space 97536K, 100% used [0x92580000,0x984c0000,0x984c0000)
  from space 512K, 98% used [0x9e040000,0x9e0be3c0,0x9e0c0000)
  to   space 5376K, 0% used [0x9e2c0000,0x9e2c0000,0x9e800000)
 ParOldGen       total 42496K, used 10334K [0x69000000, 0x6b980000, 0x92580000)
  object space 42496K, 24% used [0x69000000,0x69a17930,0x6b980000)
 Metaspace       used 10110K, capacity 10514K, committed 10520K, reserved 10544K
Event: 26.154 GC heap after
Heap after GC invocations=16 (full 0):
 PSYoungGen      total 94720K, used 1081K [0x92580000, 0x9e400000, 0xa7000000)
  eden space 93440K, 0% used [0x92580000,0x92580000,0x980c0000)
  from space 1280K, 84% used [0x9e2c0000,0x9e3ce608,0x9e400000)
  to   space 5120K, 0% used [0x9da00000,0x9da00000,0x9df00000)
 ParOldGen       total 42496K, used 10397K [0x69000000, 0x6b980000, 0x92580000)
  object space 42496K, 24% used [0x69000000,0x69a274f0,0x6b980000)
 Metaspace       used 10110K, capacity 10514K, committed 10520K, reserved 10544K
}

Deoptimization events (10 events):
Event: 10.403 Thread 0x63640c00 Uncommon trap: reason=unstable_if action=reinterpret pc=0xa7836008 method=cctvanalization.FXMLDocumentController.lambda$initialize$0(Ljavafx/event/ActionEvent;)V @ 85
Event: 10.404 Thread 0x63640c00 Uncommon trap: reason=unstable_if action=reinterpret pc=0xa7834078 method=cctvanalization.FXMLDocumentController.lambda$initialize$0(Ljavafx/event/ActionEvent;)V @ 150
Event: 10.553 Thread 0x63640c00 Uncommon trap: reason=unstable_if action=reinterpret pc=0xa783e230 method=cctvanalization.FXMLDocumentController.lambda$initialize$0(Ljavafx/event/ActionEvent;)V @ 187
Event: 10.766 Thread 0x63640c00 Uncommon trap: reason=unstable_if action=reinterpret pc=0xa78456ec method=java.io.BufferedInputStream.read1([BII)I @ 22
Event: 10.819 Thread 0x63640c00 Uncommon trap: reason=unstable_if action=reinterpret pc=0xa783ef78 method=java.io.BufferedInputStream.read([BII)I @ 104
Event: 10.820 Thread 0x63640c00 Uncommon trap: reason=unstable_if action=reinterpret pc=0xa7841928 method=java.io.BufferedInputStream.read([BII)I @ 56
Event: 10.859 Thread 0x63640c00 Uncommon trap: reason=unstable_if action=reinterpret pc=0xa784f204 method=javax.sound.sampled.AudioFormat.matches(Ljavax/sound/sampled/AudioFormat;)Z @ 112
Event: 11.830 Thread 0x6538fc00 Uncommon trap: reason=unstable_if action=reinterpret pc=0xa77b0b64 method=java.util.WeakHashMap.expungeStaleEntries()V @ 9
Event: 11.841 Thread 0x5ae57000 Uncommon trap: reason=unstable_if action=reinterpret pc=0xa7867400 method=java.io.ByteArrayInputStream.read([BII)I @ 63
Event: 12.041 Thread 0x63640c00 Uncommon trap: reason=unstable_if action=reinterpret pc=0xa78402c4 method=cctvanalization.FXMLDocumentController.lambda$initialize$0(Ljavafx/event/ActionEvent;)V @ 187

Internal exceptions (10 events):
Event: 26.628 Thread 0x63640c00 Exception <a 'java/io/IOException'> (0x93ad3330) thrown at [/HUDSON/workspace/8-2-build-linux-i586/jdk8u91/6644/hotspot/src/share/vm/prims/jni.cpp, line 709]
Event: 26.651 Thread 0x63640c00 Exception <a 'java/io/IOException'> (0x93b17fd8) thrown at [/HUDSON/workspace/8-2-build-linux-i586/jdk8u91/6644/hotspot/src/share/vm/prims/jni.cpp, line 709]
Event: 26.651 Thread 0x63640c00 Exception <a 'java/io/IOException'> (0x93b18258) thrown at [/HUDSON/workspace/8-2-build-linux-i586/jdk8u91/6644/hotspot/src/share/vm/prims/jni.cpp, line 709]
Event: 26.651 Thread 0x63640c00 Exception <a 'java/io/IOException'> (0x93b184a8) thrown at [/HUDSON/workspace/8-2-build-linux-i586/jdk8u91/6644/hotspot/src/share/vm/prims/jni.cpp, line 709]
Event: 26.685 Thread 0x63640c00 Exception <a 'java/io/IOException'> (0x93b58260) thrown at [/HUDSON/workspace/8-2-build-linux-i586/jdk8u91/6644/hotspot/src/share/vm/prims/jni.cpp, line 709]
Event: 26.685 Thread 0x63640c00 Exception <a 'java/io/IOException'> (0x93b584e0) thrown at [/HUDSON/workspace/8-2-build-linux-i586/jdk8u91/6644/hotspot/src/share/vm/prims/jni.cpp, line 709]
Event: 26.685 Thread 0x63640c00 Exception <a 'java/io/IOException'> (0x93b58730) thrown at [/HUDSON/workspace/8-2-build-linux-i586/jdk8u91/6644/hotspot/src/share/vm/prims/jni.cpp, line 709]
Event: 26.708 Thread 0x63640c00 Exception <a 'java/io/IOException'> (0x93b9bcf8) thrown at [/HUDSON/workspace/8-2-build-linux-i586/jdk8u91/6644/hotspot/src/share/vm/prims/jni.cpp, line 709]
Event: 26.708 Thread 0x63640c00 Exception <a 'java/io/IOException'> (0x93b9bf78) thrown at [/HUDSON/workspace/8-2-build-linux-i586/jdk8u91/6644/hotspot/src/share/vm/prims/jni.cpp, line 709]
Event: 26.708 Thread 0x63640c00 Exception <a 'java/io/IOException'> (0x93b9c1c8) thrown at [/HUDSON/workspace/8-2-build-linux-i586/jdk8u91/6644/hotspot/src/share/vm/prims/jni.cpp, line 709]

Events (10 events):
Event: 26.156 Executing VM operation: RevokeBias
Event: 26.157 Executing VM operation: RevokeBias done
Event: 26.157 Executing VM operation: RevokeBias
Event: 26.157 Executing VM operation: RevokeBias done
Event: 26.157 Executing VM operation: RevokeBias
Event: 26.157 Executing VM operation: RevokeBias done
Event: 26.157 Executing VM operation: RevokeBias
Event: 26.157 Executing VM operation: RevokeBias done
Event: 26.157 Executing VM operation: BulkRevokeBias
Event: 26.157 Executing VM operation: BulkRevokeBias done


Dynamic libraries:
00046000-04047000 rw-s 00000000 00:12 293993     /dev/shm/pulse-shm-3729371837
04047000-08048000 rw-s 00000000 00:12 291307     /dev/shm/pulse-shm-3770905622
08048000-08049000 r-xp 00000000 08:01 6430530    /usr/lib/jvm/java-8-oracle/jre/bin/java
08049000-0804a000 rw-p 00000000 08:01 6430530    /usr/lib/jvm/java-8-oracle/jre/bin/java
08068000-08100000 rw-p 00000000 00:00 0 
08100000-081c1000 rw-p 00000000 00:00 0 
081c1000-08200000 ---p 00000000 00:00 0 
08200000-082c1000 rw-p 00000000 00:00 0 
082c1000-08300000 ---p 00000000 00:00 0 
08300000-083c1000 rw-p 00000000 00:00 0 
083c1000-08400000 ---p 00000000 00:00 0 
08400000-084c1000 rw-p 00000000 00:00 0 
084c1000-08500000 ---p 00000000 00:00 0 
08500000-085c1000 rw-p 00000000 00:00 0 
085c1000-08600000 ---p 00000000 00:00 0 
08600000-086c1000 rw-p 00000000 00:00 0 
086c1000-08700000 ---p 00000000 00:00 0 
08700000-087c1000 rw-p 00000000 00:00 0 
087c1000-08800000 ---p 00000000 00:00 0 
08800000-088c1000 rw-p 00000000 00:00 0 
088c1000-08900000 ---p 00000000 00:00 0 
08900000-089c1000 rw-p 00000000 00:00 0 
089c1000-08a00000 ---p 00000000 00:00 0 
08a00000-08ac1000 rw-p 00000000 00:00 0 
08ac1000-08b00000 ---p 00000000 00:00 0 
08b00000-08bc1000 rw-p 00000000 00:00 0 
08bc1000-08c00000 ---p 00000000 00:00 0 
08c00000-08cc1000 rw-p 00000000 00:00 0 
08cc1000-08d00000 ---p 00000000 00:00 0 
08d00000-08d01000 ---p 00000000 00:00 0 
08d01000-09501000 rwxp 00000000 00:00 0          [heap]
09501000-0957a000 rw-p 00000000 00:00 0          [heap]
095b4000-09600000 rw-p 00000000 00:00 0 
09600000-096c1000 rw-p 00000000 00:00 0 
096c1000-09700000 ---p 00000000 00:00 0 
09700000-097c1000 rw-p 00000000 00:00 0 
097c1000-09800000 ---p 00000000 00:00 0 
09800000-098c1000 rw-p 00000000 00:00 0 
098c1000-09900000 ---p 00000000 00:00 0 
09900000-099e2000 rw-p 00000000 00:00 0 
099e2000-09a00000 ---p 00000000 00:00 0 
09a00000-09ae2000 rw-p 00000000 00:00 0 
09ae2000-09b00000 ---p 00000000 00:00 0 
09b00000-09be2000 rw-p 00000000 00:00 0 
09be2000-09c00000 ---p 00000000 00:00 0 
09c1a000-09cfe000 rw-p 00000000 00:00 0 
09cfe000-09cff000 ---p 00000000 00:00 0 
09cff000-0a4ff000 rwxp 00000000 00:00 0 
0a4ff000-0a500000 ---p 00000000 00:00 0 
0a500000-0ad00000 rwxp 00000000 00:00 0 
0ad00000-0ade2000 rw-p 00000000 00:00 0 
0ade2000-0ae00000 ---p 00000000 00:00 0 
0ae00000-0aee2000 rw-p 00000000 00:00 0 
0aee2000-0af00000 ---p 00000000 00:00 0 
0af00000-0afe2000 rw-p 00000000 00:00 0 
0afe2000-0b000000 ---p 00000000 00:00 0 
0b012000-0b0e4000 rw-p 00000000 00:00 0 
0b0ed000-0b0fd000 rw-p 00000000 00:00 0 
0b0fd000-0b0fe000 ---p 00000000 00:00 0 
0b0fe000-0b8fe000 rwxp 00000000 00:00 0 
0b8fe000-0b8ff000 ---p 00000000 00:00 0 
0b8ff000-0c0ff000 rwxp 00000000 00:00 0 
0c0ff000-10100000 rw-s 00000000 00:12 293985     /dev/shm/pulse-shm-3520415627
10100000-101e2000 rw-p 00000000 00:00 0 
101e2000-10200000 ---p 00000000 00:00 0 
10200000-102e2000 rw-p 00000000 00:00 0 
102e2000-10300000 ---p 00000000 00:00 0 
10300000-103e2000 rw-p 00000000 00:00 0 
103e2000-10400000 ---p 00000000 00:00 0 
10405000-10415000 rw-p 00000000 00:00 0 
10416000-10426000 rw-p 00000000 00:00 0 
1044d000-10460000 rw-p 00000000 00:00 0 
1048e000-104e8000 rw-p 00000000 00:00 0 
104e9000-104f1000 rw-p 00000000 00:00 0 
104f1000-104f2000 ---p 00000000 00:00 0 
104f2000-10cf2000 rwxp 00000000 00:00 0 
10cf2000-14cf3000 rw-s 00000000 00:12 291288     /dev/shm/pulse-shm-4140120598
14cf3000-14cf4000 ---p 00000000 00:00 0 
14cf4000-154f4000 rwxp 00000000 00:00 0 
154f4000-194f5000 rw-s 00000000 00:12 293946     /dev/shm/pulse-shm-382335609
194f5000-194f6000 ---p 00000000 00:00 0 
194f6000-19cf6000 rwxp 00000000 00:00 0 
19cf6000-1dcf7000 rw-s 00000000 00:12 292973     /dev/shm/pulse-shm-2179976595
1dcf7000-1dcf8000 ---p 00000000 00:00 0 
1dcf8000-1e4f8000 rwxp 00000000 00:00 0 
1e4f8000-224f9000 rw-s 00000000 00:12 292968     /dev/shm/pulse-shm-3475905995
224f9000-224fa000 ---p 00000000 00:00 0 
224fa000-22cfa000 rwxp 00000000 00:00 0 
22cfa000-26cfb000 rw-s 00000000 00:12 291264     /dev/shm/pulse-shm-291308928
26cfb000-26cfc000 ---p 00000000 00:00 0 
26cfc000-274fc000 rwxp 00000000 00:00 0 
274fc000-2b4fd000 rw-s 00000000 00:12 293921     /dev/shm/pulse-shm-2123569424
2b4fd000-2b4fe000 ---p 00000000 00:00 0 
2b4fe000-2bcfe000 rwxp 00000000 00:00 0 
2bcfe000-2fcff000 rw-s 00000000 00:12 292929     /dev/shm/pulse-shm-3867614535
2fcff000-2fd00000 ---p 00000000 00:00 0 
2fd00000-30500000 rwxp 00000000 00:00 0 
30500000-34501000 rw-s 00000000 00:12 291242     /dev/shm/pulse-shm-3812849036
34501000-34502000 ---p 00000000 00:00 0 
34502000-34d02000 rwxp 00000000 00:00 0 
34d02000-38d03000 rw-s 00000000 00:12 290805     /dev/shm/pulse-shm-1767090124
38d03000-3cd04000 rw-s 00000000 00:12 291223     /dev/shm/pulse-shm-2424463284
3cd04000-40d05000 rw-s 00000000 00:12 291201     /dev/shm/pulse-shm-260503651
40d05000-44d06000 rw-s 00000000 00:12 292913     /dev/shm/pulse-shm-1293418601
44d06000-48d07000 rw-s 00000000 00:12 292893     /dev/shm/pulse-shm-2366992076
48d07000-4cd08000 rw-s 00000000 00:12 292397     /dev/shm/pulse-shm-3417870660
4cd08000-50d09000 rw-s 00000000 00:12 290777     /dev/shm/pulse-shm-1526197438
50d09000-50d0a000 ---p 00000000 00:00 0 
50d0a000-5150a000 rwxp 00000000 00:00 0 
5150d000-51561000 rw-p 00000000 00:00 0 
51564000-5156c000 rw-p 00000000 00:00 0 
5157d000-515b6000 rw-p 00000000 00:00 0 
515b7000-515c7000 rw-p 00000000 00:00 0 
515d0000-51612000 rw-p 00000000 00:00 0 
51617000-5161f000 rw-p 00000000 00:00 0 
51620000-51628000 rw-p 00000000 00:00 0 
51631000-516ea000 rw-p 00000000 00:00 0 
516ef000-516f7000 rw-p 00000000 00:00 0 
51700000-517f7000 rw-p 00000000 00:00 0 
517f7000-51800000 ---p 00000000 00:00 0 
51800000-518e2000 rw-p 00000000 00:00 0 
518e2000-51900000 ---p 00000000 00:00 0 
51900000-519ec000 rw-p 00000000 00:00 0 
519ec000-51a00000 ---p 00000000 00:00 0 
51a00000-51b00000 rw-p 00000000 00:00 0 
51b00000-51be1000 rw-p 00000000 00:00 0 
51be1000-51c00000 ---p 00000000 00:00 0 
51c00000-51d00000 rw-p 00000000 00:00 0 
51d00000-51de2000 rw-p 00000000 00:00 0 
51de2000-51e00000 ---p 00000000 00:00 0 
51e00000-51ef2000 rw-p 00000000 00:00 0 
51ef2000-51f00000 ---p 00000000 00:00 0 
51f00000-51fcc000 rw-p 00000000 00:00 0 
51fcc000-52000000 ---p 00000000 00:00 0 
52000000-520e2000 rw-p 00000000 00:00 0 
520e2000-52100000 ---p 00000000 00:00 0 
52100000-521f7000 rw-p 00000000 00:00 0 
521f7000-52200000 ---p 00000000 00:00 0 
52200000-522f2000 rw-p 00000000 00:00 0 
522f2000-52300000 ---p 00000000 00:00 0 
52300000-523f6000 rw-p 00000000 00:00 0 
523f6000-52400000 ---p 00000000 00:00 0 
52403000-5240b000 rw-p 00000000 00:00 0 
5240c000-5241c000 rw-p 00000000 00:00 0 
52425000-5243d000 rw-p 00000000 00:00 0 
5243e000-52456000 rw-p 00000000 00:00 0 
52456000-5245e000 rw-p 00000000 00:00 0 
5245e000-52461000 ---p 00000000 00:00 0 
52461000-524af000 rwxp 00000000 00:00 0 
524af000-524b2000 ---p 00000000 00:00 0 
524b2000-52500000 rwxp 00000000 00:00 0 
52500000-525f2000 rw-p 00000000 00:00 0 
525f2000-52600000 ---p 00000000 00:00 0 
5260c000-5260f000 ---p 00000000 00:00 0 
5260f000-5265d000 rwxp 00000000 00:00 0 
5265d000-52660000 ---p 00000000 00:00 0 
52660000-526ae000 rwxp 00000000 00:00 0 
526ae000-526b1000 ---p 00000000 00:00 0 
526b1000-526ff000 rwxp 00000000 00:00 0 
526ff000-52700000 ---p 00000000 00:00 0 
52700000-52f00000 rwxp 00000000 00:00 0 
52f00000-52ffd000 rw-p 00000000 00:00 0 
52ffd000-53000000 ---p 00000000 00:00 0 
53005000-5300d000 rw-p 00000000 00:00 0 
5300d000-53010000 ---p 00000000 00:00 0 
53010000-5305e000 rwxp 00000000 00:00 0 
5305e000-53061000 ---p 00000000 00:00 0 
53061000-530af000 rwxp 00000000 00:00 0 
530af000-530b2000 ---p 00000000 00:00 0 
530b2000-53100000 rwxp 00000000 00:00 0 
53100000-531f9000 rw-p 00000000 00:00 0 
531f9000-53200000 ---p 00000000 00:00 0 
53206000-5320e000 rw-p 00000000 00:00 0 
5320e000-53211000 ---p 00000000 00:00 0 
53211000-5325f000 rwxp 00000000 00:00 0 
5325f000-53260000 ---p 00000000 00:00 0 
53260000-53a60000 rwxp 00000000 00:00 0 
53a60000-53a61000 ---p 00000000 00:00 0 
53a61000-54261000 rwxp 00000000 00:00 0 
54261000-54262000 ---p 00000000 00:00 0 
54262000-54a62000 rwxp 00000000 00:00 0 
54a63000-54a73000 rw-p 00000000 00:00 0 
54a8c000-54a9d000 rw-p 00000000 00:00 0 
54a9d000-54aa0000 ---p 00000000 00:00 0 
54aa0000-54aee000 rwxp 00000000 00:00 0 
54aee000-54af1000 ---p 00000000 00:00 0 
54af1000-54b3f000 rwxp 00000000 00:00 0 
54b3f000-54b42000 ---p 00000000 00:00 0 
54b42000-54b90000 rwxp 00000000 00:00 0 
54b90000-54b91000 ---p 00000000 00:00 0 
54b91000-55391000 rwxp 00000000 00:00 0 
55394000-553c7000 rw-p 00000000 00:00 0 
553c7000-553ca000 ---p 00000000 00:00 0 
553ca000-55418000 rwxp 00000000 00:00 0 
55418000-5541b000 ---p 00000000 00:00 0 
5541b000-55469000 rwxp 00000000 00:00 0 
55469000-5546c000 ---p 00000000 00:00 0 
5546c000-554ba000 rwxp 00000000 00:00 0 
554ba000-554bd000 ---p 00000000 00:00 0 
554bd000-5550b000 rwxp 00000000 00:00 0 
5550b000-5556a000 r-xp 00000000 08:01 5641712    /usr/lib/i386-linux-gnu/libFLAC.so.8.3.0
5556a000-5556b000 r--p 0005e000 08:01 5641712    /usr/lib/i386-linux-gnu/libFLAC.so.8.3.0
5556b000-5556c000 rw-p 0005f000 08:01 5641712    /usr/lib/i386-linux-gnu/libFLAC.so.8.3.0
5556c000-55618000 r-xp 00000000 08:01 8389765    /lib/i386-linux-gnu/libgcrypt.so.20.0.2
55618000-5561a000 r--p 000ac000 08:01 8389765    /lib/i386-linux-gnu/libgcrypt.so.20.0.2
5561a000-5561d000 rw-p 000ae000 08:01 8389765    /lib/i386-linux-gnu/libgcrypt.so.20.0.2
5561d000-5568f000 r-xp 00000000 08:01 5641776    /usr/lib/i386-linux-gnu/libsndfile.so.1.0.25
5568f000-55691000 r--p 00071000 08:01 5641776    /usr/lib/i386-linux-gnu/libsndfile.so.1.0.25
55691000-55692000 rw-p 00073000 08:01 5641776    /usr/lib/i386-linux-gnu/libsndfile.so.1.0.25
55692000-55696000 rw-p 00000000 00:00 0 
55696000-556ea000 r-xp 00000000 08:01 8389748    /lib/i386-linux-gnu/libdbus-1.so.3.8.9
556ea000-556ec000 r--p 00053000 08:01 8389748    /lib/i386-linux-gnu/libdbus-1.so.3.8.9
556ec000-556ed000 rw-p 00055000 08:01 8389748    /lib/i386-linux-gnu/libdbus-1.so.3.8.9
556ed000-55770000 r-xp 00000000 08:01 5644648    /usr/lib/i386-linux-gnu/pulseaudio/libpulsecommon-6.0.so
55770000-55771000 r--p 00082000 08:01 5644648    /usr/lib/i386-linux-gnu/pulseaudio/libpulsecommon-6.0.so
55771000-55772000 rw-p 00083000 08:01 5644648    /usr/lib/i386-linux-gnu/pulseaudio/libpulsecommon-6.0.so
55772000-55863000 r-xp 00000000 08:01 5641936    /usr/lib/i386-linux-gnu/libasound.so.2.0.0
55863000-55867000 r--p 000f0000 08:01 5641936    /usr/lib/i386-linux-gnu/libasound.so.2.0.0
55867000-55868000 rw-p 000f4000 08:01 5641936    /usr/lib/i386-linux-gnu/libasound.so.2.0.0
5586e000-55876000 rw-p 00000000 00:00 0 
55877000-558af000 rw-p 00000000 00:00 0 
558af000-558b2000 ---p 00000000 00:00 0 
558b2000-55900000 rwxp 00000000 00:00 0 
55900000-559fc000 rw-p 00000000 00:00 0 
559fc000-55a00000 ---p 00000000 00:00 0 
55a07000-55a2f000 rw-p 00000000 00:00 0 
55a2f000-55a32000 ---p 00000000 00:00 0 
55a32000-55a80000 rwxp 00000000 00:00 0 
55a80000-55b00000 rw-s 00000000 00:05 292919     /drm mm object (deleted)
55b00000-55bf7000 rw-p 00000000 00:00 0 
55bf7000-55c00000 ---p 00000000 00:00 0 
55c05000-55c25000 rw-p 00000000 00:00 0 
55c25000-55c28000 ---p 00000000 00:00 0 
55c28000-55c76000 rwxp 00000000 00:00 0 
55c76000-55ccd000 r-xp 00000000 08:01 5642712    /usr/lib/i386-linux-gnu/libpulse.so.0.18.0
55ccd000-55cce000 r--p 00056000 08:01 5642712    /usr/lib/i386-linux-gnu/libpulse.so.0.18.0
55cce000-55ccf000 rw-p 00057000 08:01 5642712    /usr/lib/i386-linux-gnu/libpulse.so.0.18.0
55ccf000-55cd2000 ---p 00000000 00:00 0 
55cd2000-55d20000 rwxp 00000000 00:00 0 
55d25000-55d2d000 rw-p 00000000 00:00 0 
55d2d000-55d46000 r-xp 00000000 08:01 5645022    /usr/lib/i386-linux-gnu/sse2/libspeexdsp.so.1.5.0
55d46000-55d47000 r--p 00018000 08:01 5645022    /usr/lib/i386-linux-gnu/sse2/libspeexdsp.so.1.5.0
55d47000-55d48000 rw-p 00019000 08:01 5645022    /usr/lib/i386-linux-gnu/sse2/libspeexdsp.so.1.5.0
55d4a000-55d62000 rw-p 00000000 00:00 0 
55d62000-55d65000 ---p 00000000 00:00 0 
55d65000-55db3000 rwxp 00000000 00:00 0 
55db3000-55db6000 ---p 00000000 00:00 0 
55db6000-55e04000 rwxp 00000000 00:00 0 
55e04000-55e9c000 rw-p 00000000 00:00 0 
55e9d000-55ead000 rw-s 00000000 00:06 11128      /dev/snd/pcmC0D3p
55ead000-55eb0000 ---p 00000000 00:00 0 
55eb0000-55efe000 rwxp 00000000 00:00 0 
55efe000-55f7e000 rw-s 00000000 00:05 292350     /drm mm object (deleted)
55f7e000-55f7f000 ---p 00000000 00:00 0 
55f7f000-5677f000 rwxp 00000000 00:00 0 
5677f000-56780000 ---p 00000000 00:00 0 
56780000-56f80000 rwxp 00000000 00:00 0 
56f80000-56f81000 ---p 00000000 00:00 0 
56f81000-57781000 rwxp 00000000 00:00 0 
57781000-57782000 ---p 00000000 00:00 0 
57782000-57f82000 rwxp 00000000 00:00 0 
57f82000-57f83000 ---p 00000000 00:00 0 
57f83000-58783000 rwxp 00000000 00:00 0 
58783000-58784000 ---p 00000000 00:00 0 
58784000-58f84000 rwxp 00000000 00:00 0 
58f84000-58f85000 ---p 00000000 00:00 0 
58f85000-59785000 rwxp 00000000 00:00 0 
59785000-59786000 ---p 00000000 00:00 0 
59786000-59f86000 rwxp 00000000 00:00 0 
59f86000-59fd2000 rw-p 00000000 00:00 0 
59fd4000-59fe6000 r-xp 00000000 08:01 8389769    /lib/i386-linux-gnu/libgpg-error.so.0.13.0
59fe6000-59fe7000 r--p 00011000 08:01 8389769    /lib/i386-linux-gnu/libgpg-error.so.0.13.0
59fe7000-59fe8000 rw-p 00012000 08:01 8389769    /lib/i386-linux-gnu/libgpg-error.so.0.13.0
59fe8000-5a034000 rw-p 00000000 00:00 0 
5a034000-5a0b4000 rw-s 00000000 00:05 291125     /drm mm object (deleted)
5a0b4000-5a0b7000 ---p 00000000 00:00 0 
5a0b7000-5a105000 rwxp 00000000 00:00 0 
5a105000-5a1e7000 rw-p 00000000 00:00 0 
5a1e7000-5a27d000 rw-s 001c2000 00:06 14715      /dev/video0
5a27d000-5a313000 rw-s 0012c000 00:06 14715      /dev/video0
5a313000-5a3a9000 rw-s 00096000 00:06 14715      /dev/video0
5a3a9000-5a440000 rw-p 00000000 00:00 0 
5a440000-5a600000 rw-s 00000000 00:05 290739     /drm mm object (deleted)
5a600000-5a660000 rw-p 00000000 00:00 0 
5a660000-5a700000 ---p 00000000 00:00 0 
5a702000-5a70a000 rw-p 00000000 00:00 0 
5a70a000-5a70f000 r-xp 00000000 08:01 5641946    /usr/lib/i386-linux-gnu/libasyncns.so.0.3.1
5a70f000-5a710000 r--p 00004000 08:01 5641946    /usr/lib/i386-linux-gnu/libasyncns.so.0.3.1
5a710000-5a711000 rw-p 00005000 08:01 5641946    /usr/lib/i386-linux-gnu/libasyncns.so.0.3.1
5a711000-5a73c000 r-xp 00000000 08:01 8393169    /lib/i386-linux-gnu/libsystemd.so.0.6.0
5a73c000-5a73d000 r--p 0002a000 08:01 8393169    /lib/i386-linux-gnu/libsystemd.so.0.6.0
5a73d000-5a73e000 rw-p 0002b000 08:01 8393169    /lib/i386-linux-gnu/libsystemd.so.0.6.0
5a73e000-5a748000 r-xp 00000000 08:01 8389782    /lib/i386-linux-gnu/libjson-c.so.2.0.0
5a748000-5a749000 r--p 00009000 08:01 8389782    /lib/i386-linux-gnu/libjson-c.so.2.0.0
5a749000-5a74a000 rw-p 0000a000 08:01 8389782    /lib/i386-linux-gnu/libjson-c.so.2.0.0
5a74a000-5a7e0000 rw-s 00000000 00:06 14715      /dev/video0
5a7e0000-5a9a0000 rw-s 10c5b000 00:06 14520      /dev/dri/card0
5a9a0000-5aa00000 rw-s 00000000 00:05 290734     /drm mm object (deleted)
5aa00000-5ab00000 rw-p 00000000 00:00 0 
5ab00000-5ac00000 rw-p 00000000 00:00 0 
5ac00000-5ad00000 rw-p 00000000 00:00 0 
5ad00000-5ad08000 r-xp 00000000 08:01 8389905    /lib/i386-linux-gnu/libwrap.so.0.7.6
5ad08000-5ad09000 r--p 00007000 08:01 8389905    /lib/i386-linux-gnu/libwrap.so.0.7.6
5ad09000-5ad0a000 rw-p 00008000 08:01 8389905    /lib/i386-linux-gnu/libwrap.so.0.7.6
5ad0f000-5ad17000 rw-p 00000000 00:00 0 
5ad17000-5ad19000 r-xp 00000000 08:01 5643219    /usr/lib/i386-linux-gnu/alsa-lib/libasound_module_rate_speexrate.so
5ad19000-5ad1a000 r--p 00001000 08:01 5643219    /usr/lib/i386-linux-gnu/alsa-lib/libasound_module_rate_speexrate.so
5ad1a000-5ad1b000 rw-p 00002000 08:01 5643219    /usr/lib/i386-linux-gnu/alsa-lib/libasound_module_rate_speexrate.so
5ad1b000-5ad21000 r-xp 00000000 08:01 5643209    /usr/lib/i386-linux-gnu/alsa-lib/libasound_module_pcm_pulse.so
5ad21000-5ad23000 r--p 00005000 08:01 5643209    /usr/lib/i386-linux-gnu/alsa-lib/libasound_module_pcm_pulse.so
5ad23000-5ad24000 rw-p 00007000 08:01 5643209    /usr/lib/i386-linux-gnu/alsa-lib/libasound_module_pcm_pulse.so
5ad24000-5ad31000 r-xp 00000000 08:01 6177380    /usr/lib/jvm/java-8-oracle/jre/lib/i386/libjsoundalsa.so
5ad31000-5ad32000 rw-p 0000d000 08:01 6177380    /usr/lib/jvm/java-8-oracle/jre/lib/i386/libjsoundalsa.so
5ad32000-5ad42000 rw-s 00000000 00:05 292351     /drm mm object (deleted)
5ad42000-5ad4a000 rw-s 00000000 00:05 290747     /drm mm object (deleted)
5ad4a000-5ae00000 r--p 00000000 08:01 6687655    /usr/share/fonts/truetype/dejavu/DejaVuSans.ttf
5ae00000-5aefe000 rw-p 00000000 00:00 0 
5aefe000-5af00000 ---p 00000000 00:00 0 
5af01000-5af11000 rw-s 00000000 00:05 290746     /drm mm object (deleted)
5af11000-5af21000 rw-s 00000000 00:05 290745     /drm mm object (deleted)
5af21000-5af29000 rw-s 00000000 00:05 290735     /drm mm object (deleted)
5af29000-5af37000 rw-s 00000000 00:05 290733     /drm mm object (deleted)
5af37000-5af47000 rw-s 00000000 00:05 290732     /drm mm object (deleted)
5af47000-5af5a000 r--s 00344000 08:01 6177486    /usr/lib/jvm/java-8-oracle/jre/lib/resources.jar
5af5a000-5af5d000 ---p 00000000 00:00 0 
5af5d000-5afab000 rwxp 00000000 00:00 0 
5afab000-5b000000 r--p 00000000 08:01 6177434    /usr/lib/jvm/java-8-oracle/jre/lib/fonts/LucidaBrightRegular.ttf
5b000000-5b0c7000 rw-p 00000000 00:00 0 
5b0c7000-5b100000 ---p 00000000 00:00 0 
5b100000-5b200000 rw-p 00000000 00:00 0 
5b200000-5b2fc000 rw-p 00000000 00:00 0 
5b2fc000-5b300000 ---p 00000000 00:00 0 
5b302000-5b306000 rw-s 10e1b000 00:06 14520      /dev/dri/card0
5b306000-5b354000 r--p 00000000 08:01 6177433    /usr/lib/jvm/java-8-oracle/jre/lib/fonts/LucidaSansDemiBold.ttf
5b354000-5b3ff000 r--p 00000000 08:01 6177427    /usr/lib/jvm/java-8-oracle/jre/lib/fonts/LucidaSansRegular.ttf
5b3ff000-5b400000 ---p 00000000 00:00 0 
5b400000-5bc00000 rwxp 00000000 00:00 0 
5bc00000-5bd00000 rw-p 00000000 00:00 0 
5bd02000-5bd03000 rw-p 00000000 00:00 0 
5bd03000-5bd16000 r--p 00000000 08:01 6177431    /usr/lib/jvm/java-8-oracle/jre/lib/fonts/LucidaBrightDemiItalic.ttf
5bd16000-5bd50000 r--p 00000000 08:01 6177426    /usr/lib/jvm/java-8-oracle/jre/lib/fonts/LucidaTypewriterBold.ttf
5bd50000-5bd8c000 r--p 00000000 08:01 6177432    /usr/lib/jvm/java-8-oracle/jre/lib/fonts/LucidaTypewriterRegular.ttf
5bd8c000-5bd9e000 r-xp 00000000 08:01 5637364    /usr/lib/i386-linux-gnu/libtasn1.so.6.3.2
5bd9e000-5bd9f000 r--p 00012000 08:01 5637364    /usr/lib/i386-linux-gnu/libtasn1.so.6.3.2
5bd9f000-5bda0000 rw-p 00013000 08:01 5637364    /usr/lib/i386-linux-gnu/libtasn1.so.6.3.2
5bda0000-5bddd000 r-xp 00000000 08:01 5642645    /usr/lib/i386-linux-gnu/libp11-kit.so.0.0.0
5bddd000-5bde3000 r--p 0003c000 08:01 5642645    /usr/lib/i386-linux-gnu/libp11-kit.so.0.0.0
5bde3000-5bde4000 rw-p 00042000 08:01 5642645    /usr/lib/i386-linux-gnu/libp11-kit.so.0.0.0
5bde4000-5be6d000 r-xp 00000000 08:01 5642294    /usr/lib/i386-linux-gnu/libgmp.so.10.2.0
5be6d000-5be6f000 r--p 00088000 08:01 5642294    /usr/lib/i386-linux-gnu/libgmp.so.10.2.0
5be6f000-5be70000 rw-p 0008a000 08:01 5642294    /usr/lib/i386-linux-gnu/libgmp.so.10.2.0
5be70000-5bea3000 r-xp 00000000 08:01 5642596    /usr/lib/i386-linux-gnu/libnettle.so.4.7
5bea3000-5bea5000 r--p 00032000 08:01 5642596    /usr/lib/i386-linux-gnu/libnettle.so.4.7
5bea5000-5bea6000 rw-p 00034000 08:01 5642596    /usr/lib/i386-linux-gnu/libnettle.so.4.7
5bea6000-5bed3000 r-xp 00000000 08:01 5642454    /usr/lib/i386-linux-gnu/libhogweed.so.2.5
5bed3000-5bed4000 r--p 0002d000 08:01 5642454    /usr/lib/i386-linux-gnu/libhogweed.so.2.5
5bed4000-5bed5000 rw-p 0002e000 08:01 5642454    /usr/lib/i386-linux-gnu/libhogweed.so.2.5
5bed5000-5bf68000 r-xp 00000000 08:01 5642641    /usr/lib/i386-linux-gnu/liborc-0.4.so.0.22.0
5bf68000-5bf69000 r--p 00092000 08:01 5642641    /usr/lib/i386-linux-gnu/liborc-0.4.so.0.22.0
5bf69000-5bf6d000 rw-p 00093000 08:01 5642641    /usr/lib/i386-linux-gnu/liborc-0.4.so.0.22.0
5bf6d000-5bf7d000 r-xp 00000000 08:01 8389733    /lib/i386-linux-gnu/libbz2.so.1.0.4
5bf7d000-5bf7e000 r--p 0000f000 08:01 8389733    /lib/i386-linux-gnu/libbz2.so.1.0.4
5bf7e000-5bf7f000 rw-p 00010000 08:01 8389733    /lib/i386-linux-gnu/libbz2.so.1.0.4
5bf7f000-5c0b6000 r-xp 00000000 08:01 5637366    /usr/lib/i386-linux-gnu/libgnutls-deb0.so.28.41.0
5c0b6000-5c0bc000 r--p 00137000 08:01 5637366    /usr/lib/i386-linux-gnu/libgnutls-deb0.so.28.41.0
5c0bc000-5c0bd000 rw-p 0013d000 08:01 5637366    /usr/lib/i386-linux-gnu/libgnutls-deb0.so.28.41.0
5c0bd000-5c0be000 rw-p 00000000 00:00 0 
5c0be000-5c0dc000 r-xp 00000000 08:01 5642762    /usr/lib/i386-linux-gnu/librtmp.so.1
5c0dc000-5c0dd000 r--p 0001d000 08:01 5642762    /usr/lib/i386-linux-gnu/librtmp.so.1
5c0dd000-5c0de000 rw-p 0001e000 08:01 5642762    /usr/lib/i386-linux-gnu/librtmp.so.1
5c0de000-5c0f8000 r-xp 00000000 08:01 5638645    /usr/lib/i386-linux-gnu/libva.so.1.3700.0
5c0f8000-5c0f9000 r--p 00019000 08:01 5638645    /usr/lib/i386-linux-gnu/libva.so.1.3700.0
5c0f9000-5c0fa000 rw-p 0001a000 08:01 5638645    /usr/lib/i386-linux-gnu/libva.so.1.3700.0
5c0fa000-5c109000 r-xp 00000000 08:01 5638633    /usr/lib/i386-linux-gnu/libgsm.so.1.0.12
5c109000-5c10a000 r--p 0000e000 08:01 5638633    /usr/lib/i386-linux-gnu/libgsm.so.1.0.12
5c10a000-5c10b000 rw-p 0000f000 08:01 5638633    /usr/lib/i386-linux-gnu/libgsm.so.1.0.12
5c10b000-5c14f000 r-xp 00000000 08:01 5638635    /usr/lib/i386-linux-gnu/libmp3lame.so.0.0.0
5c14f000-5c151000 r--p 00043000 08:01 5638635    /usr/lib/i386-linux-gnu/libmp3lame.so.0.0.0
5c151000-5c152000 rw-p 00045000 08:01 5638635    /usr/lib/i386-linux-gnu/libmp3lame.so.0.0.0
5c152000-5c181000 rw-p 00000000 00:00 0 
5c181000-5c1af000 r-xp 00000000 08:01 5647020    /usr/lib/i386-linux-gnu/libopencore-amrnb.so.0.0.3
5c1af000-5c1b0000 r--p 0002d000 08:01 5647020    /usr/lib/i386-linux-gnu/libopencore-amrnb.so.0.0.3
5c1b0000-5c1b1000 rw-p 0002e000 08:01 5647020    /usr/lib/i386-linux-gnu/libopencore-amrnb.so.0.0.3
5c1b1000-5c1c5000 r-xp 00000000 08:01 5647266    /usr/lib/i386-linux-gnu/libopencore-amrwb.so.0.0.3
5c1c5000-5c1c6000 r--p 00013000 08:01 5647266    /usr/lib/i386-linux-gnu/libopencore-amrwb.so.0.0.3
5c1c6000-5c1c7000 rw-p 00014000 08:01 5647266    /usr/lib/i386-linux-gnu/libopencore-amrwb.so.0.0.3
5c1c7000-5c1eb000 r-xp 00000000 08:01 5638637    /usr/lib/i386-linux-gnu/libopenjpeg.so.1.5.2
5c1eb000-5c1ec000 r--p 00024000 08:01 5638637    /usr/lib/i386-linux-gnu/libopenjpeg.so.1.5.2
5c1ec000-5c1ed000 rw-p 00025000 08:01 5638637    /usr/lib/i386-linux-gnu/libopenjpeg.so.1.5.2
5c1ed000-5c234000 r-xp 00000000 08:01 5638641    /usr/lib/i386-linux-gnu/libopus.so.0.5.0
5c234000-5c235000 r--p 00046000 08:01 5638641    /usr/lib/i386-linux-gnu/libopus.so.0.5.0
5c235000-5c236000 rw-p 00047000 08:01 5638641    /usr/lib/i386-linux-gnu/libopus.so.0.5.0
5c236000-5c2f8000 r-xp 00000000 08:01 5638643    /usr/lib/i386-linux-gnu/libschroedinger-1.0.so.0.11.0
5c2f8000-5c2fa000 r--p 000c2000 08:01 5638643    /usr/lib/i386-linux-gnu/libschroedinger-1.0.so.0.11.0
5c2fa000-5c2fb000 rw-p 000c4000 08:01 5638643    /usr/lib/i386-linux-gnu/libschroedinger-1.0.so.0.11.0
5c2fb000-5c31c000 r-xp 00000000 08:01 5645020    /usr/lib/i386-linux-gnu/sse2/libspeex.so.1.5.0
5c31c000-5c31d000 r--p 00020000 08:01 5645020    /usr/lib/i386-linux-gnu/sse2/libspeex.so.1.5.0
5c31d000-5c31e000 rw-p 00021000 08:01 5645020    /usr/lib/i386-linux-gnu/sse2/libspeex.so.1.5.0
5c31e000-5c336000 r-xp 00000000 08:01 5642868    /usr/lib/i386-linux-gnu/libtheoradec.so.1.1.4
5c336000-5c337000 r--p 00017000 08:01 5642868    /usr/lib/i386-linux-gnu/libtheoradec.so.1.1.4
5c337000-5c338000 rw-p 00018000 08:01 5642868    /usr/lib/i386-linux-gnu/libtheoradec.so.1.1.4
5c338000-5c37c000 r-xp 00000000 08:01 5642870    /usr/lib/i386-linux-gnu/libtheoraenc.so.1.1.2
5c37c000-5c37d000 r--p 00043000 08:01 5642870    /usr/lib/i386-linux-gnu/libtheoraenc.so.1.1.2
5c37d000-5c37e000 rw-p 00044000 08:01 5642870    /usr/lib/i386-linux-gnu/libtheoraenc.so.1.1.2
5c37e000-5c39a000 r-xp 00000000 08:01 5647268    /usr/lib/i386-linux-gnu/libvo-aacenc.so.0.0.4
5c39a000-5c39b000 r--p 0001b000 08:01 5647268    /usr/lib/i386-linux-gnu/libvo-aacenc.so.0.0.4
5c39b000-5c39c000 rw-p 0001c000 08:01 5647268    /usr/lib/i386-linux-gnu/libvo-aacenc.so.0.0.4
5c39c000-5c3b1000 r-xp 00000000 08:01 5647270    /usr/lib/i386-linux-gnu/libvo-amrwbenc.so.0.0.4
5c3b1000-5c3b2000 r--p 00014000 08:01 5647270    /usr/lib/i386-linux-gnu/libvo-amrwbenc.so.0.0.4
5c3b2000-5c3b8000 rw-p 00015000 08:01 5647270    /usr/lib/i386-linux-gnu/libvo-amrwbenc.so.0.0.4
5c3b8000-5c434000 r-xp 00000000 08:01 5642937    /usr/lib/i386-linux-gnu/libvorbisenc.so.2.0.10
5c434000-5c446000 r--p 0007b000 08:01 5642937    /usr/lib/i386-linux-gnu/libvorbisenc.so.2.0.10
5c446000-5c447000 rw-p 0008d000 08:01 5642937    /usr/lib/i386-linux-gnu/libvorbisenc.so.2.0.10
5c447000-5c5dc000 r-xp 00000000 08:01 5642942    /usr/lib/i386-linux-gnu/libvpx.so.1.3.0
5c5dc000-5c5dd000 r--p 00195000 08:01 5642942    /usr/lib/i386-linux-gnu/libvpx.so.1.3.0
5c5dd000-5c5de000 rw-p 00196000 08:01 5642942    /usr/lib/i386-linux-gnu/libvpx.so.1.3.0
5c5de000-5c624000 rw-p 00000000 00:00 0 
5c624000-5c75b000 r-xp 00000000 08:01 5638659    /usr/lib/i386-linux-gnu/i686/sse2/libx264.so.142
5c75b000-5c75c000 r--p 00136000 08:01 5638659    /usr/lib/i386-linux-gnu/i686/sse2/libx264.so.142
5c75c000-5c75d000 rw-p 00137000 08:01 5638659    /usr/lib/i386-linux-gnu/i686/sse2/libx264.so.142
5c75d000-5c7d8000 rw-p 00000000 00:00 0 
5c7d8000-5c894000 r-xp 00000000 08:01 5638661    /usr/lib/i386-linux-gnu/libxvidcore.so.4.3
5c894000-5c895000 r--p 000bc000 08:01 5638661    /usr/lib/i386-linux-gnu/libxvidcore.so.4.3
5c895000-5c89f000 rw-p 000bd000 08:01 5638661    /usr/lib/i386-linux-gnu/libxvidcore.so.4.3
5c89f000-5c908000 rw-p 00000000 00:00 0 
5c908000-5c929000 r-xp 00000000 08:01 5637912    /usr/lib/i386-linux-gnu/i686/cmov/libavresample.so.2.1.0
5c929000-5c92a000 r--p 00020000 08:01 5637912    /usr/lib/i386-linux-gnu/i686/cmov/libavresample.so.2.1.0
5c92a000-5c92b000 rw-p 00021000 08:01 5637912    /usr/lib/i386-linux-gnu/i686/cmov/libavresample.so.2.1.0
5c92b000-5c943000 r-xp 00000000 08:01 8389899    /lib/i386-linux-gnu/libusb-1.0.so.0.1.0
5c943000-5c944000 r--p 00017000 08:01 8389899    /lib/i386-linux-gnu/libusb-1.0.so.0.1.0
5c944000-5c945000 rw-p 00018000 08:01 8389899    /lib/i386-linux-gnu/libusb-1.0.so.0.1.0
5c945000-5c969000 r-xp 00000000 08:01 8389790    /lib/i386-linux-gnu/liblzma.so.5.0.0
5c969000-5c96a000 r--p 00023000 08:01 8389790    /lib/i386-linux-gnu/liblzma.so.5.0.0
5c96a000-5c96b000 rw-p 00024000 08:01 8389790    /lib/i386-linux-gnu/liblzma.so.5.0.0
5c96b000-5c9c1000 r-xp 00000000 08:01 5638710    /usr/lib/i386-linux-gnu/i686/cmov/libswscale.so.3.0.0
5c9c1000-5c9c2000 r--p 00055000 08:01 5638710    /usr/lib/i386-linux-gnu/i686/cmov/libswscale.so.3.0.0
5c9c2000-5c9c3000 rw-p 00056000 08:01 5638710    /usr/lib/i386-linux-gnu/i686/cmov/libswscale.so.3.0.0
5c9c3000-5cb23000 r-xp 00000000 08:01 5638667    /usr/lib/i386-linux-gnu/i686/cmov/libavformat.so.56.1.0
5cb23000-5cb24000 r--p 0015f000 08:01 5638667    /usr/lib/i386-linux-gnu/i686/cmov/libavformat.so.56.1.0
5cb24000-5cb2c000 rw-p 00160000 08:01 5638667    /usr/lib/i386-linux-gnu/i686/cmov/libavformat.so.56.1.0
5cb2c000-5d2f9000 r-xp 00000000 08:01 5638664    /usr/lib/i386-linux-gnu/i686/cmov/libavcodec.so.56.1.0
5d2f9000-5d2fa000 r--p 007cc000 08:01 5638664    /usr/lib/i386-linux-gnu/i686/cmov/libavcodec.so.56.1.0
5d2fa000-5d30b000 rw-p 007cd000 08:01 5638664    /usr/lib/i386-linux-gnu/i686/cmov/libavcodec.so.56.1.0
5d30b000-5d8f8000 rw-p 00000000 00:00 0 
5d8f8000-5d933000 r-xp 00000000 08:01 5638671    /usr/lib/i386-linux-gnu/libdc1394.so.22.1.10
5d933000-5d934000 r--p 0003a000 08:01 5638671    /usr/lib/i386-linux-gnu/libdc1394.so.22.1.10
5d934000-5d935000 rw-p 0003b000 08:01 5638671    /usr/lib/i386-linux-gnu/libdc1394.so.22.1.10
5d935000-5d975000 rw-p 00000000 00:00 0 
5d975000-5d9c6000 r-xp 00000000 08:01 5642504    /usr/lib/i386-linux-gnu/libjasper.so.1.0.0
5d9c6000-5d9c7000 r--p 00050000 08:01 5642504    /usr/lib/i386-linux-gnu/libjasper.so.1.0.0
5d9c7000-5d9ca000 rw-p 00051000 08:01 5642504    /usr/lib/i386-linux-gnu/libjasper.so.1.0.0
5d9ca000-5d9d0000 rw-p 00000000 00:00 0 
5d9d0000-5da47000 r-xp 00000000 08:01 5642875    /usr/lib/i386-linux-gnu/libtiff.so.5.2.0
5da47000-5da48000 r--p 00076000 08:01 5642875    /usr/lib/i386-linux-gnu/libtiff.so.5.2.0
5da48000-5da4a000 rw-p 00077000 08:01 5642875    /usr/lib/i386-linux-gnu/libtiff.so.5.2.0
5da4a000-5da4b000 rw-p 00000000 00:00 0 
5da4b000-5da94000 r-xp 00000000 08:01 5642509    /usr/lib/i386-linux-gnu/libjpeg.so.8.0.2
5da94000-5da95000 r--p 00048000 08:01 5642509    /usr/lib/i386-linux-gnu/libjpeg.so.8.0.2
5da95000-5da96000 rw-p 00049000 08:01 5642509    /usr/lib/i386-linux-gnu/libjpeg.so.8.0.2
5da96000-5daa6000 rw-p 00000000 00:00 0 
5daa6000-60010000 r-xp 00000000 08:01 2893284    /home/iftekher/Desktop/opencv.original/build/lib/libopencv_java310.so
60010000-60026000 r--p 0256a000 08:01 2893284    /home/iftekher/Desktop/opencv.original/build/lib/libopencv_java310.so
60026000-60041000 rw-p 02580000 08:01 2893284    /home/iftekher/Desktop/opencv.original/build/lib/libopencv_java310.so
60041000-600e0000 rw-p 00000000 00:00 0 
600e0000-600e1000 rw-s 81000000 00:06 11128      /dev/snd/pcmC0D3p
600e1000-600e2000 r-xp 00000000 08:01 6177336    /usr/lib/jvm/java-8-oracle/jre/lib/i386/libjsound.so
600e2000-600e3000 rw-p 00000000 08:01 6177336    /usr/lib/jvm/java-8-oracle/jre/lib/i386/libjsound.so
600e3000-600ef000 rw-s 00000000 00:05 290715     /drm mm object (deleted)
600ef000-60103000 r--p 00000000 08:01 6177430    /usr/lib/jvm/java-8-oracle/jre/lib/fonts/LucidaBrightItalic.ttf
60103000-60116000 r--p 00000000 08:01 6177429    /usr/lib/jvm/java-8-oracle/jre/lib/fonts/LucidaBrightDemiBold.ttf
60116000-6011a000 r-xp 00000000 08:01 6177351    /usr/lib/jvm/java-8-oracle/jre/lib/i386/libjavafx_font_pango.so
6011a000-6011b000 rw-p 00003000 08:01 6177351    /usr/lib/jvm/java-8-oracle/jre/lib/i386/libjavafx_font_pango.so
6011b000-60120000 r--s 00084000 08:01 6177295    /usr/lib/jvm/java-8-oracle/jre/lib/jfr.jar
60120000-6012a000 r--s 00000000 08:01 2631257    /var/cache/fontconfig/6aa41aa22e18b8fa06a12da28ea9c28b-le32d4.cache-4
6012a000-6012b000 r--s 00000000 08:01 2621539    /var/cache/fontconfig/c05880de57d1f5e948fdfacc138775d9-le32d4.cache-4
6012b000-60133000 r--s 00000000 08:01 2621531    /var/cache/fontconfig/945677eb7aeaf62f1d50efc3fb3ec7d8-le32d4.cache-4
60133000-60137000 r--s 00000000 08:01 2621516    /var/cache/fontconfig/2cd17615ca594fa2959ae173292e504c-le32d4.cache-4
60137000-60138000 r--s 00000000 08:01 2621513    /var/cache/fontconfig/0d8c3b2ac0904cb8a57a757ad11a4a08-le32d4.cache-4
60138000-6013d000 r--s 00000000 08:01 2621535    /var/cache/fontconfig/a755afe4a08bf5b97852ceb7400b47bc-le32d4.cache-4
6013d000-6013e000 r--s 00000000 08:01 2621534    /var/cache/fontconfig/a6354e3ac43af67bd8d7b8e43c34e49f-le32d4.cache-4
6013e000-6014e000 r--s 00000000 08:01 2621511    /var/cache/fontconfig/04aabc0a78ac019cf9454389977116d2-le32d4.cache-4
6014e000-6014f000 r--s 00000000 08:01 2621515    /var/cache/fontconfig/1ac9eb803944fde146138c791f5cc56a-le32d4.cache-4
6014f000-60152000 r--s 00000000 08:01 2621519    /var/cache/fontconfig/385c0604a188198f04d133e54aba7fe7-le32d4.cache-4
60152000-60153000 r--s 00000000 08:01 2621546    /var/cache/fontconfig/dc05db6664285cc2f12bf69c139ae4c3-le32d4.cache-4
60153000-60157000 r--s 00000000 08:01 2621530    /var/cache/fontconfig/8801497958630a81b71ace7c5f9b32a8-le32d4.cache-4
60157000-60167000 r--s 00000000 08:01 2621543    /var/cache/fontconfig/d52a8644073d54c13679302ca1180695-le32d4.cache-4
60167000-60267000 rw-p 00000000 00:00 0 
60267000-60367000 rw-p 00000000 00:00 0 
60367000-60467000 rw-p 00000000 00:00 0 
60467000-60700000 rw-p 00000000 00:00 0 
60700000-60800000 rw-p 00000000 00:00 0 
60800000-60900000 rw-p 00000000 00:00 0 
60900000-609fe000 rw-p 00000000 00:00 0 
609fe000-60a00000 ---p 00000000 00:00 0 
60a00000-60a02000 r--s 00000000 08:01 2621528    /var/cache/fontconfig/767a8244fc0220cfb567a839d0392e0b-le32d4.cache-4
60a02000-60a07000 r--s 00000000 08:01 2621517    /var/cache/fontconfig/3047814df9a2f067bd2d96a2b9c36e5a-le32d4.cache-4
60a07000-60a0e000 r--s 00000000 08:01 5643880    /usr/lib/i386-linux-gnu/gconv/gconv-modules.cache
60a0e000-60a1e000 r-xp 00000000 08:01 5642740    /usr/lib/i386-linux-gnu/libraw1394.so.11.1.0
60a1e000-60a1f000 r--p 0000f000 08:01 5642740    /usr/lib/i386-linux-gnu/libraw1394.so.11.1.0
60a1f000-60a20000 rw-p 00010000 08:01 5642740    /usr/lib/i386-linux-gnu/libraw1394.so.11.1.0
60a20000-60a4c000 r-xp 00000000 08:01 5636540    /usr/lib/i386-linux-gnu/i686/cmov/libavutil.so.54.3.0
60a4c000-60a4d000 r--p 0002b000 08:01 5636540    /usr/lib/i386-linux-gnu/i686/cmov/libavutil.so.54.3.0
60a4d000-60a4e000 rw-p 0002c000 08:01 5636540    /usr/lib/i386-linux-gnu/i686/cmov/libavutil.so.54.3.0
60a4e000-60a52000 rw-p 00000000 00:00 0 
60a52000-60a53000 r--s 00000000 08:01 2629385    /var/cache/fontconfig/4794a0821666d79190d59a36cb4f44b5-le32d4.cache-4
60a53000-60a57000 r--s 00000000 08:01 2621536    /var/cache/fontconfig/b47c4e1ecd0709278f4910c18777a504-le32d4.cache-4
60a57000-60a5f000 r--s 00000000 08:01 2621520    /var/cache/fontconfig/3f7329c5293ffd510edef78f73874cfd-le32d4.cache-4
60a5f000-60a68000 r--s 00000000 08:01 2631258    /var/cache/fontconfig/d589a48862398ed80a3d6066f4f56f4c-le32d4.cache-4
60a68000-60a80000 r--s 00000000 08:01 2636988    /var/cache/fontconfig/e13b20fdb08344e0e664864cc2ede53d-le32d4.cache-4
60a80000-60a8a000 r--s 00000000 08:01 2621651    /var/cache/fontconfig/8f02d4cb045bd6ce15663e43f347c9f8-le32d4.cache-4
60a8a000-60aa0000 r--s 00000000 08:01 2621621    /var/cache/fontconfig/467c019e582ee353435ea5c21d137ef6-le32d4.cache-4
60aa0000-60aa5000 r-xp 00000000 08:01 6177372    /usr/lib/jvm/java-8-oracle/jre/lib/i386/libjavafx_font_freetype.so
60aa5000-60aa6000 rw-p 00004000 08:01 6177372    /usr/lib/jvm/java-8-oracle/jre/lib/i386/libjavafx_font_freetype.so
60aa6000-60aa9000 r-xp 00000000 08:01 6177340    /usr/lib/jvm/java-8-oracle/jre/lib/i386/libjavafx_font.so
60aa9000-60aaa000 rw-p 00002000 08:01 6177340    /usr/lib/jvm/java-8-oracle/jre/lib/i386/libjavafx_font.so
60aaa000-60aad000 ---p 00000000 00:00 0 
60aad000-60afb000 rwxp 00000000 00:00 0 
60afb000-61a00000 rw-p 00000000 00:00 0 
61a00000-61bfa000 rw-p 00000000 00:00 0 
61bfa000-61c00000 ---p 00000000 00:00 0 
61c00000-61e00000 rw-p 00000000 00:00 0 
61e00000-62000000 rw-p 00000000 00:00 0 
62000000-62100000 rw-p 00000000 00:00 0 
62100000-62103000 r--s 00000000 08:01 2638161    /var/cache/fontconfig/7ef2298fde41cc6eeb7af42e48b7d293-le32d4.cache-4
62103000-6210e000 r-xp 00000000 08:01 5642507    /usr/lib/i386-linux-gnu/libjbig.so.0
6210e000-6210f000 r--p 0000a000 08:01 5642507    /usr/lib/i386-linux-gnu/libjbig.so.0
6210f000-62112000 rw-p 0000b000 08:01 5642507    /usr/lib/i386-linux-gnu/libjbig.so.0
62112000-6211a000 rw-s 00000000 00:05 290714     /drm mm object (deleted)
6211a000-62122000 rw-s 00000000 00:05 290704     /drm mm object (deleted)
62122000-62125000 ---p 00000000 00:00 0 
62125000-62173000 rwxp 00000000 00:00 0 
62173000-62176000 ---p 00000000 00:00 0 
62176000-621c4000 rwxp 00000000 00:00 0 
621c4000-621c5000 ---p 00000000 00:00 0 
621c5000-629c5000 rwxp 00000000 00:00 0 
629c5000-629c6000 ---p 00000000 00:00 0 
629c6000-631c6000 rwxp 00000000 00:00 0 
631c6000-6320a000 r--p 00000000 08:01 6685033    /usr/share/glib-2.0/schemas/gschemas.compiled
6320a000-63211000 r-xp 00000000 08:01 5642639    /usr/lib/i386-linux-gnu/libogg.so.0.8.2
63211000-63212000 r--p 00006000 08:01 5642639    /usr/lib/i386-linux-gnu/libogg.so.0.8.2
63212000-63213000 rw-p 00007000 08:01 5642639    /usr/lib/i386-linux-gnu/libogg.so.0.8.2
63213000-6323d000 r-xp 00000000 08:01 5642935    /usr/lib/i386-linux-gnu/libvorbis.so.0.4.7
6323d000-6323f000 r--p 00029000 08:01 5642935    /usr/lib/i386-linux-gnu/libvorbis.so.0.4.7
6323f000-63240000 rw-p 0002b000 08:01 5642935    /usr/lib/i386-linux-gnu/libvorbis.so.0.4.7
63240000-6324a000 r-xp 00000000 08:01 5642534    /usr/lib/i386-linux-gnu/libltdl.so.7.3.0
6324a000-6324b000 r--p 00009000 08:01 5642534    /usr/lib/i386-linux-gnu/libltdl.so.7.3.0
6324b000-6324c000 rw-p 0000a000 08:01 5642534    /usr/lib/i386-linux-gnu/libltdl.so.7.3.0
6324c000-63263000 r-xp 00000000 08:01 5642852    /usr/lib/i386-linux-gnu/libtdb.so.1.3.4
63263000-63265000 r--p 00016000 08:01 5642852    /usr/lib/i386-linux-gnu/libtdb.so.1.3.4
63265000-63266000 rw-p 00018000 08:01 5642852    /usr/lib/i386-linux-gnu/libtdb.so.1.3.4
63266000-6326f000 r-xp 00000000 08:01 5642939    /usr/lib/i386-linux-gnu/libvorbisfile.so.3.3.6
6326f000-63270000 r--p 00008000 08:01 5642939    /usr/lib/i386-linux-gnu/libvorbisfile.so.3.3.6
63270000-63271000 rw-p 00009000 08:01 5642939    /usr/lib/i386-linux-gnu/libvorbisfile.so.3.3.6
63271000-63282000 r-xp 00000000 08:01 5642011    /usr/lib/i386-linux-gnu/libcanberra.so.0.2.5
63282000-63283000 r--p 00011000 08:01 5642011    /usr/lib/i386-linux-gnu/libcanberra.so.0.2.5
63283000-63284000 rw-p 00012000 08:01 5642011    /usr/lib/i386-linux-gnu/libcanberra.so.0.2.5
63284000-632b9000 r-xp 00000000 08:01 5644276    /usr/lib/i386-linux-gnu/gtk-2.0/2.10.0/engines/libmurrine.so
632b9000-632ba000 r--p 00034000 08:01 5644276    /usr/lib/i386-linux-gnu/gtk-2.0/2.10.0/engines/libmurrine.so
632ba000-632bb000 rw-p 00035000 08:01 5644276    /usr/lib/i386-linux-gnu/gtk-2.0/2.10.0/engines/libmurrine.so
632bb000-632ce000 r-xp 00000000 08:01 5642904    /usr/lib/i386-linux-gnu/libunity-gtk2-parser.so.0.0.0
632ce000-632cf000 r--p 00012000 08:01 5642904    /usr/lib/i386-linux-gnu/libunity-gtk2-parser.so.0.0.0
632cf000-632d0000 rw-p 00013000 08:01 5642904    /usr/lib/i386-linux-gnu/libunity-gtk2-parser.so.0.0.0
632d0000-632d1000 r--s 00000000 08:01 2621538    /var/cache/fontconfig/bab58bb527bb656aaa9f116d68a48d89-le32d4.cache-4
632d1000-632d6000 r--s 00051000 08:01 4740705    /home/iftekher/NetBeansProjects/imageProcessing/ass1/dist/run1045285790/lib/opencv-310.jar
632d6000-632dc000 r--p 00000000 08:01 396687     /home/iftekher/.config/dconf/user
632dc000-632e8000 r-xp 00000000 08:01 5643973    /usr/lib/i386-linux-gnu/gio/modules/libdconfsettings.so
632e8000-632e9000 r--p 0000b000 08:01 5643973    /usr/lib/i386-linux-gnu/gio/modules/libdconfsettings.so
632e9000-632ea000 rw-p 0000c000 08:01 5643973    /usr/lib/i386-linux-gnu/gio/modules/libdconfsettings.so
632ea000-632fd000 r-xp 00000000 08:01 5644298    /usr/lib/i386-linux-gnu/gtk-2.0/modules/liboverlay-scrollbar.so
632fd000-632ff000 r--p 00012000 08:01 5644298    /usr/lib/i386-linux-gnu/gtk-2.0/modules/liboverlay-scrollbar.so
632ff000-63300000 rw-p 00014000 08:01 5644298    /usr/lib/i386-linux-gnu/gtk-2.0/modules/liboverlay-scrollbar.so
63300000-63500000 rw-p 00000000 00:00 0 
63500000-63700000 rw-p 00000000 00:00 0 
63700000-63900000 rw-p 00000000 00:00 0 
63900000-63a00000 rw-p 00000000 00:00 0 
63a00000-63a01000 r--s 00000000 08:01 2621524    /var/cache/fontconfig/56cf4f4769d0f4abc89a4895d7bd3ae1-le32d4.cache-4
63a01000-63a25000 r-xp 00000000 08:01 6177386    /usr/lib/jvm/java-8-oracle/jre/lib/i386/libglass.so
63a25000-63a27000 rw-p 00024000 08:01 6177386    /usr/lib/jvm/java-8-oracle/jre/lib/i386/libglass.so
63a27000-63a5c000 r-xp 00000000 08:01 5642885    /usr/lib/i386-linux-gnu/libtxc_dxtn_s2tc.so.0.0.0
63a5c000-63a5d000 r--p 00034000 08:01 5642885    /usr/lib/i386-linux-gnu/libtxc_dxtn_s2tc.so.0.0.0
63a5d000-63a5e000 rw-p 00035000 08:01 5642885    /usr/lib/i386-linux-gnu/libtxc_dxtn_s2tc.so.0.0.0
63a5e000-63a67000 r-xp 00000000 08:01 5642669    /usr/lib/i386-linux-gnu/libpciaccess.so.0.11.1
63a67000-63a68000 r--p 00008000 08:01 5642669    /usr/lib/i386-linux-gnu/libpciaccess.so.0.11.1
63a68000-63a69000 rw-p 00009000 08:01 5642669    /usr/lib/i386-linux-gnu/libpciaccess.so.0.11.1
63a69000-63a76000 r-xp 00000000 08:01 5642131    /usr/lib/i386-linux-gnu/libdrm_radeon.so.1.0.1
63a76000-63a77000 r--p 0000c000 08:01 5642131    /usr/lib/i386-linux-gnu/libdrm_radeon.so.1.0.1
63a77000-63a78000 rw-p 0000d000 08:01 5642131    /usr/lib/i386-linux-gnu/libdrm_radeon.so.1.0.1
63a78000-63a7e000 r-xp 00000000 08:01 5642129    /usr/lib/i386-linux-gnu/libdrm_nouveau.so.2.0.0
63a7e000-63a7f000 r--p 00005000 08:01 5642129    /usr/lib/i386-linux-gnu/libdrm_nouveau.so.2.0.0
63a7f000-63a80000 rw-p 00006000 08:01 5642129    /usr/lib/i386-linux-gnu/libdrm_nouveau.so.2.0.0
63a80000-63aa3000 r-xp 00000000 08:01 5642127    /usr/lib/i386-linux-gnu/libdrm_intel.so.1.0.0
63aa3000-63aa4000 r--p 00022000 08:01 5642127    /usr/lib/i386-linux-gnu/libdrm_intel.so.1.0.0
63aa4000-63aa5000 rw-p 00023000 08:01 5642127    /usr/lib/i386-linux-gnu/libdrm_intel.so.1.0.0
63aa5000-640b3000 r-xp 00000000 08:01 5644307    /usr/lib/i386-linux-gnu/dri/i965_dri.so
640b3000-640c8000 r--p 0060d000 08:01 5644307    /usr/lib/i386-linux-gnu/dri/i965_dri.so
640c8000-640cd000 rw-p 00622000 08:01 5644307    /usr/lib/i386-linux-gnu/dri/i965_dri.so
640cd000-640d2000 rw-p 00000000 00:00 0 
640d2000-640e6000 r-xp 00000000 08:01 8388710    /lib/i386-linux-gnu/libudev.so.1.6.2
640e6000-640e7000 r--p 00013000 08:01 8388710    /lib/i386-linux-gnu/libudev.so.1.6.2
640e7000-640e8000 rw-p 00014000 08:01 8388710    /lib/i386-linux-gnu/libudev.so.1.6.2
640e8000-640ef000 r-xp 00000000 08:01 5642082    /usr/lib/i386-linux-gnu/libdatrie.so.1.3.1
640ef000-640f0000 r--p 00006000 08:01 5642082    /usr/lib/i386-linux-gnu/libdatrie.so.1.3.1
640f0000-640f1000 rw-p 00007000 08:01 5642082    /usr/lib/i386-linux-gnu/libdatrie.so.1.3.1
640f1000-640f6000 r-xp 00000000 08:01 5641867    /usr/lib/i386-linux-gnu/libXdmcp.so.6.0.0
640f6000-640f7000 r--p 00004000 08:01 5641867    /usr/lib/i386-linux-gnu/libXdmcp.so.6.0.0
640f7000-640f8000 rw-p 00005000 08:01 5641867    /usr/lib/i386-linux-gnu/libXdmcp.so.6.0.0
640f8000-640fa000 r-xp 00000000 08:01 5641856    /usr/lib/i386-linux-gnu/libXau.so.6.0.0
640fa000-640fb000 r--p 00001000 08:01 5641856    /usr/lib/i386-linux-gnu/libXau.so.6.0.0
640fb000-640fc000 rw-p 00002000 08:01 5641856    /usr/lib/i386-linux-gnu/libXau.so.6.0.0
640fc000-64117000 r-xp 00000000 08:01 5642324    /usr/lib/i386-linux-gnu/libgraphite2.so.3.0.1
64117000-64118000 r--p 0001b000 08:01 5642324    /usr/lib/i386-linux-gnu/libgraphite2.so.3.0.1
64118000-64119000 rw-p 0001c000 08:01 5642324    /usr/lib/i386-linux-gnu/libgraphite2.so.3.0.1
64119000-64126000 r-xp 00000000 08:01 5642125    /usr/lib/i386-linux-gnu/libdrm.so.2.4.0
64126000-64127000 r--p 0000c000 08:01 5642125    /usr/lib/i386-linux-gnu/libdrm.so.2.4.0
64127000-64128000 rw-p 0000d000 08:01 5642125    /usr/lib/i386-linux-gnu/libdrm.so.2.4.0
64128000-64129000 r-xp 00000000 08:01 5643056    /usr/lib/i386-linux-gnu/libxshmfence.so.1.0.0
64129000-6412a000 r--p 00000000 08:01 5643056    /usr/lib/i386-linux-gnu/libxshmfence.so.1.0.0
6412a000-6412b000 rw-p 00001000 08:01 5643056    /usr/lib/i386-linux-gnu/libxshmfence.so.1.0.0
6412b000-64130000 r-xp 00000000 08:01 5643038    /usr/lib/i386-linux-gnu/libxcb-sync.so.1.0.0
64130000-64131000 r--p 00004000 08:01 5643038    /usr/lib/i386-linux-gnu/libxcb-sync.so.1.0.0
64131000-64132000 rw-p 00005000 08:01 5643038    /usr/lib/i386-linux-gnu/libxcb-sync.so.1.0.0
64132000-64134000 r-xp 00000000 08:01 5643026    /usr/lib/i386-linux-gnu/libxcb-present.so.0.0.0
64134000-64135000 r--p 00001000 08:01 5643026    /usr/lib/i386-linux-gnu/libxcb-present.so.0.0.0
64135000-64136000 rw-p 00002000 08:01 5643026    /usr/lib/i386-linux-gnu/libxcb-present.so.0.0.0
64136000-64138000 r-xp 00000000 08:01 5643016    /usr/lib/i386-linux-gnu/libxcb-dri3.so.0.0.0
64138000-64139000 r--p 00001000 08:01 5643016    /usr/lib/i386-linux-gnu/libxcb-dri3.so.0.0.0
64139000-6413a000 rw-p 00002000 08:01 5643016    /usr/lib/i386-linux-gnu/libxcb-dri3.so.0.0.0
6413a000-6413e000 r-xp 00000000 08:01 5643014    /usr/lib/i386-linux-gnu/libxcb-dri2.so.0.0.0
6413e000-6413f000 r--p 00003000 08:01 5643014    /usr/lib/i386-linux-gnu/libxcb-dri2.so.0.0.0
6413f000-64140000 rw-p 00004000 08:01 5643014    /usr/lib/i386-linux-gnu/libxcb-dri2.so.0.0.0
64140000-64156000 r-xp 00000000 08:01 5643018    /usr/lib/i386-linux-gnu/libxcb-glx.so.0.0.0
64156000-64157000 r--p 00016000 08:01 5643018    /usr/lib/i386-linux-gnu/libxcb-glx.so.0.0.0
64157000-64158000 rw-p 00017000 08:01 5643018    /usr/lib/i386-linux-gnu/libxcb-glx.so.0.0.0
64158000-64169000 r-xp 00000000 08:01 5643288    /usr/lib/i386-linux-gnu/libglapi.so.0.0.0
64169000-6416b000 r--p 00011000 08:01 5643288    /usr/lib/i386-linux-gnu/libglapi.so.0.0.0
6416b000-64170000 rwxp 00013000 08:01 5643288    /usr/lib/i386-linux-gnu/libglapi.so.0.0.0
64170000-64171000 rwxp 00000000 00:00 0 
64171000-641e1000 r-xp 00000000 08:01 8388706    /lib/i386-linux-gnu/libpcre.so.3.13.1
641e1000-641e2000 r--p 0006f000 08:01 8388706    /lib/i386-linux-gnu/libpcre.so.3.13.1
641e2000-641e3000 rw-p 00070000 08:01 8388706    /lib/i386-linux-gnu/libpcre.so.3.13.1
641e3000-641ea000 r-xp 00000000 08:01 5642175    /usr/lib/i386-linux-gnu/libffi.so.6.0.4
641ea000-641ec000 r--p 00006000 08:01 5642175    /usr/lib/i386-linux-gnu/libffi.so.6.0.4
641ec000-641ed000 rw-p 00008000 08:01 5642175    /usr/lib/i386-linux-gnu/libffi.so.6.0.4
641ed000-64213000 r-xp 00000000 08:01 8389753    /lib/i386-linux-gnu/libexpat.so.1.6.0
64213000-64215000 r--p 00026000 08:01 8389753    /lib/i386-linux-gnu/libexpat.so.1.6.0
64215000-64216000 rw-p 00028000 08:01 8389753    /lib/i386-linux-gnu/libexpat.so.1.6.0
64216000-6421e000 r-xp 00000000 08:01 5642864    /usr/lib/i386-linux-gnu/libthai.so.0.2.0
6421e000-6421f000 r--p 00007000 08:01 5642864    /usr/lib/i386-linux-gnu/libthai.so.0.2.0
6421f000-64220000 rw-p 00008000 08:01 5642864    /usr/lib/i386-linux-gnu/libthai.so.0.2.0
64220000-64240000 r-xp 00000000 08:01 5643046    /usr/lib/i386-linux-gnu/libxcb.so.1.1.0
64240000-64241000 r--p 0001f000 08:01 5643046    /usr/lib/i386-linux-gnu/libxcb.so.1.1.0
64241000-64242000 rw-p 00020000 08:01 5643046    /usr/lib/i386-linux-gnu/libxcb.so.1.1.0
64242000-6424a000 r-xp 00000000 08:01 5643032    /usr/lib/i386-linux-gnu/libxcb-render.so.0.0.0
6424a000-6424b000 r--p 00008000 08:01 5643032    /usr/lib/i386-linux-gnu/libxcb-render.so.0.0.0
6424b000-6424c000 rw-p 00009000 08:01 5643032    /usr/lib/i386-linux-gnu/libxcb-render.so.0.0.0
6424c000-64273000 r-xp 00000000 08:01 5657106    /usr/local/qt_lib/libpng12.so.0.49.0
64273000-64274000 r--p 00026000 08:01 5657106    /usr/local/qt_lib/libpng12.so.0.49.0
64274000-64275000 rw-p 00027000 08:01 5657106    /usr/local/qt_lib/libpng12.so.0.49.0
64275000-64320000 r-xp 00000000 08:01 5642678    /usr/lib/i386-linux-gnu/libpixman-1.so.0.32.6
64320000-64327000 r--p 000aa000 08:01 5642678    /usr/lib/i386-linux-gnu/libpixman-1.so.0.32.6
64327000-64328000 rw-p 000b1000 08:01 5642678    /usr/lib/i386-linux-gnu/libpixman-1.so.0.32.6
64328000-64384000 r-xp 00000000 08:01 5642446    /usr/lib/i386-linux-gnu/libharfbuzz.so.0.937.0
64384000-64385000 r--p 0005b000 08:01 5642446    /usr/lib/i386-linux-gnu/libharfbuzz.so.0.937.0
64385000-64386000 rw-p 0005c000 08:01 5642446    /usr/lib/i386-linux-gnu/libharfbuzz.so.0.937.0
64386000-6439a000 r-xp 00000000 08:01 8389873    /lib/i386-linux-gnu/libresolv-2.21.so
6439a000-6439c000 r--p 00013000 08:01 8389873    /lib/i386-linux-gnu/libresolv-2.21.so
6439c000-6439d000 rw-p 00015000 08:01 8389873    /lib/i386-linux-gnu/libresolv-2.21.so
6439d000-6439f000 rw-p 00000000 00:00 0 
6439f000-643c3000 r-xp 00000000 08:01 8389877    /lib/i386-linux-gnu/libselinux.so.1
643c3000-643c4000 r--p 00024000 08:01 8389877    /lib/i386-linux-gnu/libselinux.so.1
643c4000-643c5000 rw-p 00025000 08:01 8389877    /lib/i386-linux-gnu/libselinux.so.1
643c5000-643c6000 rw-p 00000000 00:00 0 
643c6000-643df000 r-xp 00000000 08:01 8389908    /lib/i386-linux-gnu/libz.so.1.2.8
643df000-643e0000 r--p 00019000 08:01 8389908    /lib/i386-linux-gnu/libz.so.1.2.8
643e0000-643e1000 rw-p 0001a000 08:01 8389908    /lib/i386-linux-gnu/libz.so.1.2.8
643e1000-643f4000 r-xp 00000000 08:01 5641869    /usr/lib/i386-linux-gnu/libXext.so.6.4.0
643f4000-643f5000 r--p 00012000 08:01 5641869    /usr/lib/i386-linux-gnu/libXext.so.6.4.0
643f5000-643f6000 rw-p 00013000 08:01 5641869    /usr/lib/i386-linux-gnu/libXext.so.6.4.0
643f6000-643ff000 r-xp 00000000 08:01 5641863    /usr/lib/i386-linux-gnu/libXcursor.so.1.0.2
643ff000-64400000 r--p 00008000 08:01 5641863    /usr/lib/i386-linux-gnu/libXcursor.so.1.0.2
64400000-64401000 rw-p 00009000 08:01 5641863    /usr/lib/i386-linux-gnu/libXcursor.so.1.0.2
64401000-6440a000 r-xp 00000000 08:01 5641889    /usr/lib/i386-linux-gnu/libXrandr.so.2.2.0
6440a000-6440b000 r--p 00008000 08:01 5641889    /usr/lib/i386-linux-gnu/libXrandr.so.2.2.0
6440b000-6440c000 rw-p 00009000 08:01 5641889    /usr/lib/i386-linux-gnu/libXrandr.so.2.2.0
6440c000-6441c000 r-xp 00000000 08:01 5641877    /usr/lib/i386-linux-gnu/libXi.so.6.1.0
6441c000-6441d000 r--p 00010000 08:01 5641877    /usr/lib/i386-linux-gnu/libXi.so.6.1.0
6441d000-6441e000 rw-p 00011000 08:01 5641877    /usr/lib/i386-linux-gnu/libXi.so.6.1.0
6441e000-6443a000 r-xp 00000000 08:01 8388624    /lib/i386-linux-gnu/libgcc_s.so.1
6443a000-6443b000 rw-p 0001b000 08:01 8388624    /lib/i386-linux-gnu/libgcc_s.so.1
6443b000-64524000 r-xp 00000000 08:01 5642842    /usr/lib/i386-linux-gnu/libstdc++.so.6.0.20
64524000-64528000 r--p 000e9000 08:01 5642842    /usr/lib/i386-linux-gnu/libstdc++.so.6.0.20
64528000-64529000 rw-p 000ed000 08:01 5642842    /usr/lib/i386-linux-gnu/libstdc++.so.6.0.20
64529000-64530000 rw-p 00000000 00:00 0 
64530000-645d5000 r-xp 00000000 08:01 5636616    /usr/lib/i386-linux-gnu/mesa/libGL.so.1.2.0
645d5000-645d8000 r--p 000a4000 08:01 5636616    /usr/lib/i386-linux-gnu/mesa/libGL.so.1.2.0
645d8000-645dd000 rwxp 000a7000 08:01 5636616    /usr/lib/i386-linux-gnu/mesa/libGL.so.1.2.0
645dd000-645de000 rwxp 00000000 00:00 0 
645de000-64725000 r-xp 00000000 08:01 5641852    /usr/lib/i386-linux-gnu/libX11.so.6.3.0
64725000-64726000 r--p 00146000 08:01 5641852    /usr/lib/i386-linux-gnu/libX11.so.6.3.0
64726000-64728000 rw-p 00147000 08:01 5641852    /usr/lib/i386-linux-gnu/libX11.so.6.3.0
64728000-64729000 rw-p 00000000 00:00 0 
64729000-6484f000 r-xp 00000000 08:01 8389761    /lib/i386-linux-gnu/libglib-2.0.so.0.4400.1
6484f000-64850000 r--p 00125000 08:01 8389761    /lib/i386-linux-gnu/libglib-2.0.so.0.4400.1
64850000-64851000 rw-p 00126000 08:01 8389761    /lib/i386-linux-gnu/libglib-2.0.so.0.4400.1
64851000-648ac000 r-xp 00000000 08:01 5636522    /usr/lib/i386-linux-gnu/libgobject-2.0.so.0.4400.1
648ac000-648ad000 r--p 0005b000 08:01 5636522    /usr/lib/i386-linux-gnu/libgobject-2.0.so.0.4400.1
648ad000-648ae000 rw-p 0005c000 08:01 5636522    /usr/lib/i386-linux-gnu/libgobject-2.0.so.0.4400.1
648ae000-648ef000 r-xp 00000000 08:01 5642189    /usr/lib/i386-linux-gnu/libfontconfig.so.1.8.0
648ef000-648f0000 r--p 00040000 08:01 5642189    /usr/lib/i386-linux-gnu/libfontconfig.so.1.8.0
648f0000-648f1000 rw-p 00041000 08:01 5642189    /usr/lib/i386-linux-gnu/libfontconfig.so.1.8.0
648f1000-6499c000 r-xp 00000000 08:01 5636403    /usr/lib/i386-linux-gnu/libfreetype.so.6.11.1
6499c000-649a0000 r--p 000aa000 08:01 5636403    /usr/lib/i386-linux-gnu/libfreetype.so.6.11.1
649a0000-649a1000 rw-p 000ae000 08:01 5636403    /usr/lib/i386-linux-gnu/libfreetype.so.6.11.1
649a1000-649f1000 r-xp 00000000 08:01 5642653    /usr/lib/i386-linux-gnu/libpango-1.0.so.0.3600.8
649f1000-649f2000 r--p 00050000 08:01 5642653    /usr/lib/i386-linux-gnu/libpango-1.0.so.0.3600.8
649f2000-649f3000 rw-p 00051000 08:01 5642653    /usr/lib/i386-linux-gnu/libpango-1.0.so.0.3600.8
649f3000-64b36000 r-xp 00000000 08:01 5642003    /usr/lib/i386-linux-gnu/libcairo.so.2.11400.2
64b36000-64b38000 r--p 00143000 08:01 5642003    /usr/lib/i386-linux-gnu/libcairo.so.2.11400.2
64b38000-64b39000 rw-p 00145000 08:01 5642003    /usr/lib/i386-linux-gnu/libcairo.so.2.11400.2
64b39000-64b3a000 rw-p 00000000 00:00 0 
64b3a000-64cf3000 r-xp 00000000 08:01 5636501    /usr/lib/i386-linux-gnu/libgio-2.0.so.0.4400.1
64cf3000-64cf6000 r--p 001b8000 08:01 5636501    /usr/lib/i386-linux-gnu/libgio-2.0.so.0.4400.1
64cf6000-64cf8000 rw-p 001bb000 08:01 5636501    /usr/lib/i386-linux-gnu/libgio-2.0.so.0.4400.1
64cf8000-64cf9000 rw-p 00000000 00:00 0 
64cf9000-64db6000 r-xp 00000000 08:01 5642252    /usr/lib/i386-linux-gnu/libgdk-x11-2.0.so.0.2400.27
64db6000-64db8000 r--p 000bd000 08:01 5642252    /usr/lib/i386-linux-gnu/libgdk-x11-2.0.so.0.2400.27
64db8000-64db9000 rw-p 000bf000 08:01 5642252    /usr/lib/i386-linux-gnu/libgdk-x11-2.0.so.0.2400.27
64db9000-652a7000 r-xp 00000000 08:01 5642421    /usr/lib/i386-linux-gnu/libgtk-x11-2.0.so.0.2400.27
652a7000-652ab000 r--p 004ee000 08:01 5642421    /usr/lib/i386-linux-gnu/libgtk-x11-2.0.so.0.2400.27
652ab000-652ad000 rw-p 004f2000 08:01 5642421    /usr/lib/i386-linux-gnu/libgtk-x11-2.0.so.0.2400.27
652ad000-652af000 rw-p 00000000 00:00 0 
652af000-652b2000 ---p 00000000 00:00 0 
652b2000-65300000 rwxp 00000000 00:00 0 
65300000-65400000 rw-p 00000000 00:00 0 
65400000-65401000 r--s 00000000 08:01 2621537    /var/cache/fontconfig/b9d506c9ac06c20b433354fa67a72993-le32d4.cache-4
65401000-65402000 r--s 00000000 08:01 2621523    /var/cache/fontconfig/551ecf3b0e8b0bca0f25c0944f561853-le32d4.cache-4
65402000-65404000 r-xp 00000000 08:01 5643036    /usr/lib/i386-linux-gnu/libxcb-shm.so.0.0.0
65404000-65405000 r--p 00001000 08:01 5643036    /usr/lib/i386-linux-gnu/libxcb-shm.so.0.0.0
65405000-65406000 rw-p 00002000 08:01 5643036    /usr/lib/i386-linux-gnu/libxcb-shm.so.0.0.0
65406000-65408000 r-xp 00000000 08:01 5641865    /usr/lib/i386-linux-gnu/libXdamage.so.1.1.0
65408000-65409000 r--p 00001000 08:01 5641865    /usr/lib/i386-linux-gnu/libXdamage.so.1.1.0
65409000-6540a000 rw-p 00002000 08:01 5641865    /usr/lib/i386-linux-gnu/libXdamage.so.1.1.0
6540a000-65414000 r-xp 00000000 08:01 5641891    /usr/lib/i386-linux-gnu/libXrender.so.1.3.0
65414000-65415000 r--p 00009000 08:01 5641891    /usr/lib/i386-linux-gnu/libXrender.so.1.3.0
65415000-65416000 rw-p 0000a000 08:01 5641891    /usr/lib/i386-linux-gnu/libXrender.so.1.3.0
65416000-654ab000 r--s 01103000 08:01 6298961    /usr/lib/jvm/java-8-oracle/jre/lib/ext/jfxrt.jar
654ab000-654ac000 ---p 00000000 00:00 0 
654ac000-6552c000 rwxp 00000000 00:00 0 
6552c000-6552f000 ---p 00000000 00:00 0 
6552f000-6557d000 rwxp 00000000 00:00 0 
6557d000-65580000 ---p 00000000 00:00 0 
65580000-655fe000 rwxp 00000000 00:00 0 
655fe000-65601000 ---p 00000000 00:00 0 
65601000-6567f000 rwxp 00000000 00:00 0 
6567f000-65682000 ---p 00000000 00:00 0 
65682000-65700000 rwxp 00000000 00:00 0 
65700000-65900000 r--p 00000000 08:01 5645151    /usr/lib/locale/locale-archive
65900000-65921000 rw-p 00000000 00:00 0 
65921000-65a00000 ---p 00000000 00:00 0 
65a00000-65b00000 rw-p 00000000 00:00 0 
65b00000-65b02000 r--s 00000000 08:01 2621661    /var/cache/fontconfig/16326683038b281783a0ef8c680e3a10-le32d4.cache-4
65b02000-65b04000 r-xp 00000000 08:01 5641861    /usr/lib/i386-linux-gnu/libXcomposite.so.1.0.0
65b04000-65b05000 r--p 00001000 08:01 5641861    /usr/lib/i386-linux-gnu/libXcomposite.so.1.0.0
65b05000-65b06000 rw-p 00002000 08:01 5641861    /usr/lib/i386-linux-gnu/libXcomposite.so.1.0.0
65b06000-65b0b000 r-xp 00000000 08:01 5641871    /usr/lib/i386-linux-gnu/libXfixes.so.3.1.0
65b0b000-65b0c000 r--p 00004000 08:01 5641871    /usr/lib/i386-linux-gnu/libXfixes.so.3.1.0
65b0c000-65b0d000 rw-p 00005000 08:01 5641871    /usr/lib/i386-linux-gnu/libXfixes.so.3.1.0
65b0d000-65b10000 ---p 00000000 00:00 0 
65b10000-65b5e000 rwxp 00000000 00:00 0 
65b5e000-65b61000 ---p 00000000 00:00 0 
65b61000-65baf000 rwxp 00000000 00:00 0 
65baf000-65bb2000 ---p 00000000 00:00 0 
65bb2000-65c00000 rwxp 00000000 00:00 0 
65c00000-65cfb000 rw-p 00000000 00:00 0 
65cfb000-65d00000 ---p 00000000 00:00 0 
65d00000-65d01000 r-xp 00000000 08:01 5641850    /usr/lib/i386-linux-gnu/libX11-xcb.so.1.0.0
65d01000-65d02000 r--p 00000000 08:01 5641850    /usr/lib/i386-linux-gnu/libX11-xcb.so.1.0.0
65d02000-65d03000 rw-p 00001000 08:01 5641850    /usr/lib/i386-linux-gnu/libX11-xcb.so.1.0.0
65d03000-65d29000 r-xp 00000000 08:01 5645921    /usr/lib/i386-linux-gnu/libgdk_pixbuf-2.0.so.0.3100.3
65d29000-65d2a000 r--p 00026000 08:01 5645921    /usr/lib/i386-linux-gnu/libgdk_pixbuf-2.0.so.0.3100.3
65d2a000-65d2b000 rw-p 00027000 08:01 5645921    /usr/lib/i386-linux-gnu/libgdk_pixbuf-2.0.so.0.3100.3
65d2b000-65d2c000 ---p 00000000 00:00 0 
65d2c000-65dac000 rwxp 00000000 00:00 0 
65dac000-65dfb000 rw-p 00000000 00:00 0 
65dfb000-65fd4000 r--s 03d1f000 08:01 6177319    /usr/lib/jvm/java-8-oracle/jre/lib/rt.jar
65fd4000-6641a000 rw-p 00000000 00:00 0 
6641a000-66420000 ---p 00000000 00:00 0 
66420000-68700000 rw-p 00000000 00:00 0 
68700000-687fb000 rw-p 00000000 00:00 0 
687fb000-68800000 ---p 00000000 00:00 0 
68800000-68801000 r--s 00000000 08:01 2621512    /var/cache/fontconfig/0c9eb80ebd1c36541ebe2852d3bb0c49-le32d4.cache-4
68801000-68802000 r--s 00000000 08:01 2621644    /var/cache/fontconfig/e0aa53bcfa504e64f87823c16bc01eb6-le32d4.cache-4
68802000-68804000 r-xp 00000000 08:01 5641879    /usr/lib/i386-linux-gnu/libXinerama.so.1.0.0
68804000-68805000 r--p 00001000 08:01 5641879    /usr/lib/i386-linux-gnu/libXinerama.so.1.0.0
68805000-68806000 rw-p 00002000 08:01 5641879    /usr/lib/i386-linux-gnu/libXinerama.so.1.0.0
68806000-6880a000 r-xp 00000000 08:01 5641907    /usr/lib/i386-linux-gnu/libXxf86vm.so.1.0.0
6880a000-6880b000 r--p 00004000 08:01 5641907    /usr/lib/i386-linux-gnu/libXxf86vm.so.1.0.0
6880b000-6880c000 rw-p 00005000 08:01 5641907    /usr/lib/i386-linux-gnu/libXxf86vm.so.1.0.0
6880c000-68811000 r-xp 00000000 08:01 5641897    /usr/lib/i386-linux-gnu/libXtst.so.6.1.0
68811000-68812000 r--p 00004000 08:01 5641897    /usr/lib/i386-linux-gnu/libXtst.so.6.1.0
68812000-68813000 rw-p 00005000 08:01 5641897    /usr/lib/i386-linux-gnu/libXtst.so.6.1.0
68813000-68814000 r-xp 00000000 08:01 5636479    /usr/lib/i386-linux-gnu/libgthread-2.0.so.0.4400.1
68814000-68815000 r--p 00000000 08:01 5636479    /usr/lib/i386-linux-gnu/libgthread-2.0.so.0.4400.1
68815000-68816000 rw-p 00001000 08:01 5636479    /usr/lib/i386-linux-gnu/libgthread-2.0.so.0.4400.1
68816000-68822000 r-xp 00000000 08:01 5642655    /usr/lib/i386-linux-gnu/libpangocairo-1.0.so.0.3600.8
68822000-68823000 r--p 0000b000 08:01 5642655    /usr/lib/i386-linux-gnu/libpangocairo-1.0.so.0.3600.8
68823000-68824000 rw-p 0000c000 08:01 5642655    /usr/lib/i386-linux-gnu/libpangocairo-1.0.so.0.3600.8
68824000-6887f000 rw-p 00000000 00:00 0 
6887f000-68880000 ---p 00000000 00:00 0 
68880000-68900000 rwxp 00000000 00:00 0 
68900000-68921000 rw-p 00000000 00:00 0 
68921000-68a00000 ---p 00000000 00:00 0 
68a00000-68afb000 rw-p 00000000 00:00 0 
68afb000-68b00000 ---p 00000000 00:00 0 
68b00000-68bfd000 rw-p 00000000 00:00 0 
68bfd000-68c00000 ---p 00000000 00:00 0 
68c00000-68c01000 r--s 80000000 00:06 11128      /dev/snd/pcmC0D3p
68c01000-68c43000 r--p 00858000 08:01 5645151    /usr/lib/locale/locale-archive
68c43000-68c44000 ---p 00000000 00:00 0 
68c44000-68cc4000 rwxp 00000000 00:00 0 
68cc4000-68cd9000 rw-p 00000000 00:00 0 
68cd9000-68e0f000 ---p 00000000 00:00 0 
68e0f000-68e24000 rw-p 00000000 00:00 0 
68e24000-68f59000 ---p 00000000 00:00 0 
68f59000-68fb9000 rw-p 00000000 00:00 0 
68fb9000-68fff000 ---p 00000000 00:00 0 
68fff000-6b980000 rw-p 00000000 00:00 0 
6b980000-92580000 ---p 00000000 00:00 0 
92580000-9e400000 rw-p 00000000 00:00 0 
9e400000-a7000000 ---p 00000000 00:00 0 
a7000000-a7015000 r-xp 00000000 08:01 5642657    /usr/lib/i386-linux-gnu/libpangoft2-1.0.so.0.3600.8
a7015000-a7016000 r--p 00015000 08:01 5642657    /usr/lib/i386-linux-gnu/libpangoft2-1.0.so.0.3600.8
a7016000-a7017000 rw-p 00016000 08:01 5642657    /usr/lib/i386-linux-gnu/libpangoft2-1.0.so.0.3600.8
a7017000-a703b000 r-xp 00000000 08:01 5641948    /usr/lib/i386-linux-gnu/libatk-1.0.so.0.21409.1
a703b000-a703d000 r--p 00023000 08:01 5641948    /usr/lib/i386-linux-gnu/libatk-1.0.so.0.21409.1
a703d000-a703e000 rw-p 00025000 08:01 5641948    /usr/lib/i386-linux-gnu/libatk-1.0.so.0.21409.1
a703e000-a703f000 ---p 00000000 00:00 0 
a703f000-a70bf000 rwxp 00000000 00:00 0 
a70bf000-a70c0000 ---p 00000000 00:00 0 
a70c0000-a7140000 rwxp 00000000 00:00 0 
a7140000-a7151000 rw-p 00000000 00:00 0 
a7151000-a7500000 ---p 00000000 00:00 0 
a7500000-a7940000 rwxp 00000000 00:00 0 
a7940000-b6500000 ---p 00000000 00:00 0 
b6500000-b65fb000 rw-p 00000000 00:00 0 
b65fb000-b6600000 ---p 00000000 00:00 0 
b6600000-b6604000 r-xp 00000000 08:01 5642007    /usr/lib/i386-linux-gnu/libcanberra-gtk.so.0.1.9
b6604000-b6605000 r--p 00003000 08:01 5642007    /usr/lib/i386-linux-gnu/libcanberra-gtk.so.0.1.9
b6605000-b6606000 rw-p 00004000 08:01 5642007    /usr/lib/i386-linux-gnu/libcanberra-gtk.so.0.1.9
b6606000-b660b000 r-xp 00000000 08:01 5644295    /usr/lib/i386-linux-gnu/gtk-2.0/modules/libcanberra-gtk-module.so
b660b000-b660c000 r--p 00004000 08:01 5644295    /usr/lib/i386-linux-gnu/gtk-2.0/modules/libcanberra-gtk-module.so
b660c000-b660d000 rw-p 00005000 08:01 5644295    /usr/lib/i386-linux-gnu/gtk-2.0/modules/libcanberra-gtk-module.so
b660d000-b6612000 r-xp 00000000 08:01 5644299    /usr/lib/i386-linux-gnu/gtk-2.0/modules/libunity-gtk-module.so
b6612000-b6613000 r--p 00004000 08:01 5644299    /usr/lib/i386-linux-gnu/gtk-2.0/modules/libunity-gtk-module.so
b6613000-b6614000 rw-p 00005000 08:01 5644299    /usr/lib/i386-linux-gnu/gtk-2.0/modules/libunity-gtk-module.so
b6614000-b661c000 rw-s 00000000 00:05 290688     /drm mm object (deleted)
b661c000-b6634000 rw-p 00000000 00:00 0 
b6634000-b664d000 r-xp 00000000 08:01 6177349    /usr/lib/jvm/java-8-oracle/jre/lib/i386/libzip.so
b664d000-b664e000 rw-p 00019000 08:01 6177349    /usr/lib/jvm/java-8-oracle/jre/lib/i386/libzip.so
b664e000-b665a000 r-xp 00000000 08:01 8389820    /lib/i386-linux-gnu/libnss_files-2.21.so
b665a000-b665b000 r--p 0000b000 08:01 8389820    /lib/i386-linux-gnu/libnss_files-2.21.so
b665b000-b665c000 rw-p 0000c000 08:01 8389820    /lib/i386-linux-gnu/libnss_files-2.21.so
b665c000-b6667000 r-xp 00000000 08:01 8389830    /lib/i386-linux-gnu/libnss_nis-2.21.so
b6667000-b6668000 r--p 0000a000 08:01 8389830    /lib/i386-linux-gnu/libnss_nis-2.21.so
b6668000-b6669000 rw-p 0000b000 08:01 8389830    /lib/i386-linux-gnu/libnss_nis-2.21.so
b6669000-b6680000 r-xp 00000000 08:01 8389814    /lib/i386-linux-gnu/libnsl-2.21.so
b6680000-b6681000 r--p 00016000 08:01 8389814    /lib/i386-linux-gnu/libnsl-2.21.so
b6681000-b6682000 rw-p 00017000 08:01 8389814    /lib/i386-linux-gnu/libnsl-2.21.so
b6682000-b6684000 rw-p 00000000 00:00 0 
b6684000-b6685000 r--s 00000000 00:29 244620     /run/user/1000/dconf/user
b6685000-b6688000 r-xp 00000000 08:01 5636519    /usr/lib/i386-linux-gnu/libgmodule-2.0.so.0.4400.1
b6688000-b6689000 r--p 00002000 08:01 5636519    /usr/lib/i386-linux-gnu/libgmodule-2.0.so.0.4400.1
b6689000-b668a000 rw-p 00003000 08:01 5636519    /usr/lib/i386-linux-gnu/libgmodule-2.0.so.0.4400.1
b668a000-b6695000 r-xp 00000000 08:01 6177358    /usr/lib/jvm/java-8-oracle/jre/lib/i386/libprism_es2.so
b6695000-b6696000 rw-p 0000a000 08:01 6177358    /usr/lib/jvm/java-8-oracle/jre/lib/i386/libprism_es2.so
b6696000-b669e000 rw-s 00000000 08:01 4082619    /tmp/hsperfdata_iftekher/14276
b669e000-b66c2000 r-xp 00000000 08:01 6177364    /usr/lib/jvm/java-8-oracle/jre/lib/i386/libjava.so
b66c2000-b66c3000 rw-p 00023000 08:01 6177364    /usr/lib/jvm/java-8-oracle/jre/lib/i386/libjava.so
b66c3000-b66ca000 r-xp 00000000 08:01 8389875    /lib/i386-linux-gnu/librt-2.21.so
b66ca000-b66cb000 r--p 00006000 08:01 8389875    /lib/i386-linux-gnu/librt-2.21.so
b66cb000-b66cc000 rw-p 00007000 08:01 8389875    /lib/i386-linux-gnu/librt-2.21.so
b66cc000-b66cf000 ---p 00000000 00:00 0 
b66cf000-b671d000 rwxp 00000000 00:00 0 
b671d000-b6768000 r-xp 00000000 08:01 8389793    /lib/i386-linux-gnu/libm-2.21.so
b6768000-b6769000 r--p 0004a000 08:01 8389793    /lib/i386-linux-gnu/libm-2.21.so
b6769000-b676a000 rw-p 0004b000 08:01 8389793    /lib/i386-linux-gnu/libm-2.21.so
b676a000-b70ed000 r-xp 00000000 08:01 6177370    /usr/lib/jvm/java-8-oracle/jre/lib/i386/server/libjvm.so
b70ed000-b715a000 rw-p 00983000 08:01 6177370    /usr/lib/jvm/java-8-oracle/jre/lib/i386/server/libjvm.so
b715a000-b7583000 rw-p 00000000 00:00 0 
b7583000-b7737000 r-xp 00000000 08:01 8389734    /lib/i386-linux-gnu/libc-2.21.so
b7737000-b773a000 r--p 001b3000 08:01 8389734    /lib/i386-linux-gnu/libc-2.21.so
b773a000-b773c000 rw-p 001b6000 08:01 8389734    /lib/i386-linux-gnu/libc-2.21.so
b773c000-b773e000 rw-p 00000000 00:00 0 
b773e000-b7741000 r-xp 00000000 08:01 8389751    /lib/i386-linux-gnu/libdl-2.21.so
b7741000-b7742000 r--p 00002000 08:01 8389751    /lib/i386-linux-gnu/libdl-2.21.so
b7742000-b7743000 rw-p 00003000 08:01 8389751    /lib/i386-linux-gnu/libdl-2.21.so
b7743000-b7757000 r-xp 00000000 08:01 6177401    /usr/lib/jvm/java-8-oracle/jre/lib/i386/jli/libjli.so
b7757000-b7758000 rw-p 00014000 08:01 6177401    /usr/lib/jvm/java-8-oracle/jre/lib/i386/jli/libjli.so
b7758000-b7759000 rw-p 00000000 00:00 0 
b7759000-b7772000 r-xp 00000000 08:01 8389867    /lib/i386-linux-gnu/libpthread-2.21.so
b7772000-b7773000 r--p 00018000 08:01 8389867    /lib/i386-linux-gnu/libpthread-2.21.so
b7773000-b7774000 rw-p 00019000 08:01 8389867    /lib/i386-linux-gnu/libpthread-2.21.so
b7774000-b7776000 rw-p 00000000 00:00 0 
b7776000-b7777000 r--s 00001000 08:01 4740702    /home/iftekher/NetBeansProjects/imageProcessing/ass1/dist/run1045285790/cctvAnalization.jar
b7777000-b7778000 r--p 005e0000 08:01 5645151    /usr/lib/locale/locale-archive
b7778000-b7780000 r-xp 00000000 08:01 8389816    /lib/i386-linux-gnu/libnss_compat-2.21.so
b7780000-b7781000 r--p 00007000 08:01 8389816    /lib/i386-linux-gnu/libnss_compat-2.21.so
b7781000-b7782000 rw-p 00008000 08:01 8389816    /lib/i386-linux-gnu/libnss_compat-2.21.so
b7782000-b7783000 rw-p 00000000 00:00 0 
b7783000-b7784000 r--p 00000000 00:00 0 
b7784000-b778f000 r-xp 00000000 08:01 6177387    /usr/lib/jvm/java-8-oracle/jre/lib/i386/libverify.so
b778f000-b7790000 rw-p 0000b000 08:01 6177387    /usr/lib/jvm/java-8-oracle/jre/lib/i386/libverify.so
b7790000-b7792000 rw-p 00000000 00:00 0 
b7792000-b7794000 r--p 00000000 00:00 0          [vvar]
b7794000-b7795000 r-xp 00000000 00:00 0          [vdso]
b7795000-b77b7000 r-xp 00000000 08:01 8389706    /lib/i386-linux-gnu/ld-2.21.so
b77b7000-b77b8000 r--p 00021000 08:01 8389706    /lib/i386-linux-gnu/ld-2.21.so
b77b8000-b77b9000 rw-p 00022000 08:01 8389706    /lib/i386-linux-gnu/ld-2.21.so
b77b9000-bb7ba000 rw-s 00000000 00:12 294012     /dev/shm/pulse-shm-3145213966
bb7ba000-bf7bb000 rw-s 00000000 00:12 292991     /dev/shm/pulse-shm-1621505299
bf7bb000-bf853000 rw-p 00000000 00:00 0 
bf85c000-bf85d000 rwxp 00000000 00:00 0 
bf88f000-bf8af000 rwxp 00000000 00:00 0          [stack]
bf8af000-bf8b0000 rw-p 00000000 00:00 0 
bf900000-bf9c1000 rw-p 00000000 00:00 0 
bf9c1000-bfa00000 ---p 00000000 00:00 0 
bfa00000-bfac1000 rw-p 00000000 00:00 0 
bfac1000-bfb00000 ---p 00000000 00:00 0 
bfb00000-bfbc1000 rw-p 00000000 00:00 0 
bfbc1000-bfc00000 ---p 00000000 00:00 0 
bfc00000-bfcc1000 rw-p 00000000 00:00 0 
bfcc1000-bfd00000 ---p 00000000 00:00 0 
bfd00000-bfdc1000 rw-p 00000000 00:00 0 
bfdc1000-bfe00000 ---p 00000000 00:00 0 
bfe00000-bfefc000 rw-p 00000000 00:00 0 
bfefc000-bff00000 ---p 00000000 00:00 0 
bff00000-bfff7000 rw-p 00000000 00:00 0 
bfff7000-c0000000 ---p 00000000 00:00 0 

VM Arguments:
jvm_args: -Dfile.encoding=UTF-8 -Djava.library.path=/home/iftekher/Desktop/opencv.original/build/lib 
java_command: /home/iftekher/NetBeansProjects/imageProcessing/ass1/dist/run1045285790/cctvAnalization.jar
java_class_path (initial): /home/iftekher/NetBeansProjects/imageProcessing/ass1/dist/run1045285790/cctvAnalization.jar
Launcher Type: SUN_STANDARD

Environment Variables:
JAVA_HOME=/usr/local/java/jdk1.8.0_77
JRE_HOME=/usr/local/java/jre1.8.0_77
PATH=/usr/local/sbin:/usr/local/bin:/usr/sbin:/usr/bin:/sbin:/bin:/usr/games:/usr/local/games:/usr/local/java/jre1.8.0_77/bin:/usr/local/java/jdk1.8.0_77/bin:/usr/local/java/jre1.8.0_77/bin:/usr/local/java/jdk1.8.0_77/bin:/usr/local/java/jre1.8.0_77/bin:/usr/local/java/jdk1.8.0_77/bin:/usr/lib/jvm/java-8-oracle/bin:/usr/lib/jvm/java-8-oracle/db/bin:/usr/lib/jvm/java-8-oracle/jre/bin:/usr/local/java/jre1.8.0_77/bin:/usr/local/java/jdk1.8.0_77/bin:/usr/local/java/jre1.8.0_77/bin:/usr/local/java/jdk1.8.0_77/bin:/usr/local/java/jre1.8.0_77/bin:/usr/local/java/jdk1.8.0_77/bin
LD_LIBRARY_PATH=/usr/lib/jvm/java-8-oracle/jre/lib/amd64:/usr/lib/jvm/java-8-oracle/jre/lib/i386:
SHELL=/bin/bash
DISPLAY=:0.0

Signal Handlers:
SIGSEGV: [libjvm.so+0x8d0a60], sa_mask[0]=11111111011111111101111111111110, sa_flags=SA_RESTART|SA_SIGINFO
SIGBUS: [libjvm.so+0x8d0a60], sa_mask[0]=11111111011111111101111111111110, sa_flags=SA_RESTART|SA_SIGINFO
SIGFPE: [libjvm.so+0x7503b0], sa_mask[0]=11111111011111111101111111111110, sa_flags=SA_RESTART|SA_SIGINFO
SIGPIPE: SIG_IGN, sa_mask[0]=00000000000010000000000000000000, sa_flags=SA_RESTART
SIGXFSZ: [libjvm.so+0x7503b0], sa_mask[0]=11111111011111111101111111111110, sa_flags=SA_RESTART|SA_SIGINFO
SIGILL: [libjvm.so+0x7503b0], sa_mask[0]=11111111011111111101111111111110, sa_flags=SA_RESTART|SA_SIGINFO
SIGUSR1: SIG_DFL, sa_mask[0]=00000000000000000000000000000000, sa_flags=none
SIGUSR2: [libjvm.so+0x751a30], sa_mask[0]=00100000000000000000000000000000, sa_flags=SA_RESTART|SA_SIGINFO
SIGHUP: [libjvm.so+0x752ee0], sa_mask[0]=11111111011111111101111111111110, sa_flags=SA_RESTART|SA_SIGINFO
SIGINT: SIG_IGN, sa_mask[0]=00000000000000000000000000000000, sa_flags=none
SIGTERM: [libjvm.so+0x752ee0], sa_mask[0]=11111111011111111101111111111110, sa_flags=SA_RESTART|SA_SIGINFO
SIGQUIT: [libjvm.so+0x752ee0], sa_mask[0]=11111111011111111101111111111110, sa_flags=SA_RESTART|SA_SIGINFO


---------------  S Y S T E M  ---------------

OS:DISTRIB_ID=Ubuntu
DISTRIB_RELEASE=15.04
DISTRIB_CODENAME=vivid
DISTRIB_DESCRIPTION="Ubuntu 15.04"

uname:Linux 3.19.0-65-generic #73-Ubuntu SMP Tue Jun 28 17:02:45 UTC 2016 i686
libc:glibc 2.21 NPTL 2.21 
rlimit: STACK 8192k, CORE 0k, NPROC 31546, NOFILE 65536, AS infinity
load average:1.74 1.03 0.92

/proc/meminfo:
MemTotal:        4058780 kB
MemFree:          664080 kB
MemAvailable:    1600108 kB
Buffers:          123740 kB
Cached:          1379624 kB
SwapCached:         6508 kB
Active:          1826868 kB
Inactive:        1436296 kB
Active(anon):    1419844 kB
Inactive(anon):   740368 kB
Active(file):     407024 kB
Inactive(file):   695928 kB
Unevictable:          48 kB
Mlocked:              48 kB
HighTotal:       3200072 kB
HighFree:         495616 kB
LowTotal:         858708 kB
LowFree:          168464 kB
SwapTotal:       4111356 kB
SwapFree:        4029552 kB
Dirty:              2120 kB
Writeback:             0 kB
AnonPages:       1753532 kB
Mapped:           302772 kB
Shmem:            400404 kB
Slab:              64848 kB
SReclaimable:      40776 kB
SUnreclaim:        24072 kB
KernelStack:        4592 kB
PageTables:        13028 kB
NFS_Unstable:          0 kB
Bounce:                0 kB
WritebackTmp:          0 kB
CommitLimit:     6140744 kB
Committed_AS:    5768492 kB
VmallocTotal:     122880 kB
VmallocUsed:       24376 kB
VmallocChunk:      86356 kB
AnonHugePages:    872448 kB
CmaTotal:              0 kB
CmaFree:               0 kB
HugePages_Total:       0
HugePages_Free:        0
HugePages_Rsvd:        0
HugePages_Surp:        0
Hugepagesize:       2048 kB
DirectMap4k:       61432 kB
DirectMap2M:      851968 kB


CPU:total 4 (2 cores per cpu, 2 threads per core) family 6 model 61 stepping 4, cmov, cx8, fxsr, mmx, sse, sse2, sse3, ssse3, sse4.1, sse4.2, popcnt, avx, avx2, aes, clmul, erms, 3dnowpref, lzcnt, ht, tsc, tscinvbit, bmi1, bmi2, adx

/proc/cpuinfo:
processor	: 0
vendor_id	: GenuineIntel
cpu family	: 6
model		: 61
model name	: Intel(R) Core(TM) i3-5010U CPU @ 2.10GHz
stepping	: 4
microcode	: 0x12
cpu MHz		: 2100.000
cache size	: 3072 KB
physical id	: 0
siblings	: 4
core id		: 0
cpu cores	: 2
apicid		: 0
initial apicid	: 0
fdiv_bug	: no
f00f_bug	: no
coma_bug	: no
fpu		: yes
fpu_exception	: yes
cpuid level	: 20
wp		: yes
flags		: fpu vme de pse tsc msr pae mce cx8 apic sep mtrr pge mca cmov pat pse36 clflush dts acpi mmx fxsr sse sse2 ss ht tm pbe nx pdpe1gb rdtscp lm constant_tsc arch_perfmon pebs bts xtopology nonstop_tsc aperfmperf eagerfpu pni pclmulqdq dtes64 monitor ds_cpl vmx est tm2 ssse3 fma cx16 xtpr pdcm pcid sse4_1 sse4_2 x2apic movbe popcnt tsc_deadline_timer aes xsave avx f16c rdrand lahf_lm abm 3dnowprefetch arat epb pln pts dtherm tpr_shadow vnmi flexpriority ept vpid fsgsbase tsc_adjust bmi1 avx2 smep bmi2 erms invpcid rdseed adx smap xsaveopt
bugs		:
bogomips	: 4189.99
clflush size	: 64
cache_alignment	: 64
address sizes	: 39 bits physical, 48 bits virtual
power management:

processor	: 1
vendor_id	: GenuineIntel
cpu family	: 6
model		: 61
model name	: Intel(R) Core(TM) i3-5010U CPU @ 2.10GHz
stepping	: 4
microcode	: 0x12
cpu MHz		: 2099.917
cache size	: 3072 KB
physical id	: 0
siblings	: 4
core id		: 1
cpu cores	: 2
apicid		: 2
initial apicid	: 2
fdiv_bug	: no
f00f_bug	: no
coma_bug	: no
fpu		: yes
fpu_exception	: yes
cpuid level	: 20
wp		: yes
flags		: fpu vme de pse tsc msr pae mce cx8 apic sep mtrr pge mca cmov pat pse36 clflush dts acpi mmx fxsr sse sse2 ss ht tm pbe nx pdpe1gb rdtscp lm constant_tsc arch_perfmon pebs bts xtopology nonstop_tsc aperfmperf eagerfpu pni pclmulqdq dtes64 monitor ds_cpl vmx est tm2 ssse3 fma cx16 xtpr pdcm pcid sse4_1 sse4_2 x2apic movbe popcnt tsc_deadline_timer aes xsave avx f16c rdrand lahf_lm abm 3dnowprefetch arat epb pln pts dtherm tpr_shadow vnmi flexpriority ept vpid fsgsbase tsc_adjust bmi1 avx2 smep bmi2 erms invpcid rdseed adx smap xsaveopt
bugs		:
bogomips	: 4189.99
clflush size	: 64
cache_alignment	: 64
address sizes	: 39 bits physical, 48 bits virtual
power management:

processor	: 2
vendor_id	: GenuineIntel
cpu family	: 6
model		: 61
model name	: Intel(R) Core(TM) i3-5010U CPU @ 2.10GHz
stepping	: 4
microcode	: 0x12
cpu MHz		: 2099.917
cache size	: 3072 KB
physical id	: 0
siblings	: 4
core id		: 0
cpu cores	: 2
apicid		: 1
initial apicid	: 1
fdiv_bug	: no
f00f_bug	: no
coma_bug	: no
fpu		: yes
fpu_exception	: yes
cpuid level	: 20
wp		: yes
flags		: fpu vme de pse tsc msr pae mce cx8 apic sep mtrr pge mca cmov pat pse36 clflush dts acpi mmx fxsr sse sse2 ss ht tm pbe nx pdpe1gb rdtscp lm constant_tsc arch_perfmon pebs bts xtopology nonstop_tsc aperfmperf eagerfpu pni pclmulqdq dtes64 monitor ds_cpl vmx est tm2 ssse3 fma cx16 xtpr pdcm pcid sse4_1 sse4_2 x2apic movbe popcnt tsc_deadline_timer aes xsave avx f16c rdrand lahf_lm abm 3dnowprefetch arat epb pln pts dtherm tpr_shadow vnmi flexpriority ept vpid fsgsbase tsc_adjust bmi1 avx2 smep bmi2 erms invpcid rdseed adx smap xsaveopt
bugs		:
bogomips	: 4189.99
clflush size	: 64
cache_alignment	: 64
address sizes	: 39 bits physical, 48 bits virtual
power management:

processor	: 3
vendor_id	: GenuineIntel
cpu family	: 6
model		: 61
model name	: Intel(R) Core(TM) i3-5010U CPU @ 2.10GHz
stepping	: 4
microcode	: 0x12
cpu MHz		: 2100.000
cache size	: 3072 KB
physical id	: 0
siblings	: 4
core id		: 1
cpu cores	: 2
apicid		: 3
initial apicid	: 3
fdiv_bug	: no
f00f_bug	: no
coma_bug	: no
fpu		: yes
fpu_exception	: yes
cpuid level	: 20
wp		: yes
flags		: fpu vme de pse tsc msr pae mce cx8 apic sep mtrr pge mca cmov pat pse36 clflush dts acpi mmx fxsr sse sse2 ss ht tm pbe nx pdpe1gb rdtscp lm constant_tsc arch_perfmon pebs bts xtopology nonstop_tsc aperfmperf eagerfpu pni pclmulqdq dtes64 monitor ds_cpl vmx est tm2 ssse3 fma cx16 xtpr pdcm pcid sse4_1 sse4_2 x2apic movbe popcnt tsc_deadline_timer aes xsave avx f16c rdrand lahf_lm abm 3dnowprefetch arat epb pln pts dtherm tpr_shadow vnmi flexpriority ept vpid fsgsbase tsc_adjust bmi1 avx2 smep bmi2 erms invpcid rdseed adx smap xsaveopt
bugs		:
bogomips	: 4189.99
clflush size	: 64
cache_alignment	: 64
address sizes	: 39 bits physical, 48 bits virtual
power management:



Memory: 4k page, physical 4058780k(664080k free), swap 4111356k(4029552k free)

vm_info: Java HotSpot(TM) Server VM (25.91-b14) for linux-x86 JRE (1.8.0_91-b14), built on Apr  1 2016 01:01:13 by "java_re" with gcc 4.3.0 20080428 (Red Hat 4.3.0-8)

time: Thu Jul 21 03:17:04 2016
elapsed time: 26 seconds (0d 0h 0m 26s)

