#
# A fatal error has been detected by the Java Runtime Environment:
#
#  SIGSEGV (0xb) at pc=0x5db93520, pid=6588, tid=1645280064
#
# JRE version: Java(TM) SE Runtime Environment (8.0_91-b14) (build 1.8.0_91-b14)
# Java VM: Java HotSpot(TM) Server VM (25.91-b14 mixed mode linux-x86 )
# Problematic frame:
# C  [libopencv_java310.so+0x163520]  Java_org_opencv_core_Mat_nGet+0x280
#
# Failed to write core dump. Core dumps have been disabled. To enable core dumping, try "ulimit -c unlimited" before starting Java again
#
# If you would like to submit a bug report, please visit:
#   http://bugreport.java.com/bugreport/crash.jsp
# The crash happened outside the Java Virtual Machine in native code.
# See problematic frame for where to report the bug.
#

---------------  T H R E A D  ---------------

Current thread (0x635b4800):  JavaThread "JavaFX Application Thread" [_thread_in_native, id=6610, stack(0x620bf000,0x62110000)]

siginfo: si_signo: 11 (SIGSEGV), si_code: 1 (SEGV_MAPERR), si_addr: 0x00000000

Registers:
EAX=0x6210bdf8, EBX=0x5ffb0000, ECX=0x00000000, EDX=0x00000001
ESP=0x6210bdc0, EBP=0x00000000, ESI=0x687ed4c0, EDI=0x635b4938
EIP=0x5db93520, EFLAGS=0x00010246, CR2=0x00000000

Top of Stack: (sp=0x6210bdc0)
0x6210bdc0:   635b4938 00000001 5a522d10 5a522e50
0x6210bdd0:   5a522bb0 b6e5f129 00000001 6210be08
0x6210bde0:   6210bed0 6210bed0 00000004 5b2f5338
0x6210bdf0:   00993f38 b761a716 5a522c30 5a522b70
0x6210be00:   5a522df0 6210be30 00001c23 38357e27
0x6210be10:   b68ea3a1 b6b010be 00000000 b6e57f96
0x6210be20:   6210be40 b70dd234 7c35ce36 b6516350
0x6210be30:   b6f81b9e 5a522e70 b6536c68 000000a5 

Instructions: (pc=0x5db93520)
0x5db93500:   8b 46 2c 42 8b 48 04 0f af e9 8b 8c 24 70 10 00
0x5db93510:   00 0f af 08 8d 44 24 38 01 cd 31 c9 03 6e 10 90
0x5db93520:   0f b6 74 0d 00 66 0f ef c0 f2 0f 2a c6 f2 0f 11
0x5db93530:   04 c8 41 39 d1 75 e9 e9 94 fe ff ff 8d 74 26 00 

Register to memory mapping:

EAX=0x6210bdf8 is pointing into the stack for thread: 0x635b4800
EBX=0x5ffb0000: <offset 0x2580000> in /home/iftekher/Desktop/opencv.original/build/lib/libopencv_java310.so at 0x5da30000
ECX=0x00000000 is an unknown value
EDX=0x00000001 is an unknown value
ESP=0x6210bdc0 is pointing into the stack for thread: 0x635b4800
EBP=0x00000000 is an unknown value
ESI=0x687ed4c0 is an unknown value
EDI=0x635b4938 is an unknown value


Stack: [0x620bf000,0x62110000],  sp=0x6210bdc0,  free space=307k
Native frames: (J=compiled Java code, j=interpreted, Vv=VM code, C=native code)
C  [libopencv_java310.so+0x163520]  Java_org_opencv_core_Mat_nGet+0x280

Java frames: (J=compiled Java code, j=interpreted, Vv=VM code)
j  org.opencv.core.Mat.nGet(JII)[D+0
j  org.opencv.core.Mat.get(II)[D+6
j  cctvanalization.FXMLDocumentController.handleStartAnalyzeAction(Ljavafx/event/ActionEvent;)V+245
v  ~StubRoutines::call_stub
j  sun.reflect.NativeMethodAccessorImpl.invoke0(Ljava/lang/reflect/Method;Ljava/lang/Object;[Ljava/lang/Object;)Ljava/lang/Object;+0
j  sun.reflect.NativeMethodAccessorImpl.invoke(Ljava/lang/Object;[Ljava/lang/Object;)Ljava/lang/Object;+100
j  sun.reflect.DelegatingMethodAccessorImpl.invoke(Ljava/lang/Object;[Ljava/lang/Object;)Ljava/lang/Object;+6
j  java.lang.reflect.Method.invoke(Ljava/lang/Object;[Ljava/lang/Object;)Ljava/lang/Object;+56
j  sun.reflect.misc.Trampoline.invoke(Ljava/lang/reflect/Method;Ljava/lang/Object;[Ljava/lang/Object;)Ljava/lang/Object;+7
j  sun.reflect.GeneratedMethodAccessor1.invoke(Ljava/lang/Object;[Ljava/lang/Object;)Ljava/lang/Object;+40
j  sun.reflect.DelegatingMethodAccessorImpl.invoke(Ljava/lang/Object;[Ljava/lang/Object;)Ljava/lang/Object;+6
j  java.lang.reflect.Method.invoke(Ljava/lang/Object;[Ljava/lang/Object;)Ljava/lang/Object;+56
j  sun.reflect.misc.MethodUtil.invoke(Ljava/lang/reflect/Method;Ljava/lang/Object;[Ljava/lang/Object;)Ljava/lang/Object;+20
j  javafx.fxml.FXMLLoader$MethodHandler.invoke([Ljava/lang/Object;)V+19
j  javafx.fxml.FXMLLoader$ControllerMethodEventHandler.handle(Ljavafx/event/Event;)V+12
j  com.sun.javafx.event.CompositeEventHandler.dispatchBubblingEvent(Ljavafx/event/Event;)V+51
J 1703 C1 com.sun.javafx.event.EventHandlerManager.dispatchBubblingEvent(Ljavafx/event/Event;)Ljavafx/event/Event; (23 bytes) @ 0xa7895084 [0xa7894b40+0x544]
J 1702 C1 com.sun.javafx.event.CompositeEventDispatcher.dispatchBubblingEvent(Ljavafx/event/Event;)Ljavafx/event/Event; (35 bytes) @ 0xa7895838 [0xa78956c0+0x178]
J 1055 C1 com.sun.javafx.event.BasicEventDispatcher.dispatchEvent(Ljavafx/event/Event;Ljavafx/event/EventDispatchChain;)Ljavafx/event/Event; (44 bytes) @ 0xa777ece4 [0xa777ea60+0x284]
J 997 C1 com.sun.javafx.event.EventDispatchChainImpl.dispatchEvent(Ljavafx/event/Event;)Ljavafx/event/Event; (101 bytes) @ 0xa7764a5c [0xa7764900+0x15c]
J 1055 C1 com.sun.javafx.event.BasicEventDispatcher.dispatchEvent(Ljavafx/event/Event;Ljavafx/event/EventDispatchChain;)Ljavafx/event/Event; (44 bytes) @ 0xa777ec30 [0xa777ea60+0x1d0]
J 997 C1 com.sun.javafx.event.EventDispatchChainImpl.dispatchEvent(Ljavafx/event/Event;)Ljavafx/event/Event; (101 bytes) @ 0xa7764a5c [0xa7764900+0x15c]
J 1055 C1 com.sun.javafx.event.BasicEventDispatcher.dispatchEvent(Ljavafx/event/Event;Ljavafx/event/EventDispatchChain;)Ljavafx/event/Event; (44 bytes) @ 0xa777ec30 [0xa777ea60+0x1d0]
J 997 C1 com.sun.javafx.event.EventDispatchChainImpl.dispatchEvent(Ljavafx/event/Event;)Ljavafx/event/Event; (101 bytes) @ 0xa7764a5c [0xa7764900+0x15c]
J 1055 C1 com.sun.javafx.event.BasicEventDispatcher.dispatchEvent(Ljavafx/event/Event;Ljavafx/event/EventDispatchChain;)Ljavafx/event/Event; (44 bytes) @ 0xa777ec30 [0xa777ea60+0x1d0]
J 997 C1 com.sun.javafx.event.EventDispatchChainImpl.dispatchEvent(Ljavafx/event/Event;)Ljavafx/event/Event; (101 bytes) @ 0xa7764a5c [0xa7764900+0x15c]
j  com.sun.javafx.event.EventUtil.fireEventImpl(Ljavafx/event/EventDispatchChain;Ljavafx/event/EventTarget;Ljavafx/event/Event;)Ljavafx/event/Event;+10
j  com.sun.javafx.event.EventUtil.fireEvent(Ljavafx/event/EventTarget;Ljavafx/event/Event;)Ljavafx/event/Event;+37
j  javafx.event.Event.fireEvent(Ljavafx/event/EventTarget;Ljavafx/event/Event;)V+30
j  javafx.scene.Node.fireEvent(Ljavafx/event/Event;)V+86
j  javafx.scene.control.Button.fire()V+15
j  com.sun.javafx.scene.control.behavior.ButtonBehavior.mouseReleased(Ljavafx/scene/input/MouseEvent;)V+23
j  com.sun.javafx.scene.control.skin.BehaviorSkinBase$1.handle(Ljavafx/scene/input/MouseEvent;)V+83
j  com.sun.javafx.scene.control.skin.BehaviorSkinBase$1.handle(Ljavafx/event/Event;)V+5
j  com.sun.javafx.event.CompositeEventHandler$NormalEventHandlerRecord.handleBubblingEvent(Ljavafx/event/Event;)V+5
j  com.sun.javafx.event.CompositeEventHandler.dispatchBubblingEvent(Ljavafx/event/Event;)V+28
J 1703 C1 com.sun.javafx.event.EventHandlerManager.dispatchBubblingEvent(Ljavafx/event/Event;)Ljavafx/event/Event; (23 bytes) @ 0xa7895084 [0xa7894b40+0x544]
J 1702 C1 com.sun.javafx.event.CompositeEventDispatcher.dispatchBubblingEvent(Ljavafx/event/Event;)Ljavafx/event/Event; (35 bytes) @ 0xa7895838 [0xa78956c0+0x178]
J 1055 C1 com.sun.javafx.event.BasicEventDispatcher.dispatchEvent(Ljavafx/event/Event;Ljavafx/event/EventDispatchChain;)Ljavafx/event/Event; (44 bytes) @ 0xa777ece4 [0xa777ea60+0x284]
J 997 C1 com.sun.javafx.event.EventDispatchChainImpl.dispatchEvent(Ljavafx/event/Event;)Ljavafx/event/Event; (101 bytes) @ 0xa7764a5c [0xa7764900+0x15c]
J 1055 C1 com.sun.javafx.event.BasicEventDispatcher.dispatchEvent(Ljavafx/event/Event;Ljavafx/event/EventDispatchChain;)Ljavafx/event/Event; (44 bytes) @ 0xa777ec30 [0xa777ea60+0x1d0]
J 997 C1 com.sun.javafx.event.EventDispatchChainImpl.dispatchEvent(Ljavafx/event/Event;)Ljavafx/event/Event; (101 bytes) @ 0xa7764a5c [0xa7764900+0x15c]
J 1055 C1 com.sun.javafx.event.BasicEventDispatcher.dispatchEvent(Ljavafx/event/Event;Ljavafx/event/EventDispatchChain;)Ljavafx/event/Event; (44 bytes) @ 0xa777ec30 [0xa777ea60+0x1d0]
J 997 C1 com.sun.javafx.event.EventDispatchChainImpl.dispatchEvent(Ljavafx/event/Event;)Ljavafx/event/Event; (101 bytes) @ 0xa7764a5c [0xa7764900+0x15c]
J 1055 C1 com.sun.javafx.event.BasicEventDispatcher.dispatchEvent(Ljavafx/event/Event;Ljavafx/event/EventDispatchChain;)Ljavafx/event/Event; (44 bytes) @ 0xa777ec30 [0xa777ea60+0x1d0]
J 997 C1 com.sun.javafx.event.EventDispatchChainImpl.dispatchEvent(Ljavafx/event/Event;)Ljavafx/event/Event; (101 bytes) @ 0xa7764a5c [0xa7764900+0x15c]
j  com.sun.javafx.event.EventUtil.fireEventImpl(Ljavafx/event/EventDispatchChain;Ljavafx/event/EventTarget;Ljavafx/event/Event;)Ljavafx/event/Event;+10
j  com.sun.javafx.event.EventUtil.fireEvent(Ljavafx/event/EventTarget;Ljavafx/event/Event;)Ljavafx/event/Event;+46
J 1648 C1 javafx.scene.Scene$MouseHandler.process(Ljavafx/scene/input/MouseEvent;Z)V (735 bytes) @ 0xa787e9d8 [0xa787c700+0x22d8]
J 1647 C1 javafx.scene.Scene$MouseHandler.access$1500(Ljavafx/scene/Scene$MouseHandler;Ljavafx/scene/input/MouseEvent;Z)V (7 bytes) @ 0xa787bff0 [0xa787bfa0+0x50]
j  javafx.scene.Scene.impl_processMouseEvent(Ljavafx/scene/input/MouseEvent;)V+6
j  javafx.scene.Scene$ScenePeerListener.mouseEvent(Ljavafx/event/EventType;DDDDLjavafx/scene/input/MouseButton;ZZZZZZZZZ)V+46
j  com.sun.javafx.tk.quantum.GlassViewEventHandler$MouseEventNotification.run()Ljava/lang/Void;+514
j  com.sun.javafx.tk.quantum.GlassViewEventHandler$MouseEventNotification.run()Ljava/lang/Object;+1
v  ~StubRoutines::call_stub
J 1172  java.security.AccessController.doPrivileged(Ljava/security/PrivilegedAction;Ljava/security/AccessControlContext;)Ljava/lang/Object; (0 bytes) @ 0xa77c30c8 [0xa77c3060+0x68]
j  com.sun.javafx.tk.quantum.GlassViewEventHandler.lambda$handleMouseEvent$354()Ljava/lang/Void;+11
j  com.sun.javafx.tk.quantum.GlassViewEventHandler$$Lambda$114.get()Ljava/lang/Object;+4
j  com.sun.javafx.tk.quantum.QuantumToolkit.runWithoutRenderLock(Ljava/util/function/Supplier;)Ljava/lang/Object;+18
j  com.sun.javafx.tk.quantum.GlassViewEventHandler.handleMouseEvent(Lcom/sun/glass/ui/View;JIIIIIIIZZ)V+103
j  com.sun.glass.ui.View.handleMouseEvent(JIIIIIIIZZ)V+30
j  com.sun.glass.ui.View.notifyMouse(IIIIIIIZZ)V+181
v  ~StubRoutines::call_stub
j  com.sun.glass.ui.gtk.GtkApplication._runLoop(Ljava/lang/Runnable;Z)V+0
j  com.sun.glass.ui.gtk.GtkApplication.lambda$null$49(Ljava/lang/Runnable;Z)V+7
j  com.sun.glass.ui.gtk.GtkApplication$$Lambda$41.run()V+12
j  java.lang.Thread.run()V+11
v  ~StubRoutines::call_stub

---------------  P R O C E S S  ---------------

Java Threads: ( => current thread )
  0x5b295400 JavaThread "pool-2-thread-1" [_thread_in_native, id=6614, stack(0x5ac30000,0x5ac81000)]
  0x5aea5000 JavaThread "Prism Font Disposer" daemon [_thread_blocked, id=6613, stack(0x5acf9000,0x5ad4a000)]
  0x61c51400 JavaThread "JavaFX-Launcher" [_thread_blocked, id=6611, stack(0x6205e000,0x620af000)]
=>0x635b4800 JavaThread "JavaFX Application Thread" [_thread_in_native, id=6610, stack(0x620bf000,0x62110000)]
  0x63647c00 JavaThread "Thread-1" daemon [_thread_blocked, id=6608, stack(0x62911000,0x62962000)]
  0x65287c00 JavaThread "QuantumRenderer-0" daemon [_thread_blocked, id=6606, stack(0x65374000,0x653c5000)]
  0x65cabc00 JavaThread "Service Thread" daemon [_thread_blocked, id=6604, stack(0x654db000,0x6552c000)]
  0x65ca8800 JavaThread "C1 CompilerThread2" daemon [_thread_blocked, id=6603, stack(0x6552c000,0x655ad000)]
  0x65ca7000 JavaThread "C2 CompilerThread1" daemon [_thread_blocked, id=6602, stack(0x655ad000,0x6562e000)]
  0x65ca5000 JavaThread "C2 CompilerThread0" daemon [_thread_blocked, id=6601, stack(0x6562e000,0x656af000)]
  0x65ca3800 JavaThread "Signal Dispatcher" daemon [_thread_blocked, id=6600, stack(0x656af000,0x65700000)]
  0x65c88c00 JavaThread "Finalizer" daemon [_thread_blocked, id=6599, stack(0x65b5e000,0x65baf000)]
  0x65c86000 JavaThread "Reference Handler" daemon [_thread_blocked, id=6598, stack(0x65baf000,0x65c00000)]
  0xb6507400 JavaThread "main" [_thread_blocked, id=6592, stack(0xb666c000,0xb66bd000)]

Other Threads:
  0x65c81400 VMThread [stack: 0x65d2b000,0x65dac000] [id=6597]
  0x65cbec00 WatcherThread [stack: 0x6545a000,0x654db000] [id=6605]

VM state:not at safepoint (normal execution)

VM Mutex/Monitor currently owned by a thread: None

Heap:
 PSYoungGen      total 20224K, used 1919K [0x92580000, 0x93ec0000, 0xa7000000)
  eden space 15104K, 8% used [0x92580000,0x926ce360,0x93440000)
  from space 5120K, 11% used [0x93480000,0x93511bc8,0x93980000)
  to   space 5376K, 0% used [0x93980000,0x93980000,0x93ec0000)
 ParOldGen       total 42496K, used 5259K [0x69000000, 0x6b980000, 0x92580000)
  object space 42496K, 12% used [0x69000000,0x69522d48,0x6b980000)
 Metaspace       used 9826K, capacity 10252K, committed 10264K, reserved 10544K

Card table byte_map: [0x68e0f000,0x69000000] byte_map_base: 0x68ac7000

Marking Bits: (ParMarkBitMap*) 0xb710dbc0
 Begin Bits: [0x66800000, 0x67780000)
 End Bits:   [0x67780000, 0x68700000)

Polling page: 0xb7723000

CodeCache: size=245760Kb used=4278Kb max_used=4286Kb free=241481Kb
 bounds [0xa74cb000, 0xa7903000, 0xb64cb000]
 total_blobs=2393 nmethods=1854 adapters=452
 compilation: enabled

Compilation events (10 events):
Event: 12.395 Thread 0x65ca8800 nmethod 1848 0xa78f6a48 code [0xa78f6b40, 0xa78f6be0]
Event: 12.430 Thread 0x65ca8800 1849       3       javafx.scene.Parent::layout (139 bytes)
Event: 12.431 Thread 0x65ca8800 nmethod 1849 0xa78f6c48 code [0xa78f6e20, 0xa78f7988]
Event: 12.461 Thread 0x65ca5000 1850       4       com.sun.javafx.collections.VetoableListDecorator::get (11 bytes)
Event: 12.461 Thread 0x65ca8800 1851       3       com.sun.javafx.geom.RectBounds::getHeight (10 bytes)
Event: 12.461 Thread 0x65ca8800 nmethod 1851 0xa78f7d08 code [0xa78f7e20, 0xa78f7f00]
Event: 12.463 Thread 0x65ca5000 nmethod 1850 0xa78fac48 code [0xa78fad60, 0xa78fae70]
Event: 12.471 Thread 0x65ca8800 1852       3       sun.misc.FDBigInteger::mult (64 bytes)
Event: 12.471 Thread 0x65ca8800 nmethod 1852 0xa78fa608 code [0xa78fa720, 0xa78fa980]
Event: 12.471 Thread 0x65ca8800 1853       3       sun.misc.FDBigInteger::<init> (30 bytes)

GC Heap History (10 events):
Event: 7.416 GC heap before
{Heap before GC invocations=3 (full 0):
 PSYoungGen      total 18432K, used 18339K [0x92580000, 0x93a00000, 0xa7000000)
  eden space 15872K, 99% used [0x92580000,0x934e9d20,0x93500000)
  from space 2560K, 99% used [0x93780000,0x939ff128,0x93a00000)
  to   space 2560K, 0% used [0x93500000,0x93500000,0x93780000)
 ParOldGen       total 42496K, used 2981K [0x69000000, 0x6b980000, 0x92580000)
  object space 42496K, 7% used [0x69000000,0x692e9740,0x6b980000)
 Metaspace       used 9621K, capacity 10028K, committed 10136K, reserved 10544K
Event: 7.420 GC heap after
Heap after GC invocations=3 (full 0):
 PSYoungGen      total 18432K, used 2511K [0x92580000, 0x93a00000, 0xa7000000)
  eden space 15872K, 0% used [0x92580000,0x92580000,0x93500000)
  from space 2560K, 98% used [0x93500000,0x93773ca0,0x93780000)
  to   space 2560K, 0% used [0x93780000,0x93780000,0x93a00000)
 ParOldGen       total 42496K, used 2981K [0x69000000, 0x6b980000, 0x92580000)
  object space 42496K, 7% used [0x69000000,0x692e9740,0x6b980000)
 Metaspace       used 9621K, capacity 10028K, committed 10136K, reserved 10544K
}
Event: 8.649 GC heap before
{Heap before GC invocations=4 (full 0):
 PSYoungGen      total 18432K, used 18249K [0x92580000, 0x93a00000, 0xa7000000)
  eden space 15872K, 99% used [0x92580000,0x934de9f8,0x93500000)
  from space 2560K, 98% used [0x93500000,0x93773ca0,0x93780000)
  to   space 2560K, 0% used [0x93780000,0x93780000,0x93a00000)
 ParOldGen       total 42496K, used 2981K [0x69000000, 0x6b980000, 0x92580000)
  object space 42496K, 7% used [0x69000000,0x692e9740,0x6b980000)
 Metaspace       used 9670K, capacity 10092K, committed 10136K, reserved 10544K
Event: 8.653 GC heap after
Heap after GC invocations=4 (full 0):
 PSYoungGen      total 18432K, used 2517K [0x92580000, 0x93a00000, 0xa7000000)
  eden space 15872K, 0% used [0x92580000,0x92580000,0x93500000)
  from space 2560K, 98% used [0x93780000,0x939f5708,0x93a00000)
  to   space 2560K, 0% used [0x93500000,0x93500000,0x93780000)
 ParOldGen       total 42496K, used 3073K [0x69000000, 0x6b980000, 0x92580000)
  object space 42496K, 7% used [0x69000000,0x69300788,0x6b980000)
 Metaspace       used 9670K, capacity 10092K, committed 10136K, reserved 10544K
}
Event: 9.918 GC heap before
{Heap before GC invocations=5 (full 0):
 PSYoungGen      total 18432K, used 18113K [0x92580000, 0x93a00000, 0xa7000000)
  eden space 15872K, 98% used [0x92580000,0x934bad28,0x93500000)
  from space 2560K, 98% used [0x93780000,0x939f5708,0x93a00000)
  to   space 2560K, 0% used [0x93500000,0x93500000,0x93780000)
 ParOldGen       total 42496K, used 3073K [0x69000000, 0x6b980000, 0x92580000)
  object space 42496K, 7% used [0x69000000,0x69300788,0x6b980000)
 Metaspace       used 9725K, capacity 10156K, committed 10264K, reserved 10544K
Event: 9.922 GC heap after
Heap after GC invocations=5 (full 0):
 PSYoungGen      total 18176K, used 2535K [0x92580000, 0x93f40000, 0xa7000000)
  eden space 15616K, 0% used [0x92580000,0x92580000,0x934c0000)
  from space 2560K, 99% used [0x93500000,0x93779e98,0x93780000)
  to   space 5376K, 0% used [0x93a00000,0x93a00000,0x93f40000)
 ParOldGen       total 42496K, used 3167K [0x69000000, 0x6b980000, 0x92580000)
  object space 42496K, 7% used [0x69000000,0x69317c20,0x6b980000)
 Metaspace       used 9725K, capacity 10156K, committed 10264K, reserved 10544K
}
Event: 11.148 GC heap before
{Heap before GC invocations=6 (full 0):
 PSYoungGen      total 18176K, used 18038K [0x92580000, 0x93f40000, 0xa7000000)
  eden space 15616K, 99% used [0x92580000,0x934a3b68,0x934c0000)
  from space 2560K, 99% used [0x93500000,0x93779e98,0x93780000)
  to   space 5376K, 0% used [0x93a00000,0x93a00000,0x93f40000)
 ParOldGen       total 42496K, used 3167K [0x69000000, 0x6b980000, 0x92580000)
  object space 42496K, 7% used [0x69000000,0x69317c20,0x6b980000)
 Metaspace       used 9763K, capacity 10188K, committed 10264K, reserved 10544K
Event: 11.155 GC heap after
Heap after GC invocations=6 (full 0):
 PSYoungGen      total 19968K, used 2628K [0x92580000, 0x93e80000, 0xa7000000)
  eden space 15360K, 0% used [0x92580000,0x92580000,0x93480000)
  from space 4608K, 57% used [0x93a00000,0x93c91360,0x93e80000)
  to   space 5120K, 0% used [0x93480000,0x93480000,0x93980000)
 ParOldGen       total 42496K, used 3171K [0x69000000, 0x6b980000, 0x92580000)
  object space 42496K, 7% used [0x69000000,0x69318c20,0x6b980000)
 Metaspace       used 9763K, capacity 10188K, committed 10264K, reserved 10544K
}
Event: 12.380 GC heap before
{Heap before GC invocations=7 (full 0):
 PSYoungGen      total 19968K, used 17988K [0x92580000, 0x93e80000, 0xa7000000)
  eden space 15360K, 100% used [0x92580000,0x93480000,0x93480000)
  from space 4608K, 57% used [0x93a00000,0x93c91360,0x93e80000)
  to   space 5120K, 0% used [0x93480000,0x93480000,0x93980000)
 ParOldGen       total 42496K, used 3171K [0x69000000, 0x6b980000, 0x92580000)
  object space 42496K, 7% used [0x69000000,0x69318c20,0x6b980000)
 Metaspace       used 9807K, capacity 10220K, committed 10264K, reserved 10544K
Event: 12.386 GC heap after
Heap after GC invocations=7 (full 0):
 PSYoungGen      total 20224K, used 582K [0x92580000, 0x93ec0000, 0xa7000000)
  eden space 15104K, 0% used [0x92580000,0x92580000,0x93440000)
  from space 5120K, 11% used [0x93480000,0x93511bc8,0x93980000)
  to   space 5376K, 0% used [0x93980000,0x93980000,0x93ec0000)
 ParOldGen       total 42496K, used 5259K [0x69000000, 0x6b980000, 0x92580000)
  object space 42496K, 12% used [0x69000000,0x69522d48,0x6b980000)
 Metaspace       used 9807K, capacity 10220K, committed 10264K, reserved 10544K
}

Deoptimization events (10 events):
Event: 0.954 Thread 0x635b4800 Uncommon trap: reason=class_check action=maybe_recompile pc=0xa767ae78 method=java.io.DataInputStream.readShort()S @ 4
Event: 0.954 Thread 0x635b4800 Uncommon trap: reason=class_check action=maybe_recompile pc=0xa767ae78 method=java.io.DataInputStream.readShort()S @ 4
Event: 0.955 Thread 0x635b4800 Uncommon trap: reason=class_check action=maybe_recompile pc=0xa767ae78 method=java.io.DataInputStream.readShort()S @ 4
Event: 0.955 Thread 0x635b4800 Uncommon trap: reason=class_check action=maybe_recompile pc=0xa767ae78 method=java.io.DataInputStream.readShort()S @ 4
Event: 0.960 Thread 0x635b4800 Uncommon trap: reason=class_check action=maybe_recompile pc=0xa757c250 method=java.lang.String.equals(Ljava/lang/Object;)Z @ 8
Event: 0.960 Thread 0x635b4800 Uncommon trap: reason=class_check action=maybe_recompile pc=0xa757c250 method=java.lang.String.equals(Ljava/lang/Object;)Z @ 8
Event: 0.960 Thread 0x635b4800 Uncommon trap: reason=class_check action=maybe_recompile pc=0xa757c250 method=java.lang.String.equals(Ljava/lang/Object;)Z @ 8
Event: 0.962 Thread 0x635b4800 Uncommon trap: reason=class_check action=maybe_recompile pc=0xa757c250 method=java.lang.String.equals(Ljava/lang/Object;)Z @ 8
Event: 1.089 Thread 0x635b4800 Uncommon trap: reason=unstable_if action=reinterpret pc=0xa76ccd10 method=sun.net.www.ParseUtil.encodePath(Ljava/lang/String;Z)Ljava/lang/String; @ 109
Event: 5.088 Thread 0x635b4800 Uncommon trap: reason=unstable_if action=reinterpret pc=0xa77006d8 method=jdk.internal.org.objectweb.asm.Type.getArgumentsAndReturnSizes(Ljava/lang/String;)I @ 47

Internal exceptions (10 events):
Event: 0.200 Thread 0xb6507400 Exception <a 'java/security/PrivilegedActionException'> (0x927acfc0) thrown at [/HUDSON/workspace/8-2-build-linux-i586/jdk8u91/6644/hotspot/src/share/vm/prims/jvm.cpp, line 1386]
Event: 0.201 Thread 0xb6507400 Exception <a 'java/security/PrivilegedActionException'> (0x927af1c8) thrown at [/HUDSON/workspace/8-2-build-linux-i586/jdk8u91/6644/hotspot/src/share/vm/prims/jvm.cpp, line 1386]
Event: 0.201 Thread 0xb6507400 Exception <a 'java/security/PrivilegedActionException'> (0x927af3c8) thrown at [/HUDSON/workspace/8-2-build-linux-i586/jdk8u91/6644/hotspot/src/share/vm/prims/jvm.cpp, line 1386]
Event: 0.201 Thread 0xb6507400 Exception <a 'java/lang/NullPointerException'> (0x927af930) thrown at [/HUDSON/workspace/8-2-build-linux-i586/jdk8u91/6644/hotspot/src/share/vm/interpreter/linkResolver.cpp, line 1178]
Event: 0.627 Thread 0x635b4800 Exception <a 'java/lang/NullPointerException'> (0x9303c950) thrown at [/HUDSON/workspace/8-2-build-linux-i586/jdk8u91/6644/hotspot/src/share/vm/interpreter/linkResolver.cpp, line 1178]
Event: 0.627 Thread 0x635b4800 Exception <a 'java/lang/NullPointerException'> (0x9303c950) thrown at [/HUDSON/workspace/8-2-build-linux-i586/jdk8u91/6644/hotspot/src/share/vm/prims/jvm.cpp, line 1390]
Event: 0.678 Thread 0x635b4800 Exception <a 'java/lang/ArrayIndexOutOfBoundsException'> (0x931cd818) thrown at [/HUDSON/workspace/8-2-build-linux-i586/jdk8u91/6644/hotspot/src/share/vm/runtime/sharedRuntime.cpp, line 605]
Event: 0.679 Thread 0x635b4800 Exception <a 'java/lang/ArrayIndexOutOfBoundsException'> (0x931ce3c0) thrown at [/HUDSON/workspace/8-2-build-linux-i586/jdk8u91/6644/hotspot/src/share/vm/runtime/sharedRuntime.cpp, line 605]
Event: 0.679 Thread 0x635b4800 Exception <a 'java/lang/ArrayIndexOutOfBoundsException'> (0x931cf528) thrown at [/HUDSON/workspace/8-2-build-linux-i586/jdk8u91/6644/hotspot/src/share/vm/runtime/sharedRuntime.cpp, line 605]
Event: 0.753 Thread 0x635b4800 Exception <a 'java/lang/ArrayIndexOutOfBoundsException'> (0x93441368) thrown at [/HUDSON/workspace/8-2-build-linux-i586/jdk8u91/6644/hotspot/src/share/vm/runtime/sharedRuntime.cpp, line 605]

Events (10 events):
Event: 8.655 Executing VM operation: BulkRevokeBias
Event: 8.655 Executing VM operation: BulkRevokeBias done
Event: 9.918 Executing VM operation: ParallelGCFailedAllocation
Event: 9.922 Executing VM operation: ParallelGCFailedAllocation done
Event: 11.148 Executing VM operation: ParallelGCFailedAllocation
Event: 11.155 Executing VM operation: ParallelGCFailedAllocation done
Event: 12.380 Executing VM operation: ParallelGCFailedAllocation
Event: 12.386 Executing VM operation: ParallelGCFailedAllocation done
Event: 12.470 loading class sun/misc/FDBigInteger
Event: 12.470 loading class sun/misc/FDBigInteger done


Dynamic libraries:
08048000-08049000 r-xp 00000000 08:01 6430530    /usr/lib/jvm/java-8-oracle/jre/bin/java
08049000-0804a000 rw-p 00000000 08:01 6430530    /usr/lib/jvm/java-8-oracle/jre/bin/java
09bef000-09c1c000 rw-p 00000000 00:00 0          [heap]
51700000-517c5000 rw-p 00000000 00:00 0 
517c5000-51800000 ---p 00000000 00:00 0 
51900000-519c5000 rw-p 00000000 00:00 0 
519c5000-51a00000 ---p 00000000 00:00 0 
51a00000-51ac5000 rw-p 00000000 00:00 0 
51ac5000-51b00000 ---p 00000000 00:00 0 
51b00000-51bc5000 rw-p 00000000 00:00 0 
51bc5000-51c00000 ---p 00000000 00:00 0 
51c00000-51cc5000 rw-p 00000000 00:00 0 
51cc5000-51d00000 ---p 00000000 00:00 0 
51d00000-51df9000 rw-p 00000000 00:00 0 
51df9000-51e00000 ---p 00000000 00:00 0 
51f00000-51fc4000 rw-p 00000000 00:00 0 
51fc4000-52000000 ---p 00000000 00:00 0 
52080000-52100000 rw-s 00000000 00:05 122133     /drm mm object (deleted)
52100000-521c4000 rw-p 00000000 00:00 0 
521c4000-52200000 ---p 00000000 00:00 0 
52200000-52280000 rw-s 00000000 00:05 122132     /drm mm object (deleted)
52280000-52300000 rw-s 00000000 00:05 122131     /drm mm object (deleted)
52300000-523c5000 rw-p 00000000 00:00 0 
523c5000-52400000 ---p 00000000 00:00 0 
52400000-52480000 rw-s 00000000 00:05 122130     /drm mm object (deleted)
52480000-52500000 rw-s 00000000 00:05 122129     /drm mm object (deleted)
52500000-525c4000 rw-p 00000000 00:00 0 
525c4000-52600000 ---p 00000000 00:00 0 
52600000-52680000 rw-s 00000000 00:05 122128     /drm mm object (deleted)
52680000-52700000 rw-s 00000000 00:05 122127     /drm mm object (deleted)
52700000-527c5000 rw-p 00000000 00:00 0 
527c5000-52800000 ---p 00000000 00:00 0 
52800000-52880000 rw-s 00000000 00:05 121481     /drm mm object (deleted)
52880000-52900000 rw-s 00000000 00:05 121480     /drm mm object (deleted)
52900000-529c5000 rw-p 00000000 00:00 0 
529c5000-52a00000 ---p 00000000 00:00 0 
52a00000-52a80000 rw-s 00000000 00:05 121479     /drm mm object (deleted)
52a80000-52b00000 rw-s 00000000 00:05 121478     /drm mm object (deleted)
52b00000-52bc5000 rw-p 00000000 00:00 0 
52bc5000-52c00000 ---p 00000000 00:00 0 
52c00000-52cc5000 rw-p 00000000 00:00 0 
52cc5000-52d00000 ---p 00000000 00:00 0 
52d00000-52df5000 rw-p 00000000 00:00 0 
52df5000-52e00000 ---p 00000000 00:00 0 
52e00000-52ec5000 rw-p 00000000 00:00 0 
52ec5000-52f00000 ---p 00000000 00:00 0 
52f00000-52ffc000 rw-p 00000000 00:00 0 
52ffc000-53000000 ---p 00000000 00:00 0 
53000000-53080000 rw-s 00000000 00:05 121477     /drm mm object (deleted)
53080000-53100000 rw-s 00000000 00:05 121476     /drm mm object (deleted)
53100000-531f5000 rw-p 00000000 00:00 0 
531f5000-53200000 ---p 00000000 00:00 0 
53220000-532a0000 rw-s 00000000 00:05 121475     /drm mm object (deleted)
5334e000-533ce000 rw-s 00000000 00:05 124084     /drm mm object (deleted)
533ce000-5344e000 rw-s 00000000 00:05 124083     /drm mm object (deleted)
534fc000-5357c000 rw-s 00000000 00:05 124082     /drm mm object (deleted)
5357c000-535fc000 rw-s 00000000 00:05 124081     /drm mm object (deleted)
535fc000-5367c000 rw-s 00000000 00:05 124080     /drm mm object (deleted)
53776000-537f6000 rw-s 00000000 00:05 122126     /drm mm object (deleted)
537f6000-53876000 rw-s 00000000 00:05 122125     /drm mm object (deleted)
53924000-539a4000 rw-s 00000000 00:05 122124     /drm mm object (deleted)
539a4000-53a24000 rw-s 00000000 00:05 122123     /drm mm object (deleted)
53a52000-53ad2000 rw-s 00000000 00:05 122134     /drm mm object (deleted)
53ad2000-53b52000 rw-s 00000000 00:05 122122     /drm mm object (deleted)
53b52000-53bd2000 rw-s 00000000 00:05 122121     /drm mm object (deleted)
53c00000-53c80000 rw-s 00000000 00:05 121474     /drm mm object (deleted)
53c80000-53d00000 rw-s 00000000 00:05 122120     /drm mm object (deleted)
53d00000-53dfb000 rw-p 00000000 00:00 0 
53dfb000-53e00000 ---p 00000000 00:00 0 
53e1a000-53e9a000 rw-s 00000000 00:05 122119     /drm mm object (deleted)
53ec8000-53f48000 rw-s 00000000 00:05 124096     /drm mm object (deleted)
53f48000-53fc8000 rw-s 00000000 00:05 122118     /drm mm object (deleted)
53fc8000-54048000 rw-s 00000000 00:05 122117     /drm mm object (deleted)
54076000-540f6000 rw-s 00000000 00:05 124095     /drm mm object (deleted)
540f6000-54176000 rw-s 00000000 00:05 122116     /drm mm object (deleted)
54176000-541f6000 rw-s 00000000 00:05 122115     /drm mm object (deleted)
54224000-542a4000 rw-s 00000000 00:05 124094     /drm mm object (deleted)
542a4000-54324000 rw-s 00000000 00:05 122114     /drm mm object (deleted)
54324000-543a4000 rw-s 00000000 00:05 122113     /drm mm object (deleted)
543d2000-54452000 rw-s 00000000 00:05 124093     /drm mm object (deleted)
54452000-544d2000 rw-s 00000000 00:05 122112     /drm mm object (deleted)
544d2000-54552000 rw-s 00000000 00:05 121473     /drm mm object (deleted)
54580000-54600000 rw-s 00000000 00:05 124092     /drm mm object (deleted)
54600000-54680000 rw-s 00000000 00:05 124079     /drm mm object (deleted)
54680000-54700000 rw-s 00000000 00:05 122111     /drm mm object (deleted)
54700000-547f3000 rw-p 00000000 00:00 0 
547f3000-54800000 ---p 00000000 00:00 0 
54876000-548f6000 rw-s 00000000 00:05 124091     /drm mm object (deleted)
548f6000-54976000 rw-s 00000000 00:05 122110     /drm mm object (deleted)
54976000-549f6000 rw-s 00000000 00:05 122109     /drm mm object (deleted)
54a24000-54aa4000 rw-s 00000000 00:05 124090     /drm mm object (deleted)
54aa4000-54b24000 rw-s 00000000 00:05 122108     /drm mm object (deleted)
54b24000-54ba4000 rw-s 00000000 00:05 122107     /drm mm object (deleted)
54bd2000-54c52000 rw-s 00000000 00:05 124089     /drm mm object (deleted)
54c52000-54cd2000 rw-s 00000000 00:05 122106     /drm mm object (deleted)
54cd2000-54d52000 rw-s 00000000 00:05 121472     /drm mm object (deleted)
54d80000-54e00000 rw-s 00000000 00:05 124088     /drm mm object (deleted)
54e00000-54e80000 rw-s 00000000 00:05 121471     /drm mm object (deleted)
54e80000-54f00000 rw-s 00000000 00:05 121470     /drm mm object (deleted)
54f00000-54ff9000 rw-p 00000000 00:00 0 
54ff9000-55000000 ---p 00000000 00:00 0 
55048000-550c8000 rw-s 00000000 00:05 124087     /drm mm object (deleted)
550c8000-55148000 rw-s 00000000 00:05 121469     /drm mm object (deleted)
55148000-551c8000 rw-s 00000000 00:05 121468     /drm mm object (deleted)
551f6000-55276000 rw-s 00000000 00:05 124086     /drm mm object (deleted)
55276000-552f6000 rw-s 00000000 00:05 122105     /drm mm object (deleted)
552f6000-55376000 rw-s 00000000 00:05 122104     /drm mm object (deleted)
553a4000-55424000 rw-s 00000000 00:05 124085     /drm mm object (deleted)
55424000-554a4000 rw-s 00000000 00:05 122103     /drm mm object (deleted)
554a4000-55524000 rw-s 00000000 00:05 122102     /drm mm object (deleted)
55524000-55570000 rw-p 00000000 00:00 0 
555d2000-55652000 rw-s 00000000 00:05 122101     /drm mm object (deleted)
55652000-556d2000 rw-s 00000000 00:05 121467     /drm mm object (deleted)
556d2000-5571e000 rw-p 00000000 00:00 0 
55734000-55780000 rw-p 00000000 00:00 0 
55780000-55800000 rw-s 00000000 00:05 121466     /drm mm object (deleted)
55800000-558ff000 rw-p 00000000 00:00 0 
558ff000-55900000 ---p 00000000 00:00 0 
55923000-559a3000 rw-s 00000000 00:05 121465     /drm mm object (deleted)
559a3000-559ef000 rw-p 00000000 00:00 0 
55a05000-55a51000 rw-p 00000000 00:00 0 
55a51000-55ad1000 rw-s 00000000 00:05 121464     /drm mm object (deleted)
55ad1000-55b51000 rw-s 00000000 00:05 122100     /drm mm object (deleted)
55b51000-55b9d000 rw-p 00000000 00:00 0 
55bb3000-55bff000 rw-p 00000000 00:00 0 
55bff000-55c7f000 rw-s 00000000 00:05 122099     /drm mm object (deleted)
55c7f000-55cff000 rw-s 00000000 00:05 122098     /drm mm object (deleted)
55cff000-55d4b000 rw-p 00000000 00:00 0 
55d61000-55dad000 rw-p 00000000 00:00 0 
55dad000-55e2d000 rw-s 00000000 00:05 121463     /drm mm object (deleted)
55e2d000-55ead000 rw-s 00000000 00:05 121461     /drm mm object (deleted)
55ead000-55f2d000 rw-s 00000000 00:05 124075     /drm mm object (deleted)
55f2d000-55f79000 rw-p 00000000 00:00 0 
55f79000-55f7a000 ---p 00000000 00:00 0 
55f7a000-5677a000 rwxp 00000000 00:00 0 
5677a000-5677b000 ---p 00000000 00:00 0 
5677b000-56f7b000 rwxp 00000000 00:00 0 
56f7b000-56f7c000 ---p 00000000 00:00 0 
56f7c000-5777c000 rwxp 00000000 00:00 0 
5777c000-5777d000 ---p 00000000 00:00 0 
5777d000-57f7d000 rwxp 00000000 00:00 0 
57f7d000-57f7e000 ---p 00000000 00:00 0 
57f7e000-5877e000 rwxp 00000000 00:00 0 
5877e000-5877f000 ---p 00000000 00:00 0 
5877f000-58f7f000 rwxp 00000000 00:00 0 
58f7f000-58f80000 ---p 00000000 00:00 0 
58f80000-59780000 rwxp 00000000 00:00 0 
59780000-59781000 ---p 00000000 00:00 0 
59781000-59f81000 rwxp 00000000 00:00 0 
59f81000-59fcd000 rw-p 00000000 00:00 0 
59fe3000-5a02f000 rw-p 00000000 00:00 0 
5a02f000-5a0af000 rw-s 00000000 00:05 123047     /drm mm object (deleted)
5a0af000-5a191000 rw-p 00000000 00:00 0 
5a191000-5a227000 rw-s 001c2000 00:06 14715      /dev/video0
5a227000-5a2bd000 rw-s 0012c000 00:06 14715      /dev/video0
5a2bd000-5a353000 rw-s 00096000 00:06 14715      /dev/video0
5a353000-5a3ea000 rw-p 00000000 00:00 0 
5a3ea000-5a480000 rw-s 00000000 00:06 14715      /dev/video0
5a480000-5a540000 rw-p 00000000 00:00 0 
5a540000-5a580000 ---p 00000000 00:00 0 
5a580000-5a740000 rw-s 00000000 00:05 122089     /drm mm object (deleted)
5a740000-5a900000 rw-s 13db4000 00:06 14520      /dev/dri/card0
5a900000-5aa63000 rw-p 00000000 00:00 0 
5aa63000-5ab00000 ---p 00000000 00:00 0 
5ab00000-5ac00000 rw-p 00000000 00:00 0 
5ac18000-5ac20000 rw-s 00000000 00:05 121462     /drm mm object (deleted)
5ac20000-5ac30000 rw-s 00000000 00:05 124076     /drm mm object (deleted)
5ac30000-5ac33000 ---p 00000000 00:00 0 
5ac33000-5ac81000 rwxp 00000000 00:00 0 
5ac81000-5ac89000 rw-s 00000000 00:05 123046     /drm mm object (deleted)
5ac89000-5ac99000 rw-s 00000000 00:05 122097     /drm mm object (deleted)
5ac99000-5acf9000 rw-s 00000000 00:05 122083     /drm mm object (deleted)
5acf9000-5acfc000 ---p 00000000 00:00 0 
5acfc000-5ad4a000 rwxp 00000000 00:00 0 
5ad4a000-5ae00000 r--p 00000000 08:01 6687655    /usr/share/fonts/truetype/dejavu/DejaVuSans.ttf
5ae00000-5aec7000 rw-p 00000000 00:00 0 
5aec7000-5af00000 ---p 00000000 00:00 0 
5af00000-5b000000 rw-p 00000000 00:00 0 
5b000000-5b0c8000 rw-p 00000000 00:00 0 
5b0c8000-5b100000 ---p 00000000 00:00 0 
5b100000-5b200000 rw-p 00000000 00:00 0 
5b200000-5b2fa000 rw-p 00000000 00:00 0 
5b2fa000-5b300000 ---p 00000000 00:00 0 
5b304000-5b314000 rw-s 00000000 00:05 122085     /drm mm object (deleted)
5b314000-5b322000 rw-s 00000000 00:05 122082     /drm mm object (deleted)
5b322000-5b370000 r--p 00000000 08:01 6177433    /usr/lib/jvm/java-8-oracle/jre/lib/fonts/LucidaSansDemiBold.ttf
5b370000-5b3c5000 r--p 00000000 08:01 6177434    /usr/lib/jvm/java-8-oracle/jre/lib/fonts/LucidaBrightRegular.ttf
5b3c5000-5b3ff000 r--p 00000000 08:01 6177426    /usr/lib/jvm/java-8-oracle/jre/lib/fonts/LucidaTypewriterBold.ttf
5b3ff000-5b400000 ---p 00000000 00:00 0 
5b400000-5bc00000 rwxp 00000000 00:00 0 
5bc00000-5bcb5000 rw-p 00000000 00:00 0 
5bcb5000-5bd00000 ---p 00000000 00:00 0 
5bd02000-5bd0a000 rw-s 00000000 00:05 122084     /drm mm object (deleted)
5bd0a000-5bd1a000 rw-s 00000000 00:05 122096     /drm mm object (deleted)
5bd1a000-5bd2d000 r--s 00344000 08:01 6177486    /usr/lib/jvm/java-8-oracle/jre/lib/resources.jar
5bd2d000-5bd3f000 r-xp 00000000 08:01 5637364    /usr/lib/i386-linux-gnu/libtasn1.so.6.3.2
5bd3f000-5bd40000 r--p 00012000 08:01 5637364    /usr/lib/i386-linux-gnu/libtasn1.so.6.3.2
5bd40000-5bd41000 rw-p 00013000 08:01 5637364    /usr/lib/i386-linux-gnu/libtasn1.so.6.3.2
5bd41000-5bd7e000 r-xp 00000000 08:01 5642645    /usr/lib/i386-linux-gnu/libp11-kit.so.0.0.0
5bd7e000-5bd84000 r--p 0003c000 08:01 5642645    /usr/lib/i386-linux-gnu/libp11-kit.so.0.0.0
5bd84000-5bd85000 rw-p 00042000 08:01 5642645    /usr/lib/i386-linux-gnu/libp11-kit.so.0.0.0
5bd85000-5be0e000 r-xp 00000000 08:01 5642294    /usr/lib/i386-linux-gnu/libgmp.so.10.2.0
5be0e000-5be10000 r--p 00088000 08:01 5642294    /usr/lib/i386-linux-gnu/libgmp.so.10.2.0
5be10000-5be11000 rw-p 0008a000 08:01 5642294    /usr/lib/i386-linux-gnu/libgmp.so.10.2.0
5be11000-5be44000 r-xp 00000000 08:01 5642596    /usr/lib/i386-linux-gnu/libnettle.so.4.7
5be44000-5be46000 r--p 00032000 08:01 5642596    /usr/lib/i386-linux-gnu/libnettle.so.4.7
5be46000-5be47000 rw-p 00034000 08:01 5642596    /usr/lib/i386-linux-gnu/libnettle.so.4.7
5be47000-5be74000 r-xp 00000000 08:01 5642454    /usr/lib/i386-linux-gnu/libhogweed.so.2.5
5be74000-5be75000 r--p 0002d000 08:01 5642454    /usr/lib/i386-linux-gnu/libhogweed.so.2.5
5be75000-5be76000 rw-p 0002e000 08:01 5642454    /usr/lib/i386-linux-gnu/libhogweed.so.2.5
5be76000-5bf09000 r-xp 00000000 08:01 5642641    /usr/lib/i386-linux-gnu/liborc-0.4.so.0.22.0
5bf09000-5bf0a000 r--p 00092000 08:01 5642641    /usr/lib/i386-linux-gnu/liborc-0.4.so.0.22.0
5bf0a000-5bf0e000 rw-p 00093000 08:01 5642641    /usr/lib/i386-linux-gnu/liborc-0.4.so.0.22.0
5bf0e000-5bf1e000 r-xp 00000000 08:01 8389733    /lib/i386-linux-gnu/libbz2.so.1.0.4
5bf1e000-5bf1f000 r--p 0000f000 08:01 8389733    /lib/i386-linux-gnu/libbz2.so.1.0.4
5bf1f000-5bf20000 rw-p 00010000 08:01 8389733    /lib/i386-linux-gnu/libbz2.so.1.0.4
5bf20000-5c057000 r-xp 00000000 08:01 5637366    /usr/lib/i386-linux-gnu/libgnutls-deb0.so.28.41.0
5c057000-5c05d000 r--p 00137000 08:01 5637366    /usr/lib/i386-linux-gnu/libgnutls-deb0.so.28.41.0
5c05d000-5c05e000 rw-p 0013d000 08:01 5637366    /usr/lib/i386-linux-gnu/libgnutls-deb0.so.28.41.0
5c05e000-5c05f000 rw-p 00000000 00:00 0 
5c05f000-5c07d000 r-xp 00000000 08:01 5642762    /usr/lib/i386-linux-gnu/librtmp.so.1
5c07d000-5c07e000 r--p 0001d000 08:01 5642762    /usr/lib/i386-linux-gnu/librtmp.so.1
5c07e000-5c07f000 rw-p 0001e000 08:01 5642762    /usr/lib/i386-linux-gnu/librtmp.so.1
5c07f000-5c099000 r-xp 00000000 08:01 5638645    /usr/lib/i386-linux-gnu/libva.so.1.3700.0
5c099000-5c09a000 r--p 00019000 08:01 5638645    /usr/lib/i386-linux-gnu/libva.so.1.3700.0
5c09a000-5c09b000 rw-p 0001a000 08:01 5638645    /usr/lib/i386-linux-gnu/libva.so.1.3700.0
5c09b000-5c0aa000 r-xp 00000000 08:01 5638633    /usr/lib/i386-linux-gnu/libgsm.so.1.0.12
5c0aa000-5c0ab000 r--p 0000e000 08:01 5638633    /usr/lib/i386-linux-gnu/libgsm.so.1.0.12
5c0ab000-5c0ac000 rw-p 0000f000 08:01 5638633    /usr/lib/i386-linux-gnu/libgsm.so.1.0.12
5c0ac000-5c0f0000 r-xp 00000000 08:01 5638635    /usr/lib/i386-linux-gnu/libmp3lame.so.0.0.0
5c0f0000-5c0f2000 r--p 00043000 08:01 5638635    /usr/lib/i386-linux-gnu/libmp3lame.so.0.0.0
5c0f2000-5c0f3000 rw-p 00045000 08:01 5638635    /usr/lib/i386-linux-gnu/libmp3lame.so.0.0.0
5c0f3000-5c122000 rw-p 00000000 00:00 0 
5c122000-5c150000 r-xp 00000000 08:01 5647020    /usr/lib/i386-linux-gnu/libopencore-amrnb.so.0.0.3
5c150000-5c151000 r--p 0002d000 08:01 5647020    /usr/lib/i386-linux-gnu/libopencore-amrnb.so.0.0.3
5c151000-5c152000 rw-p 0002e000 08:01 5647020    /usr/lib/i386-linux-gnu/libopencore-amrnb.so.0.0.3
5c152000-5c166000 r-xp 00000000 08:01 5647266    /usr/lib/i386-linux-gnu/libopencore-amrwb.so.0.0.3
5c166000-5c167000 r--p 00013000 08:01 5647266    /usr/lib/i386-linux-gnu/libopencore-amrwb.so.0.0.3
5c167000-5c168000 rw-p 00014000 08:01 5647266    /usr/lib/i386-linux-gnu/libopencore-amrwb.so.0.0.3
5c168000-5c18c000 r-xp 00000000 08:01 5638637    /usr/lib/i386-linux-gnu/libopenjpeg.so.1.5.2
5c18c000-5c18d000 r--p 00024000 08:01 5638637    /usr/lib/i386-linux-gnu/libopenjpeg.so.1.5.2
5c18d000-5c18e000 rw-p 00025000 08:01 5638637    /usr/lib/i386-linux-gnu/libopenjpeg.so.1.5.2
5c18e000-5c1d5000 r-xp 00000000 08:01 5638641    /usr/lib/i386-linux-gnu/libopus.so.0.5.0
5c1d5000-5c1d6000 r--p 00046000 08:01 5638641    /usr/lib/i386-linux-gnu/libopus.so.0.5.0
5c1d6000-5c1d7000 rw-p 00047000 08:01 5638641    /usr/lib/i386-linux-gnu/libopus.so.0.5.0
5c1d7000-5c299000 r-xp 00000000 08:01 5638643    /usr/lib/i386-linux-gnu/libschroedinger-1.0.so.0.11.0
5c299000-5c29b000 r--p 000c2000 08:01 5638643    /usr/lib/i386-linux-gnu/libschroedinger-1.0.so.0.11.0
5c29b000-5c29c000 rw-p 000c4000 08:01 5638643    /usr/lib/i386-linux-gnu/libschroedinger-1.0.so.0.11.0
5c29c000-5c2bd000 r-xp 00000000 08:01 5645020    /usr/lib/i386-linux-gnu/sse2/libspeex.so.1.5.0
5c2bd000-5c2be000 r--p 00020000 08:01 5645020    /usr/lib/i386-linux-gnu/sse2/libspeex.so.1.5.0
5c2be000-5c2bf000 rw-p 00021000 08:01 5645020    /usr/lib/i386-linux-gnu/sse2/libspeex.so.1.5.0
5c2bf000-5c2d7000 r-xp 00000000 08:01 5642868    /usr/lib/i386-linux-gnu/libtheoradec.so.1.1.4
5c2d7000-5c2d8000 r--p 00017000 08:01 5642868    /usr/lib/i386-linux-gnu/libtheoradec.so.1.1.4
5c2d8000-5c2d9000 rw-p 00018000 08:01 5642868    /usr/lib/i386-linux-gnu/libtheoradec.so.1.1.4
5c2d9000-5c31d000 r-xp 00000000 08:01 5642870    /usr/lib/i386-linux-gnu/libtheoraenc.so.1.1.2
5c31d000-5c31e000 r--p 00043000 08:01 5642870    /usr/lib/i386-linux-gnu/libtheoraenc.so.1.1.2
5c31e000-5c31f000 rw-p 00044000 08:01 5642870    /usr/lib/i386-linux-gnu/libtheoraenc.so.1.1.2
5c31f000-5c33b000 r-xp 00000000 08:01 5647268    /usr/lib/i386-linux-gnu/libvo-aacenc.so.0.0.4
5c33b000-5c33c000 r--p 0001b000 08:01 5647268    /usr/lib/i386-linux-gnu/libvo-aacenc.so.0.0.4
5c33c000-5c33d000 rw-p 0001c000 08:01 5647268    /usr/lib/i386-linux-gnu/libvo-aacenc.so.0.0.4
5c33d000-5c352000 r-xp 00000000 08:01 5647270    /usr/lib/i386-linux-gnu/libvo-amrwbenc.so.0.0.4
5c352000-5c353000 r--p 00014000 08:01 5647270    /usr/lib/i386-linux-gnu/libvo-amrwbenc.so.0.0.4
5c353000-5c359000 rw-p 00015000 08:01 5647270    /usr/lib/i386-linux-gnu/libvo-amrwbenc.so.0.0.4
5c359000-5c3d5000 r-xp 00000000 08:01 5642937    /usr/lib/i386-linux-gnu/libvorbisenc.so.2.0.10
5c3d5000-5c3e7000 r--p 0007b000 08:01 5642937    /usr/lib/i386-linux-gnu/libvorbisenc.so.2.0.10
5c3e7000-5c3e8000 rw-p 0008d000 08:01 5642937    /usr/lib/i386-linux-gnu/libvorbisenc.so.2.0.10
5c3e8000-5c57d000 r-xp 00000000 08:01 5642942    /usr/lib/i386-linux-gnu/libvpx.so.1.3.0
5c57d000-5c57e000 r--p 00195000 08:01 5642942    /usr/lib/i386-linux-gnu/libvpx.so.1.3.0
5c57e000-5c57f000 rw-p 00196000 08:01 5642942    /usr/lib/i386-linux-gnu/libvpx.so.1.3.0
5c57f000-5c5c5000 rw-p 00000000 00:00 0 
5c5c5000-5c6fc000 r-xp 00000000 08:01 5638659    /usr/lib/i386-linux-gnu/i686/sse2/libx264.so.142
5c6fc000-5c6fd000 r--p 00136000 08:01 5638659    /usr/lib/i386-linux-gnu/i686/sse2/libx264.so.142
5c6fd000-5c6fe000 rw-p 00137000 08:01 5638659    /usr/lib/i386-linux-gnu/i686/sse2/libx264.so.142
5c6fe000-5c779000 rw-p 00000000 00:00 0 
5c779000-5c835000 r-xp 00000000 08:01 5638661    /usr/lib/i386-linux-gnu/libxvidcore.so.4.3
5c835000-5c836000 r--p 000bc000 08:01 5638661    /usr/lib/i386-linux-gnu/libxvidcore.so.4.3
5c836000-5c840000 rw-p 000bd000 08:01 5638661    /usr/lib/i386-linux-gnu/libxvidcore.so.4.3
5c840000-5c8a9000 rw-p 00000000 00:00 0 
5c8a9000-5c8ca000 r-xp 00000000 08:01 5637912    /usr/lib/i386-linux-gnu/i686/cmov/libavresample.so.2.1.0
5c8ca000-5c8cb000 r--p 00020000 08:01 5637912    /usr/lib/i386-linux-gnu/i686/cmov/libavresample.so.2.1.0
5c8cb000-5c8cc000 rw-p 00021000 08:01 5637912    /usr/lib/i386-linux-gnu/i686/cmov/libavresample.so.2.1.0
5c8cc000-5c8e4000 r-xp 00000000 08:01 8389899    /lib/i386-linux-gnu/libusb-1.0.so.0.1.0
5c8e4000-5c8e5000 r--p 00017000 08:01 8389899    /lib/i386-linux-gnu/libusb-1.0.so.0.1.0
5c8e5000-5c8e6000 rw-p 00018000 08:01 8389899    /lib/i386-linux-gnu/libusb-1.0.so.0.1.0
5c8e6000-5c8f6000 r-xp 00000000 08:01 5642740    /usr/lib/i386-linux-gnu/libraw1394.so.11.1.0
5c8f6000-5c8f7000 r--p 0000f000 08:01 5642740    /usr/lib/i386-linux-gnu/libraw1394.so.11.1.0
5c8f7000-5c8f8000 rw-p 00010000 08:01 5642740    /usr/lib/i386-linux-gnu/libraw1394.so.11.1.0
5c8f8000-5c91c000 r-xp 00000000 08:01 8389790    /lib/i386-linux-gnu/liblzma.so.5.0.0
5c91c000-5c91d000 r--p 00023000 08:01 8389790    /lib/i386-linux-gnu/liblzma.so.5.0.0
5c91d000-5c91e000 rw-p 00024000 08:01 8389790    /lib/i386-linux-gnu/liblzma.so.5.0.0
5c91e000-5c974000 r-xp 00000000 08:01 5638710    /usr/lib/i386-linux-gnu/i686/cmov/libswscale.so.3.0.0
5c974000-5c975000 r--p 00055000 08:01 5638710    /usr/lib/i386-linux-gnu/i686/cmov/libswscale.so.3.0.0
5c975000-5c976000 rw-p 00056000 08:01 5638710    /usr/lib/i386-linux-gnu/i686/cmov/libswscale.so.3.0.0
5c976000-5c9a2000 r-xp 00000000 08:01 5636540    /usr/lib/i386-linux-gnu/i686/cmov/libavutil.so.54.3.0
5c9a2000-5c9a3000 r--p 0002b000 08:01 5636540    /usr/lib/i386-linux-gnu/i686/cmov/libavutil.so.54.3.0
5c9a3000-5c9a4000 rw-p 0002c000 08:01 5636540    /usr/lib/i386-linux-gnu/i686/cmov/libavutil.so.54.3.0
5c9a4000-5c9a8000 rw-p 00000000 00:00 0 
5c9a8000-5cb08000 r-xp 00000000 08:01 5638667    /usr/lib/i386-linux-gnu/i686/cmov/libavformat.so.56.1.0
5cb08000-5cb09000 r--p 0015f000 08:01 5638667    /usr/lib/i386-linux-gnu/i686/cmov/libavformat.so.56.1.0
5cb09000-5cb11000 rw-p 00160000 08:01 5638667    /usr/lib/i386-linux-gnu/i686/cmov/libavformat.so.56.1.0
5cb11000-5d2de000 r-xp 00000000 08:01 5638664    /usr/lib/i386-linux-gnu/i686/cmov/libavcodec.so.56.1.0
5d2de000-5d2df000 r--p 007cc000 08:01 5638664    /usr/lib/i386-linux-gnu/i686/cmov/libavcodec.so.56.1.0
5d2df000-5d2f0000 rw-p 007cd000 08:01 5638664    /usr/lib/i386-linux-gnu/i686/cmov/libavcodec.so.56.1.0
5d2f0000-5d8dd000 rw-p 00000000 00:00 0 
5d8dd000-5d918000 r-xp 00000000 08:01 5638671    /usr/lib/i386-linux-gnu/libdc1394.so.22.1.10
5d918000-5d919000 r--p 0003a000 08:01 5638671    /usr/lib/i386-linux-gnu/libdc1394.so.22.1.10
5d919000-5d91a000 rw-p 0003b000 08:01 5638671    /usr/lib/i386-linux-gnu/libdc1394.so.22.1.10
5d91a000-5d95a000 rw-p 00000000 00:00 0 
5d95a000-5d9ab000 r-xp 00000000 08:01 5642504    /usr/lib/i386-linux-gnu/libjasper.so.1.0.0
5d9ab000-5d9ac000 r--p 00050000 08:01 5642504    /usr/lib/i386-linux-gnu/libjasper.so.1.0.0
5d9ac000-5d9af000 rw-p 00051000 08:01 5642504    /usr/lib/i386-linux-gnu/libjasper.so.1.0.0
5d9af000-5d9b5000 rw-p 00000000 00:00 0 
5d9b5000-5da2c000 r-xp 00000000 08:01 5642875    /usr/lib/i386-linux-gnu/libtiff.so.5.2.0
5da2c000-5da2d000 r--p 00076000 08:01 5642875    /usr/lib/i386-linux-gnu/libtiff.so.5.2.0
5da2d000-5da2f000 rw-p 00077000 08:01 5642875    /usr/lib/i386-linux-gnu/libtiff.so.5.2.0
5da2f000-5da30000 rw-p 00000000 00:00 0 
5da30000-5ff9a000 r-xp 00000000 08:01 2893284    /home/iftekher/Desktop/opencv.original/build/lib/libopencv_java310.so
5ff9a000-5ffb0000 r--p 0256a000 08:01 2893284    /home/iftekher/Desktop/opencv.original/build/lib/libopencv_java310.so
5ffb0000-5ffcb000 rw-p 02580000 08:01 2893284    /home/iftekher/Desktop/opencv.original/build/lib/libopencv_java310.so
5ffcb000-60069000 rw-p 00000000 00:00 0 
60069000-6006d000 rw-s 13f74000 00:06 14520      /dev/dri/card0
6006d000-60080000 r--p 00000000 08:01 6177431    /usr/lib/jvm/java-8-oracle/jre/lib/fonts/LucidaBrightDemiItalic.ttf
60080000-6012b000 r--p 00000000 08:01 6177427    /usr/lib/jvm/java-8-oracle/jre/lib/fonts/LucidaSansRegular.ttf
6012b000-60167000 r--p 00000000 08:01 6177432    /usr/lib/jvm/java-8-oracle/jre/lib/fonts/LucidaTypewriterRegular.ttf
60167000-60267000 rw-p 00000000 00:00 0 
60267000-60367000 rw-p 00000000 00:00 0 
60367000-60600000 rw-p 00000000 00:00 0 
60600000-60700000 rw-p 00000000 00:00 0 
60700000-60800000 rw-p 00000000 00:00 0 
60800000-608ff000 rw-p 00000000 00:00 0 
608ff000-60900000 ---p 00000000 00:00 0 
60900000-60907000 r--s 00000000 08:01 5643880    /usr/lib/i386-linux-gnu/gconv/gconv-modules.cache
60907000-60912000 r-xp 00000000 08:01 5642507    /usr/lib/i386-linux-gnu/libjbig.so.0
60912000-60913000 r--p 0000a000 08:01 5642507    /usr/lib/i386-linux-gnu/libjbig.so.0
60913000-60916000 rw-p 0000b000 08:01 5642507    /usr/lib/i386-linux-gnu/libjbig.so.0
60916000-6095f000 r-xp 00000000 08:01 5642509    /usr/lib/i386-linux-gnu/libjpeg.so.8.0.2
6095f000-60960000 r--p 00048000 08:01 5642509    /usr/lib/i386-linux-gnu/libjpeg.so.8.0.2
60960000-60961000 rw-p 00049000 08:01 5642509    /usr/lib/i386-linux-gnu/libjpeg.so.8.0.2
60961000-60971000 rw-p 00000000 00:00 0 
60976000-60982000 rw-s 00000000 00:05 122057     /drm mm object (deleted)
60982000-60996000 r--p 00000000 08:01 6177430    /usr/lib/jvm/java-8-oracle/jre/lib/fonts/LucidaBrightItalic.ttf
60996000-609a9000 r--p 00000000 08:01 6177429    /usr/lib/jvm/java-8-oracle/jre/lib/fonts/LucidaBrightDemiBold.ttf
609a9000-609ad000 r-xp 00000000 08:01 6177351    /usr/lib/jvm/java-8-oracle/jre/lib/i386/libjavafx_font_pango.so
609ad000-609ae000 rw-p 00003000 08:01 6177351    /usr/lib/jvm/java-8-oracle/jre/lib/i386/libjavafx_font_pango.so
609ae000-609b3000 r--s 00084000 08:01 6177295    /usr/lib/jvm/java-8-oracle/jre/lib/jfr.jar
609b3000-609bd000 r--s 00000000 08:01 2631257    /var/cache/fontconfig/6aa41aa22e18b8fa06a12da28ea9c28b-le32d4.cache-4
609bd000-609be000 r--s 00000000 08:01 2621539    /var/cache/fontconfig/c05880de57d1f5e948fdfacc138775d9-le32d4.cache-4
609be000-609c6000 r--s 00000000 08:01 2621531    /var/cache/fontconfig/945677eb7aeaf62f1d50efc3fb3ec7d8-le32d4.cache-4
609c6000-609ca000 r--s 00000000 08:01 2621516    /var/cache/fontconfig/2cd17615ca594fa2959ae173292e504c-le32d4.cache-4
609ca000-609cb000 r--s 00000000 08:01 2621513    /var/cache/fontconfig/0d8c3b2ac0904cb8a57a757ad11a4a08-le32d4.cache-4
609cb000-609d0000 r--s 00000000 08:01 2621535    /var/cache/fontconfig/a755afe4a08bf5b97852ceb7400b47bc-le32d4.cache-4
609d0000-609d1000 r--s 00000000 08:01 2621534    /var/cache/fontconfig/a6354e3ac43af67bd8d7b8e43c34e49f-le32d4.cache-4
609d1000-609e1000 r--s 00000000 08:01 2621511    /var/cache/fontconfig/04aabc0a78ac019cf9454389977116d2-le32d4.cache-4
609e1000-609e2000 r--s 00000000 08:01 2621515    /var/cache/fontconfig/1ac9eb803944fde146138c791f5cc56a-le32d4.cache-4
609e2000-609e5000 r--s 00000000 08:01 2621519    /var/cache/fontconfig/385c0604a188198f04d133e54aba7fe7-le32d4.cache-4
609e5000-609e7000 r--s 00000000 08:01 2621528    /var/cache/fontconfig/767a8244fc0220cfb567a839d0392e0b-le32d4.cache-4
609e7000-609eb000 r--s 00000000 08:01 2621530    /var/cache/fontconfig/8801497958630a81b71ace7c5f9b32a8-le32d4.cache-4
609eb000-609fb000 r--s 00000000 08:01 2621543    /var/cache/fontconfig/d52a8644073d54c13679302ca1180695-le32d4.cache-4
609fb000-61900000 rw-p 00000000 00:00 0 
61900000-61af1000 rw-p 00000000 00:00 0 
61af1000-61b00000 ---p 00000000 00:00 0 
61b00000-61d00000 rw-p 00000000 00:00 0 
61d00000-61f00000 rw-p 00000000 00:00 0 
61f00000-62000000 rw-p 00000000 00:00 0 
62000000-62001000 r--s 00000000 08:01 2621546    /var/cache/fontconfig/dc05db6664285cc2f12bf69c139ae4c3-le32d4.cache-4
62001000-62002000 r--s 00000000 08:01 2629385    /var/cache/fontconfig/4794a0821666d79190d59a36cb4f44b5-le32d4.cache-4
62002000-62003000 r--s 00000000 08:01 2621538    /var/cache/fontconfig/bab58bb527bb656aaa9f116d68a48d89-le32d4.cache-4
62003000-62008000 r--s 00000000 08:01 2621517    /var/cache/fontconfig/3047814df9a2f067bd2d96a2b9c36e5a-le32d4.cache-4
62008000-6200c000 r--s 00000000 08:01 2621536    /var/cache/fontconfig/b47c4e1ecd0709278f4910c18777a504-le32d4.cache-4
6200c000-62014000 r--s 00000000 08:01 2621520    /var/cache/fontconfig/3f7329c5293ffd510edef78f73874cfd-le32d4.cache-4
62014000-6201d000 r--s 00000000 08:01 2631258    /var/cache/fontconfig/d589a48862398ed80a3d6066f4f56f4c-le32d4.cache-4
6201d000-62035000 r--s 00000000 08:01 2636988    /var/cache/fontconfig/e13b20fdb08344e0e664864cc2ede53d-le32d4.cache-4
62035000-62038000 r--s 00000000 08:01 2638161    /var/cache/fontconfig/7ef2298fde41cc6eeb7af42e48b7d293-le32d4.cache-4
62038000-62042000 r--s 00000000 08:01 2621651    /var/cache/fontconfig/8f02d4cb045bd6ce15663e43f347c9f8-le32d4.cache-4
62042000-62058000 r--s 00000000 08:01 2621621    /var/cache/fontconfig/467c019e582ee353435ea5c21d137ef6-le32d4.cache-4
62058000-6205d000 r-xp 00000000 08:01 6177372    /usr/lib/jvm/java-8-oracle/jre/lib/i386/libjavafx_font_freetype.so
6205d000-6205e000 rw-p 00004000 08:01 6177372    /usr/lib/jvm/java-8-oracle/jre/lib/i386/libjavafx_font_freetype.so
6205e000-62061000 ---p 00000000 00:00 0 
62061000-620af000 rwxp 00000000 00:00 0 
620af000-620b7000 rw-s 00000000 00:05 122056     /drm mm object (deleted)
620b7000-620bf000 rw-s 00000000 00:05 122046     /drm mm object (deleted)
620bf000-620c2000 ---p 00000000 00:00 0 
620c2000-62110000 rwxp 00000000 00:00 0 
62110000-62111000 ---p 00000000 00:00 0 
62111000-62911000 rwxp 00000000 00:00 0 
62911000-62914000 ---p 00000000 00:00 0 
62914000-62962000 rwxp 00000000 00:00 0 
62962000-62963000 ---p 00000000 00:00 0 
62963000-63163000 rwxp 00000000 00:00 0 
63163000-631a7000 r--p 00000000 08:01 6685033    /usr/share/glib-2.0/schemas/gschemas.compiled
631a7000-631ae000 r-xp 00000000 08:01 5642639    /usr/lib/i386-linux-gnu/libogg.so.0.8.2
631ae000-631af000 r--p 00006000 08:01 5642639    /usr/lib/i386-linux-gnu/libogg.so.0.8.2
631af000-631b0000 rw-p 00007000 08:01 5642639    /usr/lib/i386-linux-gnu/libogg.so.0.8.2
631b0000-631da000 r-xp 00000000 08:01 5642935    /usr/lib/i386-linux-gnu/libvorbis.so.0.4.7
631da000-631dc000 r--p 00029000 08:01 5642935    /usr/lib/i386-linux-gnu/libvorbis.so.0.4.7
631dc000-631dd000 rw-p 0002b000 08:01 5642935    /usr/lib/i386-linux-gnu/libvorbis.so.0.4.7
631dd000-631e7000 r-xp 00000000 08:01 5642534    /usr/lib/i386-linux-gnu/libltdl.so.7.3.0
631e7000-631e8000 r--p 00009000 08:01 5642534    /usr/lib/i386-linux-gnu/libltdl.so.7.3.0
631e8000-631e9000 rw-p 0000a000 08:01 5642534    /usr/lib/i386-linux-gnu/libltdl.so.7.3.0
631e9000-63200000 r-xp 00000000 08:01 5642852    /usr/lib/i386-linux-gnu/libtdb.so.1.3.4
63200000-63202000 r--p 00016000 08:01 5642852    /usr/lib/i386-linux-gnu/libtdb.so.1.3.4
63202000-63203000 rw-p 00018000 08:01 5642852    /usr/lib/i386-linux-gnu/libtdb.so.1.3.4
63203000-6320c000 r-xp 00000000 08:01 5642939    /usr/lib/i386-linux-gnu/libvorbisfile.so.3.3.6
6320c000-6320d000 r--p 00008000 08:01 5642939    /usr/lib/i386-linux-gnu/libvorbisfile.so.3.3.6
6320d000-6320e000 rw-p 00009000 08:01 5642939    /usr/lib/i386-linux-gnu/libvorbisfile.so.3.3.6
6320e000-6321f000 r-xp 00000000 08:01 5642011    /usr/lib/i386-linux-gnu/libcanberra.so.0.2.5
6321f000-63220000 r--p 00011000 08:01 5642011    /usr/lib/i386-linux-gnu/libcanberra.so.0.2.5
63220000-63221000 rw-p 00012000 08:01 5642011    /usr/lib/i386-linux-gnu/libcanberra.so.0.2.5
63221000-63225000 r-xp 00000000 08:01 5642007    /usr/lib/i386-linux-gnu/libcanberra-gtk.so.0.1.9
63225000-63226000 r--p 00003000 08:01 5642007    /usr/lib/i386-linux-gnu/libcanberra-gtk.so.0.1.9
63226000-63227000 rw-p 00004000 08:01 5642007    /usr/lib/i386-linux-gnu/libcanberra-gtk.so.0.1.9
63227000-6325c000 r-xp 00000000 08:01 5644276    /usr/lib/i386-linux-gnu/gtk-2.0/2.10.0/engines/libmurrine.so
6325c000-6325d000 r--p 00034000 08:01 5644276    /usr/lib/i386-linux-gnu/gtk-2.0/2.10.0/engines/libmurrine.so
6325d000-6325e000 rw-p 00035000 08:01 5644276    /usr/lib/i386-linux-gnu/gtk-2.0/2.10.0/engines/libmurrine.so
6325e000-63271000 r-xp 00000000 08:01 5642904    /usr/lib/i386-linux-gnu/libunity-gtk2-parser.so.0.0.0
63271000-63272000 r--p 00012000 08:01 5642904    /usr/lib/i386-linux-gnu/libunity-gtk2-parser.so.0.0.0
63272000-63273000 rw-p 00013000 08:01 5642904    /usr/lib/i386-linux-gnu/libunity-gtk2-parser.so.0.0.0
63273000-63274000 r--s 00000000 08:01 2621524    /var/cache/fontconfig/56cf4f4769d0f4abc89a4895d7bd3ae1-le32d4.cache-4
63274000-63279000 r--s 00051000 08:01 4082798    /home/iftekher/NetBeansProjects/imageProcessing/ass1/dist/run397880369/lib/opencv-310.jar
63279000-6327f000 r--p 00000000 08:01 405307     /home/iftekher/.config/dconf/user
6327f000-6328b000 r-xp 00000000 08:01 5643973    /usr/lib/i386-linux-gnu/gio/modules/libdconfsettings.so
6328b000-6328c000 r--p 0000b000 08:01 5643973    /usr/lib/i386-linux-gnu/gio/modules/libdconfsettings.so
6328c000-6328d000 rw-p 0000c000 08:01 5643973    /usr/lib/i386-linux-gnu/gio/modules/libdconfsettings.so
6328d000-632a0000 r-xp 00000000 08:01 5644298    /usr/lib/i386-linux-gnu/gtk-2.0/modules/liboverlay-scrollbar.so
632a0000-632a2000 r--p 00012000 08:01 5644298    /usr/lib/i386-linux-gnu/gtk-2.0/modules/liboverlay-scrollbar.so
632a2000-632a3000 rw-p 00014000 08:01 5644298    /usr/lib/i386-linux-gnu/gtk-2.0/modules/liboverlay-scrollbar.so
632a3000-632c7000 r-xp 00000000 08:01 6177386    /usr/lib/jvm/java-8-oracle/jre/lib/i386/libglass.so
632c7000-632c9000 rw-p 00024000 08:01 6177386    /usr/lib/jvm/java-8-oracle/jre/lib/i386/libglass.so
632c9000-632fe000 r-xp 00000000 08:01 5642885    /usr/lib/i386-linux-gnu/libtxc_dxtn_s2tc.so.0.0.0
632fe000-632ff000 r--p 00034000 08:01 5642885    /usr/lib/i386-linux-gnu/libtxc_dxtn_s2tc.so.0.0.0
632ff000-63300000 rw-p 00035000 08:01 5642885    /usr/lib/i386-linux-gnu/libtxc_dxtn_s2tc.so.0.0.0
63300000-63500000 rw-p 00000000 00:00 0 
63500000-63700000 rw-p 00000000 00:00 0 
63700000-63900000 rw-p 00000000 00:00 0 
63900000-63a00000 rw-p 00000000 00:00 0 
63a00000-63a01000 r--s 00000000 08:01 2621537    /var/cache/fontconfig/b9d506c9ac06c20b433354fa67a72993-le32d4.cache-4
63a01000-63a0a000 r-xp 00000000 08:01 5642669    /usr/lib/i386-linux-gnu/libpciaccess.so.0.11.1
63a0a000-63a0b000 r--p 00008000 08:01 5642669    /usr/lib/i386-linux-gnu/libpciaccess.so.0.11.1
63a0b000-63a0c000 rw-p 00009000 08:01 5642669    /usr/lib/i386-linux-gnu/libpciaccess.so.0.11.1
63a0c000-63a19000 r-xp 00000000 08:01 5642131    /usr/lib/i386-linux-gnu/libdrm_radeon.so.1.0.1
63a19000-63a1a000 r--p 0000c000 08:01 5642131    /usr/lib/i386-linux-gnu/libdrm_radeon.so.1.0.1
63a1a000-63a1b000 rw-p 0000d000 08:01 5642131    /usr/lib/i386-linux-gnu/libdrm_radeon.so.1.0.1
63a1b000-63a21000 r-xp 00000000 08:01 5642129    /usr/lib/i386-linux-gnu/libdrm_nouveau.so.2.0.0
63a21000-63a22000 r--p 00005000 08:01 5642129    /usr/lib/i386-linux-gnu/libdrm_nouveau.so.2.0.0
63a22000-63a23000 rw-p 00006000 08:01 5642129    /usr/lib/i386-linux-gnu/libdrm_nouveau.so.2.0.0
63a23000-63a46000 r-xp 00000000 08:01 5642127    /usr/lib/i386-linux-gnu/libdrm_intel.so.1.0.0
63a46000-63a47000 r--p 00022000 08:01 5642127    /usr/lib/i386-linux-gnu/libdrm_intel.so.1.0.0
63a47000-63a48000 rw-p 00023000 08:01 5642127    /usr/lib/i386-linux-gnu/libdrm_intel.so.1.0.0
63a48000-64056000 r-xp 00000000 08:01 5644307    /usr/lib/i386-linux-gnu/dri/i965_dri.so
64056000-6406b000 r--p 0060d000 08:01 5644307    /usr/lib/i386-linux-gnu/dri/i965_dri.so
6406b000-64070000 rw-p 00622000 08:01 5644307    /usr/lib/i386-linux-gnu/dri/i965_dri.so
64070000-64075000 rw-p 00000000 00:00 0 
64075000-64089000 r-xp 00000000 08:01 8388710    /lib/i386-linux-gnu/libudev.so.1.6.2
64089000-6408a000 r--p 00013000 08:01 8388710    /lib/i386-linux-gnu/libudev.so.1.6.2
6408a000-6408b000 rw-p 00014000 08:01 8388710    /lib/i386-linux-gnu/libudev.so.1.6.2
6408b000-64092000 r-xp 00000000 08:01 5642082    /usr/lib/i386-linux-gnu/libdatrie.so.1.3.1
64092000-64093000 r--p 00006000 08:01 5642082    /usr/lib/i386-linux-gnu/libdatrie.so.1.3.1
64093000-64094000 rw-p 00007000 08:01 5642082    /usr/lib/i386-linux-gnu/libdatrie.so.1.3.1
64094000-64099000 r-xp 00000000 08:01 5641867    /usr/lib/i386-linux-gnu/libXdmcp.so.6.0.0
64099000-6409a000 r--p 00004000 08:01 5641867    /usr/lib/i386-linux-gnu/libXdmcp.so.6.0.0
6409a000-6409b000 rw-p 00005000 08:01 5641867    /usr/lib/i386-linux-gnu/libXdmcp.so.6.0.0
6409b000-6409d000 r-xp 00000000 08:01 5641856    /usr/lib/i386-linux-gnu/libXau.so.6.0.0
6409d000-6409e000 r--p 00001000 08:01 5641856    /usr/lib/i386-linux-gnu/libXau.so.6.0.0
6409e000-6409f000 rw-p 00002000 08:01 5641856    /usr/lib/i386-linux-gnu/libXau.so.6.0.0
6409f000-640ba000 r-xp 00000000 08:01 5642324    /usr/lib/i386-linux-gnu/libgraphite2.so.3.0.1
640ba000-640bb000 r--p 0001b000 08:01 5642324    /usr/lib/i386-linux-gnu/libgraphite2.so.3.0.1
640bb000-640bc000 rw-p 0001c000 08:01 5642324    /usr/lib/i386-linux-gnu/libgraphite2.so.3.0.1
640bc000-640c9000 r-xp 00000000 08:01 5642125    /usr/lib/i386-linux-gnu/libdrm.so.2.4.0
640c9000-640ca000 r--p 0000c000 08:01 5642125    /usr/lib/i386-linux-gnu/libdrm.so.2.4.0
640ca000-640cb000 rw-p 0000d000 08:01 5642125    /usr/lib/i386-linux-gnu/libdrm.so.2.4.0
640cb000-640cc000 r-xp 00000000 08:01 5643056    /usr/lib/i386-linux-gnu/libxshmfence.so.1.0.0
640cc000-640cd000 r--p 00000000 08:01 5643056    /usr/lib/i386-linux-gnu/libxshmfence.so.1.0.0
640cd000-640ce000 rw-p 00001000 08:01 5643056    /usr/lib/i386-linux-gnu/libxshmfence.so.1.0.0
640ce000-640d3000 r-xp 00000000 08:01 5643038    /usr/lib/i386-linux-gnu/libxcb-sync.so.1.0.0
640d3000-640d4000 r--p 00004000 08:01 5643038    /usr/lib/i386-linux-gnu/libxcb-sync.so.1.0.0
640d4000-640d5000 rw-p 00005000 08:01 5643038    /usr/lib/i386-linux-gnu/libxcb-sync.so.1.0.0
640d5000-640d7000 r-xp 00000000 08:01 5643026    /usr/lib/i386-linux-gnu/libxcb-present.so.0.0.0
640d7000-640d8000 r--p 00001000 08:01 5643026    /usr/lib/i386-linux-gnu/libxcb-present.so.0.0.0
640d8000-640d9000 rw-p 00002000 08:01 5643026    /usr/lib/i386-linux-gnu/libxcb-present.so.0.0.0
640d9000-640dd000 r-xp 00000000 08:01 5643014    /usr/lib/i386-linux-gnu/libxcb-dri2.so.0.0.0
640dd000-640de000 r--p 00003000 08:01 5643014    /usr/lib/i386-linux-gnu/libxcb-dri2.so.0.0.0
640de000-640df000 rw-p 00004000 08:01 5643014    /usr/lib/i386-linux-gnu/libxcb-dri2.so.0.0.0
640df000-640f5000 r-xp 00000000 08:01 5643018    /usr/lib/i386-linux-gnu/libxcb-glx.so.0.0.0
640f5000-640f6000 r--p 00016000 08:01 5643018    /usr/lib/i386-linux-gnu/libxcb-glx.so.0.0.0
640f6000-640f7000 rw-p 00017000 08:01 5643018    /usr/lib/i386-linux-gnu/libxcb-glx.so.0.0.0
640f7000-64108000 r-xp 00000000 08:01 5643288    /usr/lib/i386-linux-gnu/libglapi.so.0.0.0
64108000-6410a000 r--p 00011000 08:01 5643288    /usr/lib/i386-linux-gnu/libglapi.so.0.0.0
6410a000-6410f000 rwxp 00013000 08:01 5643288    /usr/lib/i386-linux-gnu/libglapi.so.0.0.0
6410f000-64110000 rwxp 00000000 00:00 0 
64110000-64180000 r-xp 00000000 08:01 8388706    /lib/i386-linux-gnu/libpcre.so.3.13.1
64180000-64181000 r--p 0006f000 08:01 8388706    /lib/i386-linux-gnu/libpcre.so.3.13.1
64181000-64182000 rw-p 00070000 08:01 8388706    /lib/i386-linux-gnu/libpcre.so.3.13.1
64182000-64189000 r-xp 00000000 08:01 5642175    /usr/lib/i386-linux-gnu/libffi.so.6.0.4
64189000-6418b000 r--p 00006000 08:01 5642175    /usr/lib/i386-linux-gnu/libffi.so.6.0.4
6418b000-6418c000 rw-p 00008000 08:01 5642175    /usr/lib/i386-linux-gnu/libffi.so.6.0.4
6418c000-641b2000 r-xp 00000000 08:01 8389753    /lib/i386-linux-gnu/libexpat.so.1.6.0
641b2000-641b4000 r--p 00026000 08:01 8389753    /lib/i386-linux-gnu/libexpat.so.1.6.0
641b4000-641b5000 rw-p 00028000 08:01 8389753    /lib/i386-linux-gnu/libexpat.so.1.6.0
641b5000-641bd000 r-xp 00000000 08:01 5642864    /usr/lib/i386-linux-gnu/libthai.so.0.2.0
641bd000-641be000 r--p 00007000 08:01 5642864    /usr/lib/i386-linux-gnu/libthai.so.0.2.0
641be000-641bf000 rw-p 00008000 08:01 5642864    /usr/lib/i386-linux-gnu/libthai.so.0.2.0
641bf000-641df000 r-xp 00000000 08:01 5643046    /usr/lib/i386-linux-gnu/libxcb.so.1.1.0
641df000-641e0000 r--p 0001f000 08:01 5643046    /usr/lib/i386-linux-gnu/libxcb.so.1.1.0
641e0000-641e1000 rw-p 00020000 08:01 5643046    /usr/lib/i386-linux-gnu/libxcb.so.1.1.0
641e1000-641e9000 r-xp 00000000 08:01 5643032    /usr/lib/i386-linux-gnu/libxcb-render.so.0.0.0
641e9000-641ea000 r--p 00008000 08:01 5643032    /usr/lib/i386-linux-gnu/libxcb-render.so.0.0.0
641ea000-641eb000 rw-p 00009000 08:01 5643032    /usr/lib/i386-linux-gnu/libxcb-render.so.0.0.0
641eb000-64212000 r-xp 00000000 08:01 5657106    /usr/local/qt_lib/libpng12.so.0.49.0
64212000-64213000 r--p 00026000 08:01 5657106    /usr/local/qt_lib/libpng12.so.0.49.0
64213000-64214000 rw-p 00027000 08:01 5657106    /usr/local/qt_lib/libpng12.so.0.49.0
64214000-642bf000 r-xp 00000000 08:01 5642678    /usr/lib/i386-linux-gnu/libpixman-1.so.0.32.6
642bf000-642c6000 r--p 000aa000 08:01 5642678    /usr/lib/i386-linux-gnu/libpixman-1.so.0.32.6
642c6000-642c7000 rw-p 000b1000 08:01 5642678    /usr/lib/i386-linux-gnu/libpixman-1.so.0.32.6
642c7000-64323000 r-xp 00000000 08:01 5642446    /usr/lib/i386-linux-gnu/libharfbuzz.so.0.937.0
64323000-64324000 r--p 0005b000 08:01 5642446    /usr/lib/i386-linux-gnu/libharfbuzz.so.0.937.0
64324000-64325000 rw-p 0005c000 08:01 5642446    /usr/lib/i386-linux-gnu/libharfbuzz.so.0.937.0
64325000-64339000 r-xp 00000000 08:01 8389873    /lib/i386-linux-gnu/libresolv-2.21.so
64339000-6433b000 r--p 00013000 08:01 8389873    /lib/i386-linux-gnu/libresolv-2.21.so
6433b000-6433c000 rw-p 00015000 08:01 8389873    /lib/i386-linux-gnu/libresolv-2.21.so
6433c000-6433e000 rw-p 00000000 00:00 0 
6433e000-64362000 r-xp 00000000 08:01 8389877    /lib/i386-linux-gnu/libselinux.so.1
64362000-64363000 r--p 00024000 08:01 8389877    /lib/i386-linux-gnu/libselinux.so.1
64363000-64364000 rw-p 00025000 08:01 8389877    /lib/i386-linux-gnu/libselinux.so.1
64364000-64365000 rw-p 00000000 00:00 0 
64365000-6437e000 r-xp 00000000 08:01 8389908    /lib/i386-linux-gnu/libz.so.1.2.8
6437e000-6437f000 r--p 00019000 08:01 8389908    /lib/i386-linux-gnu/libz.so.1.2.8
6437f000-64380000 rw-p 0001a000 08:01 8389908    /lib/i386-linux-gnu/libz.so.1.2.8
64380000-64393000 r-xp 00000000 08:01 5641869    /usr/lib/i386-linux-gnu/libXext.so.6.4.0
64393000-64394000 r--p 00012000 08:01 5641869    /usr/lib/i386-linux-gnu/libXext.so.6.4.0
64394000-64395000 rw-p 00013000 08:01 5641869    /usr/lib/i386-linux-gnu/libXext.so.6.4.0
64395000-6439e000 r-xp 00000000 08:01 5641863    /usr/lib/i386-linux-gnu/libXcursor.so.1.0.2
6439e000-6439f000 r--p 00008000 08:01 5641863    /usr/lib/i386-linux-gnu/libXcursor.so.1.0.2
6439f000-643a0000 rw-p 00009000 08:01 5641863    /usr/lib/i386-linux-gnu/libXcursor.so.1.0.2
643a0000-643b0000 r-xp 00000000 08:01 5641877    /usr/lib/i386-linux-gnu/libXi.so.6.1.0
643b0000-643b1000 r--p 00010000 08:01 5641877    /usr/lib/i386-linux-gnu/libXi.so.6.1.0
643b1000-643b2000 rw-p 00011000 08:01 5641877    /usr/lib/i386-linux-gnu/libXi.so.6.1.0
643b2000-643ce000 r-xp 00000000 08:01 8388624    /lib/i386-linux-gnu/libgcc_s.so.1
643ce000-643cf000 rw-p 0001b000 08:01 8388624    /lib/i386-linux-gnu/libgcc_s.so.1
643cf000-644b8000 r-xp 00000000 08:01 5642842    /usr/lib/i386-linux-gnu/libstdc++.so.6.0.20
644b8000-644bc000 r--p 000e9000 08:01 5642842    /usr/lib/i386-linux-gnu/libstdc++.so.6.0.20
644bc000-644bd000 rw-p 000ed000 08:01 5642842    /usr/lib/i386-linux-gnu/libstdc++.so.6.0.20
644bd000-644c4000 rw-p 00000000 00:00 0 
644c4000-64569000 r-xp 00000000 08:01 5636616    /usr/lib/i386-linux-gnu/mesa/libGL.so.1.2.0
64569000-6456c000 r--p 000a4000 08:01 5636616    /usr/lib/i386-linux-gnu/mesa/libGL.so.1.2.0
6456c000-64571000 rwxp 000a7000 08:01 5636616    /usr/lib/i386-linux-gnu/mesa/libGL.so.1.2.0
64571000-64572000 rwxp 00000000 00:00 0 
64572000-646b9000 r-xp 00000000 08:01 5641852    /usr/lib/i386-linux-gnu/libX11.so.6.3.0
646b9000-646ba000 r--p 00146000 08:01 5641852    /usr/lib/i386-linux-gnu/libX11.so.6.3.0
646ba000-646bc000 rw-p 00147000 08:01 5641852    /usr/lib/i386-linux-gnu/libX11.so.6.3.0
646bc000-646bd000 rw-p 00000000 00:00 0 
646bd000-647e3000 r-xp 00000000 08:01 8389761    /lib/i386-linux-gnu/libglib-2.0.so.0.4400.1
647e3000-647e4000 r--p 00125000 08:01 8389761    /lib/i386-linux-gnu/libglib-2.0.so.0.4400.1
647e4000-647e5000 rw-p 00126000 08:01 8389761    /lib/i386-linux-gnu/libglib-2.0.so.0.4400.1
647e5000-64840000 r-xp 00000000 08:01 5636522    /usr/lib/i386-linux-gnu/libgobject-2.0.so.0.4400.1
64840000-64841000 r--p 0005b000 08:01 5636522    /usr/lib/i386-linux-gnu/libgobject-2.0.so.0.4400.1
64841000-64842000 rw-p 0005c000 08:01 5636522    /usr/lib/i386-linux-gnu/libgobject-2.0.so.0.4400.1
64842000-648ed000 r-xp 00000000 08:01 5636403    /usr/lib/i386-linux-gnu/libfreetype.so.6.11.1
648ed000-648f1000 r--p 000aa000 08:01 5636403    /usr/lib/i386-linux-gnu/libfreetype.so.6.11.1
648f1000-648f2000 rw-p 000ae000 08:01 5636403    /usr/lib/i386-linux-gnu/libfreetype.so.6.11.1
648f2000-64942000 r-xp 00000000 08:01 5642653    /usr/lib/i386-linux-gnu/libpango-1.0.so.0.3600.8
64942000-64943000 r--p 00050000 08:01 5642653    /usr/lib/i386-linux-gnu/libpango-1.0.so.0.3600.8
64943000-64944000 rw-p 00051000 08:01 5642653    /usr/lib/i386-linux-gnu/libpango-1.0.so.0.3600.8
64944000-64a87000 r-xp 00000000 08:01 5642003    /usr/lib/i386-linux-gnu/libcairo.so.2.11400.2
64a87000-64a89000 r--p 00143000 08:01 5642003    /usr/lib/i386-linux-gnu/libcairo.so.2.11400.2
64a89000-64a8a000 rw-p 00145000 08:01 5642003    /usr/lib/i386-linux-gnu/libcairo.so.2.11400.2
64a8a000-64a8b000 rw-p 00000000 00:00 0 
64a8b000-64c44000 r-xp 00000000 08:01 5636501    /usr/lib/i386-linux-gnu/libgio-2.0.so.0.4400.1
64c44000-64c47000 r--p 001b8000 08:01 5636501    /usr/lib/i386-linux-gnu/libgio-2.0.so.0.4400.1
64c47000-64c49000 rw-p 001bb000 08:01 5636501    /usr/lib/i386-linux-gnu/libgio-2.0.so.0.4400.1
64c49000-64c4a000 rw-p 00000000 00:00 0 
64c4a000-64d07000 r-xp 00000000 08:01 5642252    /usr/lib/i386-linux-gnu/libgdk-x11-2.0.so.0.2400.27
64d07000-64d09000 r--p 000bd000 08:01 5642252    /usr/lib/i386-linux-gnu/libgdk-x11-2.0.so.0.2400.27
64d09000-64d0a000 rw-p 000bf000 08:01 5642252    /usr/lib/i386-linux-gnu/libgdk-x11-2.0.so.0.2400.27
64d0a000-651f8000 r-xp 00000000 08:01 5642421    /usr/lib/i386-linux-gnu/libgtk-x11-2.0.so.0.2400.27
651f8000-651fc000 r--p 004ee000 08:01 5642421    /usr/lib/i386-linux-gnu/libgtk-x11-2.0.so.0.2400.27
651fc000-651fe000 rw-p 004f2000 08:01 5642421    /usr/lib/i386-linux-gnu/libgtk-x11-2.0.so.0.2400.27
651fe000-65200000 rw-p 00000000 00:00 0 
65200000-65300000 rw-p 00000000 00:00 0 
65300000-65301000 r--s 00000000 08:01 2621523    /var/cache/fontconfig/551ecf3b0e8b0bca0f25c0944f561853-le32d4.cache-4
65301000-65303000 r-xp 00000000 08:01 5643016    /usr/lib/i386-linux-gnu/libxcb-dri3.so.0.0.0
65303000-65304000 r--p 00001000 08:01 5643016    /usr/lib/i386-linux-gnu/libxcb-dri3.so.0.0.0
65304000-65305000 rw-p 00002000 08:01 5643016    /usr/lib/i386-linux-gnu/libxcb-dri3.so.0.0.0
65305000-65307000 r-xp 00000000 08:01 5643036    /usr/lib/i386-linux-gnu/libxcb-shm.so.0.0.0
65307000-65308000 r--p 00001000 08:01 5643036    /usr/lib/i386-linux-gnu/libxcb-shm.so.0.0.0
65308000-65309000 rw-p 00002000 08:01 5643036    /usr/lib/i386-linux-gnu/libxcb-shm.so.0.0.0
65309000-6534a000 r-xp 00000000 08:01 5642189    /usr/lib/i386-linux-gnu/libfontconfig.so.1.8.0
6534a000-6534b000 r--p 00040000 08:01 5642189    /usr/lib/i386-linux-gnu/libfontconfig.so.1.8.0
6534b000-6534c000 rw-p 00041000 08:01 5642189    /usr/lib/i386-linux-gnu/libfontconfig.so.1.8.0
6534c000-65372000 r-xp 00000000 08:01 5645921    /usr/lib/i386-linux-gnu/libgdk_pixbuf-2.0.so.0.3100.3
65372000-65373000 r--p 00026000 08:01 5645921    /usr/lib/i386-linux-gnu/libgdk_pixbuf-2.0.so.0.3100.3
65373000-65374000 rw-p 00027000 08:01 5645921    /usr/lib/i386-linux-gnu/libgdk_pixbuf-2.0.so.0.3100.3
65374000-65377000 ---p 00000000 00:00 0 
65377000-653c5000 rwxp 00000000 00:00 0 
653c5000-6545a000 r--s 01103000 08:01 6298961    /usr/lib/jvm/java-8-oracle/jre/lib/ext/jfxrt.jar
6545a000-6545b000 ---p 00000000 00:00 0 
6545b000-654db000 rwxp 00000000 00:00 0 
654db000-654de000 ---p 00000000 00:00 0 
654de000-6552c000 rwxp 00000000 00:00 0 
6552c000-6552f000 ---p 00000000 00:00 0 
6552f000-655ad000 rwxp 00000000 00:00 0 
655ad000-655b0000 ---p 00000000 00:00 0 
655b0000-6562e000 rwxp 00000000 00:00 0 
6562e000-65631000 ---p 00000000 00:00 0 
65631000-656af000 rwxp 00000000 00:00 0 
656af000-656b2000 ---p 00000000 00:00 0 
656b2000-65700000 rwxp 00000000 00:00 0 
65700000-65900000 r--p 00000000 08:01 5645151    /usr/lib/locale/locale-archive
65900000-65921000 rw-p 00000000 00:00 0 
65921000-65a00000 ---p 00000000 00:00 0 
65a00000-65af9000 rw-p 00000000 00:00 0 
65af9000-65b00000 ---p 00000000 00:00 0 
65b00000-65b01000 r--s 00000000 08:01 2621512    /var/cache/fontconfig/0c9eb80ebd1c36541ebe2852d3bb0c49-le32d4.cache-4
65b01000-65b03000 r-xp 00000000 08:01 5641865    /usr/lib/i386-linux-gnu/libXdamage.so.1.1.0
65b03000-65b04000 r--p 00001000 08:01 5641865    /usr/lib/i386-linux-gnu/libXdamage.so.1.1.0
65b04000-65b05000 rw-p 00002000 08:01 5641865    /usr/lib/i386-linux-gnu/libXdamage.so.1.1.0
65b05000-65b0e000 r-xp 00000000 08:01 5641889    /usr/lib/i386-linux-gnu/libXrandr.so.2.2.0
65b0e000-65b0f000 r--p 00008000 08:01 5641889    /usr/lib/i386-linux-gnu/libXrandr.so.2.2.0
65b0f000-65b10000 rw-p 00009000 08:01 5641889    /usr/lib/i386-linux-gnu/libXrandr.so.2.2.0
65b10000-65b1a000 r-xp 00000000 08:01 5641891    /usr/lib/i386-linux-gnu/libXrender.so.1.3.0
65b1a000-65b1b000 r--p 00009000 08:01 5641891    /usr/lib/i386-linux-gnu/libXrender.so.1.3.0
65b1b000-65b1c000 rw-p 0000a000 08:01 5641891    /usr/lib/i386-linux-gnu/libXrender.so.1.3.0
65b1c000-65b5e000 r--p 00858000 08:01 5645151    /usr/lib/locale/locale-archive
65b5e000-65b61000 ---p 00000000 00:00 0 
65b61000-65baf000 rwxp 00000000 00:00 0 
65baf000-65bb2000 ---p 00000000 00:00 0 
65bb2000-65c00000 rwxp 00000000 00:00 0 
65c00000-65cfb000 rw-p 00000000 00:00 0 
65cfb000-65d00000 ---p 00000000 00:00 0 
65d00000-65d02000 r-xp 00000000 08:01 5641861    /usr/lib/i386-linux-gnu/libXcomposite.so.1.0.0
65d02000-65d03000 r--p 00001000 08:01 5641861    /usr/lib/i386-linux-gnu/libXcomposite.so.1.0.0
65d03000-65d04000 rw-p 00002000 08:01 5641861    /usr/lib/i386-linux-gnu/libXcomposite.so.1.0.0
65d04000-65d28000 r-xp 00000000 08:01 5641948    /usr/lib/i386-linux-gnu/libatk-1.0.so.0.21409.1
65d28000-65d2a000 r--p 00023000 08:01 5641948    /usr/lib/i386-linux-gnu/libatk-1.0.so.0.21409.1
65d2a000-65d2b000 rw-p 00025000 08:01 5641948    /usr/lib/i386-linux-gnu/libatk-1.0.so.0.21409.1
65d2b000-65d2c000 ---p 00000000 00:00 0 
65d2c000-65dac000 rwxp 00000000 00:00 0 
65dac000-65dfb000 rw-p 00000000 00:00 0 
65dfb000-65fd4000 r--s 03d1f000 08:01 6177319    /usr/lib/jvm/java-8-oracle/jre/lib/rt.jar
65fd4000-6641a000 rw-p 00000000 00:00 0 
6641a000-66420000 ---p 00000000 00:00 0 
66420000-68700000 rw-p 00000000 00:00 0 
68700000-68800000 rw-p 00000000 00:00 0 
68800000-68802000 r--s 00000000 08:01 2621661    /var/cache/fontconfig/16326683038b281783a0ef8c680e3a10-le32d4.cache-4
68802000-68804000 r-xp 00000000 08:01 5641879    /usr/lib/i386-linux-gnu/libXinerama.so.1.0.0
68804000-68805000 r--p 00001000 08:01 5641879    /usr/lib/i386-linux-gnu/libXinerama.so.1.0.0
68805000-68806000 rw-p 00002000 08:01 5641879    /usr/lib/i386-linux-gnu/libXinerama.so.1.0.0
68806000-6880b000 r-xp 00000000 08:01 5641871    /usr/lib/i386-linux-gnu/libXfixes.so.3.1.0
6880b000-6880c000 r--p 00004000 08:01 5641871    /usr/lib/i386-linux-gnu/libXfixes.so.3.1.0
6880c000-6880d000 rw-p 00005000 08:01 5641871    /usr/lib/i386-linux-gnu/libXfixes.so.3.1.0
6880d000-68822000 r-xp 00000000 08:01 5642657    /usr/lib/i386-linux-gnu/libpangoft2-1.0.so.0.3600.8
68822000-68823000 r--p 00015000 08:01 5642657    /usr/lib/i386-linux-gnu/libpangoft2-1.0.so.0.3600.8
68823000-68824000 rw-p 00016000 08:01 5642657    /usr/lib/i386-linux-gnu/libpangoft2-1.0.so.0.3600.8
68824000-6887f000 rw-p 00000000 00:00 0 
6887f000-68880000 ---p 00000000 00:00 0 
68880000-68900000 rwxp 00000000 00:00 0 
68900000-68921000 rw-p 00000000 00:00 0 
68921000-68a00000 ---p 00000000 00:00 0 
68a00000-68afc000 rw-p 00000000 00:00 0 
68afc000-68b00000 ---p 00000000 00:00 0 
68b00000-68bfe000 rw-p 00000000 00:00 0 
68bfe000-68c00000 ---p 00000000 00:00 0 
68c00000-68c01000 r-xp 00000000 08:01 5641850    /usr/lib/i386-linux-gnu/libX11-xcb.so.1.0.0
68c01000-68c02000 r--p 00000000 08:01 5641850    /usr/lib/i386-linux-gnu/libX11-xcb.so.1.0.0
68c02000-68c03000 rw-p 00001000 08:01 5641850    /usr/lib/i386-linux-gnu/libX11-xcb.so.1.0.0
68c03000-68c0f000 r-xp 00000000 08:01 5642655    /usr/lib/i386-linux-gnu/libpangocairo-1.0.so.0.3600.8
68c0f000-68c10000 r--p 0000b000 08:01 5642655    /usr/lib/i386-linux-gnu/libpangocairo-1.0.so.0.3600.8
68c10000-68c11000 rw-p 0000c000 08:01 5642655    /usr/lib/i386-linux-gnu/libpangocairo-1.0.so.0.3600.8
68c11000-68c14000 r-xp 00000000 08:01 6177340    /usr/lib/jvm/java-8-oracle/jre/lib/i386/libjavafx_font.so
68c14000-68c15000 rw-p 00002000 08:01 6177340    /usr/lib/jvm/java-8-oracle/jre/lib/i386/libjavafx_font.so
68c15000-68c1a000 r-xp 00000000 08:01 5644295    /usr/lib/i386-linux-gnu/gtk-2.0/modules/libcanberra-gtk-module.so
68c1a000-68c1b000 r--p 00004000 08:01 5644295    /usr/lib/i386-linux-gnu/gtk-2.0/modules/libcanberra-gtk-module.so
68c1b000-68c1c000 rw-p 00005000 08:01 5644295    /usr/lib/i386-linux-gnu/gtk-2.0/modules/libcanberra-gtk-module.so
68c1c000-68c21000 r-xp 00000000 08:01 5644299    /usr/lib/i386-linux-gnu/gtk-2.0/modules/libunity-gtk-module.so
68c21000-68c22000 r--p 00004000 08:01 5644299    /usr/lib/i386-linux-gnu/gtk-2.0/modules/libunity-gtk-module.so
68c22000-68c23000 rw-p 00005000 08:01 5644299    /usr/lib/i386-linux-gnu/gtk-2.0/modules/libunity-gtk-module.so
68c23000-68c2b000 rw-s 00000000 00:05 122031     /drm mm object (deleted)
68c2b000-68c43000 rw-p 00000000 00:00 0 
68c43000-68c44000 ---p 00000000 00:00 0 
68c44000-68cc4000 rwxp 00000000 00:00 0 
68cc4000-68cd9000 rw-p 00000000 00:00 0 
68cd9000-68e0f000 ---p 00000000 00:00 0 
68e0f000-68e24000 rw-p 00000000 00:00 0 
68e24000-68f59000 ---p 00000000 00:00 0 
68f59000-68f67000 rw-p 00000000 00:00 0 
68f67000-68fff000 ---p 00000000 00:00 0 
68fff000-6b980000 rw-p 00000000 00:00 0 
6b980000-92580000 ---p 00000000 00:00 0 
92580000-93ec0000 rw-p 00000000 00:00 0 
93ec0000-a7000000 ---p 00000000 00:00 0 
a7000000-a7001000 r--s 00000000 08:01 2621644    /var/cache/fontconfig/e0aa53bcfa504e64f87823c16bc01eb6-le32d4.cache-4
a7002000-a7007000 r-xp 00000000 08:01 5641897    /usr/lib/i386-linux-gnu/libXtst.so.6.1.0
a7007000-a7008000 r--p 00004000 08:01 5641897    /usr/lib/i386-linux-gnu/libXtst.so.6.1.0
a7008000-a7009000 rw-p 00005000 08:01 5641897    /usr/lib/i386-linux-gnu/libXtst.so.6.1.0
a7009000-a700a000 ---p 00000000 00:00 0 
a700a000-a708a000 rwxp 00000000 00:00 0 
a708a000-a708b000 ---p 00000000 00:00 0 
a708b000-a710b000 rwxp 00000000 00:00 0 
a710b000-a711c000 rw-p 00000000 00:00 0 
a711c000-a74cb000 ---p 00000000 00:00 0 
a74cb000-a7903000 rwxp 00000000 00:00 0 
a7903000-b64cb000 ---p 00000000 00:00 0 
b64cb000-b64e4000 r-xp 00000000 08:01 6177349    /usr/lib/jvm/java-8-oracle/jre/lib/i386/libzip.so
b64e4000-b64e5000 rw-p 00019000 08:01 6177349    /usr/lib/jvm/java-8-oracle/jre/lib/i386/libzip.so
b64e5000-b64f1000 r-xp 00000000 08:01 8389820    /lib/i386-linux-gnu/libnss_files-2.21.so
b64f1000-b64f2000 r--p 0000b000 08:01 8389820    /lib/i386-linux-gnu/libnss_files-2.21.so
b64f2000-b64f3000 rw-p 0000c000 08:01 8389820    /lib/i386-linux-gnu/libnss_files-2.21.so
b64f3000-b64fe000 r-xp 00000000 08:01 8389830    /lib/i386-linux-gnu/libnss_nis-2.21.so
b64fe000-b64ff000 r--p 0000a000 08:01 8389830    /lib/i386-linux-gnu/libnss_nis-2.21.so
b64ff000-b6500000 rw-p 0000b000 08:01 8389830    /lib/i386-linux-gnu/libnss_nis-2.21.so
b6500000-b65fb000 rw-p 00000000 00:00 0 
b65fb000-b6600000 ---p 00000000 00:00 0 
b6600000-b6604000 r-xp 00000000 08:01 5641907    /usr/lib/i386-linux-gnu/libXxf86vm.so.1.0.0
b6604000-b6605000 r--p 00004000 08:01 5641907    /usr/lib/i386-linux-gnu/libXxf86vm.so.1.0.0
b6605000-b6606000 rw-p 00005000 08:01 5641907    /usr/lib/i386-linux-gnu/libXxf86vm.so.1.0.0
b6606000-b6607000 r-xp 00000000 08:01 5636479    /usr/lib/i386-linux-gnu/libgthread-2.0.so.0.4400.1
b6607000-b6608000 r--p 00000000 08:01 5636479    /usr/lib/i386-linux-gnu/libgthread-2.0.so.0.4400.1
b6608000-b6609000 rw-p 00001000 08:01 5636479    /usr/lib/i386-linux-gnu/libgthread-2.0.so.0.4400.1
b6609000-b6620000 r-xp 00000000 08:01 8389814    /lib/i386-linux-gnu/libnsl-2.21.so
b6620000-b6621000 r--p 00016000 08:01 8389814    /lib/i386-linux-gnu/libnsl-2.21.so
b6621000-b6622000 rw-p 00017000 08:01 8389814    /lib/i386-linux-gnu/libnsl-2.21.so
b6622000-b6624000 rw-p 00000000 00:00 0 
b6624000-b6625000 r--s 00000000 00:29 45002      /run/user/1000/dconf/user
b6625000-b6628000 r-xp 00000000 08:01 5636519    /usr/lib/i386-linux-gnu/libgmodule-2.0.so.0.4400.1
b6628000-b6629000 r--p 00002000 08:01 5636519    /usr/lib/i386-linux-gnu/libgmodule-2.0.so.0.4400.1
b6629000-b662a000 rw-p 00003000 08:01 5636519    /usr/lib/i386-linux-gnu/libgmodule-2.0.so.0.4400.1
b662a000-b6635000 r-xp 00000000 08:01 6177358    /usr/lib/jvm/java-8-oracle/jre/lib/i386/libprism_es2.so
b6635000-b6636000 rw-p 0000a000 08:01 6177358    /usr/lib/jvm/java-8-oracle/jre/lib/i386/libprism_es2.so
b6636000-b663e000 rw-s 00000000 08:01 4082809    /tmp/hsperfdata_iftekher/6588
b663e000-b6662000 r-xp 00000000 08:01 6177364    /usr/lib/jvm/java-8-oracle/jre/lib/i386/libjava.so
b6662000-b6663000 rw-p 00023000 08:01 6177364    /usr/lib/jvm/java-8-oracle/jre/lib/i386/libjava.so
b6663000-b666a000 r-xp 00000000 08:01 8389875    /lib/i386-linux-gnu/librt-2.21.so
b666a000-b666b000 r--p 00006000 08:01 8389875    /lib/i386-linux-gnu/librt-2.21.so
b666b000-b666c000 rw-p 00007000 08:01 8389875    /lib/i386-linux-gnu/librt-2.21.so
b666c000-b666f000 ---p 00000000 00:00 0 
b666f000-b66bd000 rwxp 00000000 00:00 0 
b66bd000-b6708000 r-xp 00000000 08:01 8389793    /lib/i386-linux-gnu/libm-2.21.so
b6708000-b6709000 r--p 0004a000 08:01 8389793    /lib/i386-linux-gnu/libm-2.21.so
b6709000-b670a000 rw-p 0004b000 08:01 8389793    /lib/i386-linux-gnu/libm-2.21.so
b670a000-b708d000 r-xp 00000000 08:01 6177370    /usr/lib/jvm/java-8-oracle/jre/lib/i386/server/libjvm.so
b708d000-b70fa000 rw-p 00983000 08:01 6177370    /usr/lib/jvm/java-8-oracle/jre/lib/i386/server/libjvm.so
b70fa000-b7523000 rw-p 00000000 00:00 0 
b7523000-b76d7000 r-xp 00000000 08:01 8389734    /lib/i386-linux-gnu/libc-2.21.so
b76d7000-b76da000 r--p 001b3000 08:01 8389734    /lib/i386-linux-gnu/libc-2.21.so
b76da000-b76dc000 rw-p 001b6000 08:01 8389734    /lib/i386-linux-gnu/libc-2.21.so
b76dc000-b76de000 rw-p 00000000 00:00 0 
b76de000-b76e1000 r-xp 00000000 08:01 8389751    /lib/i386-linux-gnu/libdl-2.21.so
b76e1000-b76e2000 r--p 00002000 08:01 8389751    /lib/i386-linux-gnu/libdl-2.21.so
b76e2000-b76e3000 rw-p 00003000 08:01 8389751    /lib/i386-linux-gnu/libdl-2.21.so
b76e3000-b76f7000 r-xp 00000000 08:01 6177401    /usr/lib/jvm/java-8-oracle/jre/lib/i386/jli/libjli.so
b76f7000-b76f8000 rw-p 00014000 08:01 6177401    /usr/lib/jvm/java-8-oracle/jre/lib/i386/jli/libjli.so
b76f8000-b76f9000 rw-p 00000000 00:00 0 
b76f9000-b7712000 r-xp 00000000 08:01 8389867    /lib/i386-linux-gnu/libpthread-2.21.so
b7712000-b7713000 r--p 00018000 08:01 8389867    /lib/i386-linux-gnu/libpthread-2.21.so
b7713000-b7714000 rw-p 00019000 08:01 8389867    /lib/i386-linux-gnu/libpthread-2.21.so
b7714000-b7716000 rw-p 00000000 00:00 0 
b7716000-b7717000 r--s 00001000 08:01 4082795    /home/iftekher/NetBeansProjects/imageProcessing/ass1/dist/run397880369/cctvAnalization.jar
b7717000-b7718000 r--p 005e0000 08:01 5645151    /usr/lib/locale/locale-archive
b7718000-b7720000 r-xp 00000000 08:01 8389816    /lib/i386-linux-gnu/libnss_compat-2.21.so
b7720000-b7721000 r--p 00007000 08:01 8389816    /lib/i386-linux-gnu/libnss_compat-2.21.so
b7721000-b7722000 rw-p 00008000 08:01 8389816    /lib/i386-linux-gnu/libnss_compat-2.21.so
b7722000-b7723000 rw-p 00000000 00:00 0 
b7723000-b7724000 r--p 00000000 00:00 0 
b7724000-b772f000 r-xp 00000000 08:01 6177387    /usr/lib/jvm/java-8-oracle/jre/lib/i386/libverify.so
b772f000-b7730000 rw-p 0000b000 08:01 6177387    /usr/lib/jvm/java-8-oracle/jre/lib/i386/libverify.so
b7730000-b7732000 rw-p 00000000 00:00 0 
b7732000-b7734000 r--p 00000000 00:00 0          [vvar]
b7734000-b7735000 r-xp 00000000 00:00 0          [vdso]
b7735000-b7757000 r-xp 00000000 08:01 8389706    /lib/i386-linux-gnu/ld-2.21.so
b7757000-b7758000 r--p 00021000 08:01 8389706    /lib/i386-linux-gnu/ld-2.21.so
b7758000-b7759000 rw-p 00022000 08:01 8389706    /lib/i386-linux-gnu/ld-2.21.so
bf8db000-bf8dc000 rwxp 00000000 00:00 0 
bf90e000-bf92d000 rwxp 00000000 00:00 0          [stack]
bf92d000-bf92f000 rw-p 00000000 00:00 0 

VM Arguments:
jvm_args: -Dfile.encoding=UTF-8 -Djava.library.path=/home/iftekher/Desktop/opencv.original/build/lib 
java_command: /home/iftekher/NetBeansProjects/imageProcessing/ass1/dist/run397880369/cctvAnalization.jar
java_class_path (initial): /home/iftekher/NetBeansProjects/imageProcessing/ass1/dist/run397880369/cctvAnalization.jar
Launcher Type: SUN_STANDARD

Environment Variables:
JAVA_HOME=/usr/local/java/jdk1.8.0_77
JRE_HOME=/usr/local/java/jre1.8.0_77
PATH=/usr/local/sbin:/usr/local/bin:/usr/sbin:/usr/bin:/sbin:/bin:/usr/games:/usr/local/games:/usr/local/java/jre1.8.0_77/bin:/usr/local/java/jdk1.8.0_77/bin:/usr/local/java/jre1.8.0_77/bin:/usr/local/java/jdk1.8.0_77/bin:/usr/local/java/jre1.8.0_77/bin:/usr/local/java/jdk1.8.0_77/bin:/usr/lib/jvm/java-8-oracle/bin:/usr/lib/jvm/java-8-oracle/db/bin:/usr/lib/jvm/java-8-oracle/jre/bin:/usr/local/java/jre1.8.0_77/bin:/usr/local/java/jdk1.8.0_77/bin:/usr/local/java/jre1.8.0_77/bin:/usr/local/java/jdk1.8.0_77/bin:/usr/local/java/jre1.8.0_77/bin:/usr/local/java/jdk1.8.0_77/bin
LD_LIBRARY_PATH=/usr/lib/jvm/java-8-oracle/jre/lib/amd64:/usr/lib/jvm/java-8-oracle/jre/lib/i386:
SHELL=/bin/bash
DISPLAY=:0.0

Signal Handlers:
SIGSEGV: [libjvm.so+0x8d0a60], sa_mask[0]=11111111011111111101111111111110, sa_flags=SA_RESTART|SA_SIGINFO
SIGBUS: [libjvm.so+0x8d0a60], sa_mask[0]=11111111011111111101111111111110, sa_flags=SA_RESTART|SA_SIGINFO
SIGFPE: [libjvm.so+0x7503b0], sa_mask[0]=11111111011111111101111111111110, sa_flags=SA_RESTART|SA_SIGINFO
SIGPIPE: SIG_IGN, sa_mask[0]=00000000000010000000000000000000, sa_flags=SA_RESTART
SIGXFSZ: [libjvm.so+0x7503b0], sa_mask[0]=11111111011111111101111111111110, sa_flags=SA_RESTART|SA_SIGINFO
SIGILL: [libjvm.so+0x7503b0], sa_mask[0]=11111111011111111101111111111110, sa_flags=SA_RESTART|SA_SIGINFO
SIGUSR1: SIG_DFL, sa_mask[0]=00000000000000000000000000000000, sa_flags=none
SIGUSR2: [libjvm.so+0x751a30], sa_mask[0]=00100000000000000000000000000000, sa_flags=SA_RESTART|SA_SIGINFO
SIGHUP: [libjvm.so+0x752ee0], sa_mask[0]=11111111011111111101111111111110, sa_flags=SA_RESTART|SA_SIGINFO
SIGINT: SIG_IGN, sa_mask[0]=00000000000000000000000000000000, sa_flags=none
SIGTERM: [libjvm.so+0x752ee0], sa_mask[0]=11111111011111111101111111111110, sa_flags=SA_RESTART|SA_SIGINFO
SIGQUIT: [libjvm.so+0x752ee0], sa_mask[0]=11111111011111111101111111111110, sa_flags=SA_RESTART|SA_SIGINFO


---------------  S Y S T E M  ---------------

OS:DISTRIB_ID=Ubuntu
DISTRIB_RELEASE=15.04
DISTRIB_CODENAME=vivid
DISTRIB_DESCRIPTION="Ubuntu 15.04"

uname:Linux 3.19.0-65-generic #73-Ubuntu SMP Tue Jun 28 17:02:45 UTC 2016 i686
libc:glibc 2.21 NPTL 2.21 
rlimit: STACK 8192k, CORE 0k, NPROC 31546, NOFILE 65536, AS infinity
load average:4.15 4.17 2.87

/proc/meminfo:
MemTotal:        4058780 kB
MemFree:         1364472 kB
MemAvailable:    2214736 kB
Buffers:          127688 kB
Cached:          1145728 kB
SwapCached:            0 kB
Active:          1924204 kB
Inactive:         638988 kB
Active(anon):    1291564 kB
Inactive(anon):   256712 kB
Active(file):     632640 kB
Inactive(file):   382276 kB
Unevictable:          32 kB
Mlocked:              32 kB
HighTotal:       3200072 kB
HighFree:        1058968 kB
LowTotal:         858708 kB
LowFree:          305504 kB
SwapTotal:       4111356 kB
SwapFree:        4111356 kB
Dirty:              1304 kB
Writeback:             0 kB
AnonPages:       1289840 kB
Mapped:           309340 kB
Shmem:            258504 kB
Slab:              68260 kB
SReclaimable:      45320 kB
SUnreclaim:        22940 kB
KernelStack:        3888 kB
PageTables:        10528 kB
NFS_Unstable:          0 kB
Bounce:                0 kB
WritebackTmp:          0 kB
CommitLimit:     6140744 kB
Committed_AS:    4430016 kB
VmallocTotal:     122880 kB
VmallocUsed:       24220 kB
VmallocChunk:      91476 kB
AnonHugePages:    804864 kB
CmaTotal:              0 kB
CmaFree:               0 kB
HugePages_Total:       0
HugePages_Free:        0
HugePages_Rsvd:        0
HugePages_Surp:        0
Hugepagesize:       2048 kB
DirectMap4k:       47096 kB
DirectMap2M:      866304 kB


CPU:total 4 (2 cores per cpu, 2 threads per core) family 6 model 61 stepping 4, cmov, cx8, fxsr, mmx, sse, sse2, sse3, ssse3, sse4.1, sse4.2, popcnt, avx, avx2, aes, clmul, erms, 3dnowpref, lzcnt, ht, tsc, tscinvbit, bmi1, bmi2, adx

/proc/cpuinfo:
processor	: 0
vendor_id	: GenuineIntel
cpu family	: 6
model		: 61
model name	: Intel(R) Core(TM) i3-5010U CPU @ 2.10GHz
stepping	: 4
microcode	: 0x12
cpu MHz		: 2099.917
cache size	: 3072 KB
physical id	: 0
siblings	: 4
core id		: 0
cpu cores	: 2
apicid		: 0
initial apicid	: 0
fdiv_bug	: no
f00f_bug	: no
coma_bug	: no
fpu		: yes
fpu_exception	: yes
cpuid level	: 20
wp		: yes
flags		: fpu vme de pse tsc msr pae mce cx8 apic sep mtrr pge mca cmov pat pse36 clflush dts acpi mmx fxsr sse sse2 ss ht tm pbe nx pdpe1gb rdtscp lm constant_tsc arch_perfmon pebs bts xtopology nonstop_tsc aperfmperf eagerfpu pni pclmulqdq dtes64 monitor ds_cpl vmx est tm2 ssse3 fma cx16 xtpr pdcm pcid sse4_1 sse4_2 x2apic movbe popcnt tsc_deadline_timer aes xsave avx f16c rdrand lahf_lm abm 3dnowprefetch arat epb pln pts dtherm tpr_shadow vnmi flexpriority ept vpid fsgsbase tsc_adjust bmi1 avx2 smep bmi2 erms invpcid rdseed adx smap xsaveopt
bugs		:
bogomips	: 4189.99
clflush size	: 64
cache_alignment	: 64
address sizes	: 39 bits physical, 48 bits virtual
power management:

processor	: 1
vendor_id	: GenuineIntel
cpu family	: 6
model		: 61
model name	: Intel(R) Core(TM) i3-5010U CPU @ 2.10GHz
stepping	: 4
microcode	: 0x12
cpu MHz		: 2099.917
cache size	: 3072 KB
physical id	: 0
siblings	: 4
core id		: 1
cpu cores	: 2
apicid		: 2
initial apicid	: 2
fdiv_bug	: no
f00f_bug	: no
coma_bug	: no
fpu		: yes
fpu_exception	: yes
cpuid level	: 20
wp		: yes
flags		: fpu vme de pse tsc msr pae mce cx8 apic sep mtrr pge mca cmov pat pse36 clflush dts acpi mmx fxsr sse sse2 ss ht tm pbe nx pdpe1gb rdtscp lm constant_tsc arch_perfmon pebs bts xtopology nonstop_tsc aperfmperf eagerfpu pni pclmulqdq dtes64 monitor ds_cpl vmx est tm2 ssse3 fma cx16 xtpr pdcm pcid sse4_1 sse4_2 x2apic movbe popcnt tsc_deadline_timer aes xsave avx f16c rdrand lahf_lm abm 3dnowprefetch arat epb pln pts dtherm tpr_shadow vnmi flexpriority ept vpid fsgsbase tsc_adjust bmi1 avx2 smep bmi2 erms invpcid rdseed adx smap xsaveopt
bugs		:
bogomips	: 4189.99
clflush size	: 64
cache_alignment	: 64
address sizes	: 39 bits physical, 48 bits virtual
power management:

processor	: 2
vendor_id	: GenuineIntel
cpu family	: 6
model		: 61
model name	: Intel(R) Core(TM) i3-5010U CPU @ 2.10GHz
stepping	: 4
microcode	: 0x12
cpu MHz		: 2100.000
cache size	: 3072 KB
physical id	: 0
siblings	: 4
core id		: 0
cpu cores	: 2
apicid		: 1
initial apicid	: 1
fdiv_bug	: no
f00f_bug	: no
coma_bug	: no
fpu		: yes
fpu_exception	: yes
cpuid level	: 20
wp		: yes
flags		: fpu vme de pse tsc msr pae mce cx8 apic sep mtrr pge mca cmov pat pse36 clflush dts acpi mmx fxsr sse sse2 ss ht tm pbe nx pdpe1gb rdtscp lm constant_tsc arch_perfmon pebs bts xtopology nonstop_tsc aperfmperf eagerfpu pni pclmulqdq dtes64 monitor ds_cpl vmx est tm2 ssse3 fma cx16 xtpr pdcm pcid sse4_1 sse4_2 x2apic movbe popcnt tsc_deadline_timer aes xsave avx f16c rdrand lahf_lm abm 3dnowprefetch arat epb pln pts dtherm tpr_shadow vnmi flexpriority ept vpid fsgsbase tsc_adjust bmi1 avx2 smep bmi2 erms invpcid rdseed adx smap xsaveopt
bugs		:
bogomips	: 4189.99
clflush size	: 64
cache_alignment	: 64
address sizes	: 39 bits physical, 48 bits virtual
power management:

processor	: 3
vendor_id	: GenuineIntel
cpu family	: 6
model		: 61
model name	: Intel(R) Core(TM) i3-5010U CPU @ 2.10GHz
stepping	: 4
microcode	: 0x12
cpu MHz		: 2099.917
cache size	: 3072 KB
physical id	: 0
siblings	: 4
core id		: 1
cpu cores	: 2
apicid		: 3
initial apicid	: 3
fdiv_bug	: no
f00f_bug	: no
coma_bug	: no
fpu		: yes
fpu_exception	: yes
cpuid level	: 20
wp		: yes
flags		: fpu vme de pse tsc msr pae mce cx8 apic sep mtrr pge mca cmov pat pse36 clflush dts acpi mmx fxsr sse sse2 ss ht tm pbe nx pdpe1gb rdtscp lm constant_tsc arch_perfmon pebs bts xtopology nonstop_tsc aperfmperf eagerfpu pni pclmulqdq dtes64 monitor ds_cpl vmx est tm2 ssse3 fma cx16 xtpr pdcm pcid sse4_1 sse4_2 x2apic movbe popcnt tsc_deadline_timer aes xsave avx f16c rdrand lahf_lm abm 3dnowprefetch arat epb pln pts dtherm tpr_shadow vnmi flexpriority ept vpid fsgsbase tsc_adjust bmi1 avx2 smep bmi2 erms invpcid rdseed adx smap xsaveopt
bugs		:
bogomips	: 4189.99
clflush size	: 64
cache_alignment	: 64
address sizes	: 39 bits physical, 48 bits virtual
power management:



Memory: 4k page, physical 4058780k(1364472k free), swap 4111356k(4111356k free)

vm_info: Java HotSpot(TM) Server VM (25.91-b14) for linux-x86 JRE (1.8.0_91-b14), built on Apr  1 2016 01:01:13 by "java_re" with gcc 4.3.0 20080428 (Red Hat 4.3.0-8)

time: Thu Jul 21 00:12:35 2016
elapsed time: 12 seconds (0d 0h 0m 12s)

